"../../../Engine/Content/Functions/Engine_MaterialFunctions01/Opacity/CameraDepthFade.uasset" 0
"../../../Engine/Content/EngineMaterials/T_Default_Material_Grid_M.uasset" 1
"../../../Engine/Content/EngineMaterials/T_Default_Material_Grid_N.uasset" 2
"../../../Engine/Content/EngineMaterials/WorldGridMaterial.uasset" 3
"../../../Wizards/Content/StarterContent/Textures/T_Concrete_Poured_D.uasset" 4
"../../../Wizards/Content/StarterContent/Textures/T_Concrete_Poured_N.uasset" 5
"../../../Wizards/Content/StarterContent/Textures/T_MacroVariation.uasset" 6
"../../../Wizards/Content/StarterContent/Textures/T_Perlin_Noise_M.uasset" 7
"../../../Wizards/Content/StarterContent/Materials/M_Concrete_Poured.uasset" 8
"../../../Wizards/Content/StarterContent/Materials/M_Glass.uasset" 9
"../../../Wizards/Content/StarterContent/Textures/T_Rock_Basalt_D.uasset" 10
"../../../Wizards/Content/StarterContent/Textures/T_Rock_Basalt_N.uasset" 11
"../../../Wizards/Content/StarterContent/Materials/M_Rock_Basalt.uasset" 12
"../../../Wizards/Content/StarterContent/Textures/T_Metal_Steel_D.uasset" 13
"../../../Wizards/Content/StarterContent/Textures/T_Tech_Panel_M.uasset" 14
"../../../Wizards/Content/StarterContent/Textures/T_Tech_Panel_N.uasset" 15
"../../../Wizards/Content/StarterContent/Materials/M_Tech_Panel.uasset" 16
"../../../Wizards/Content/FirstPerson/Textures/anat_lava_flow_NRM.uasset" 17
"../../../Wizards/Content/FirstPerson/Textures/childs-glacier-close-up_new_NRM.uasset" 18
"../../../Wizards/Content/FirstPerson/Textures/Lava-shoots-from-an-Icela-004_NRM.uasset" 19
"../../../Wizards/Content/FirstPerson/Textures/obsidiancollecting1_NRM.uasset" 20
"../../../Wizards/Content/StarterContent/Textures/T_Water_N.uasset" 21
"../../../Wizards/Content/StarterContent/Materials/M_Water_Lake2.uasset" 22
"../../../Wizards/Content/StarterContent/Textures/T_Wood_Oak_D.uasset" 23
"../../../Wizards/Content/StarterContent/Textures/T_Wood_Oak_N.uasset" 24
"../../../Wizards/Content/StarterContent/Materials/M_Wood_Oak.uasset" 25
"../../../Engine/Content/BasicShapes/Cube.uasset" 26
"../../../Engine/Content/EngineMaterials/DefaultMaterial.uasset" 27
"../../../Engine/Content/BasicShapes/Sphere.uasset" 28
"../../../Wizards/Content/StarterContent/Textures/T_Fire_SubUV.uasset" 29
"../../../Wizards/Content/StarterContent/Textures/T_Fire_Tiled_D.uasset" 30
"../../../Wizards/Content/StarterContent/Particles/Materials/M_Fire_SubUV.uasset" 31
"../../../Wizards/Content/StarterContent/Textures/T_Smoke_SubUV.uasset" 32
"../../../Wizards/Content/StarterContent/Textures/T_Smoke_Tiled_D.uasset" 33
"../../../Wizards/Content/StarterContent/Particles/Materials/M_smoke_subUV.uasset" 34
"../../../Wizards/Content/FirstPerson/Particles/P_Fire_Projectile.uasset" 35
"../../../Wizards/Content/FirstPerson/Textures/Arrow_Left.uasset" 36
"../../../Wizards/Content/FirstPerson/Textures/Arrow_Right.uasset" 37
"../../../Wizards/Content/FirstPerson/Widgets/Main_Menu.uasset" 38
"../../../Wizards/Content/StarterContent/Materials/M_Basic_Floor.uasset" 39
"../../../Wizards/Content/StarterContent/Architecture/Floor_400x400.uasset" 40
"../../../Wizards/Content/FirstPerson/Maps/main_menu.umap" 41
"../../../Engine/Content/EngineFonts/Roboto.uasset" 42
"../../../Engine/Content/Functions/Engine_MaterialFunctions01/Shading/PowerToRoughness.uasset" 43
"../../../Engine/Content/EngineMaterials/DefaultDiffuse.uasset" 44
"../../../Engine/Content/EngineMaterials/DefaultDeferredDecalMaterial.uasset" 45
"../../../Engine/Content/EngineMaterials/DefaultLightFunctionMaterial.uasset" 46
"../../../Engine/Content/Functions/Engine_MaterialFunctions02/Utility/BreakOutFloat2Components.uasset" 47
"../../../Engine/Content/EngineMaterials/DefaultPostProcessMaterial.uasset" 48
"../../../Engine/Content/EngineResources/DefaultTexture.uasset" 49
"../../../Engine/Content/Functions/Engine_MaterialFunctions02/Texturing/ScreenAlignedUVs.uasset" 50
"../../../Engine/Content/EngineResources/WhiteSquareTexture.uasset" 51
"../../../Engine/Content/EngineMaterials/Widget3DPassThrough.uasset" 52
"../../../Engine/Content/EngineMaterials/Widget3DPassThrough_Translucent.uasset" 53
"../../../Engine/Content/EngineMaterials/Widget3DPassThrough_Translucent_OneSided.uasset" 54
"../../../Engine/Content/EngineMaterials/Widget3DPassThrough_Opaque.uasset" 55
"../../../Engine/Content/EngineMaterials/Widget3DPassThrough_Opaque_OneSided.uasset" 56
"../../../Engine/Content/EngineMaterials/Widget3DPassThrough_Masked.uasset" 57
"../../../Engine/Content/EngineMaterials/Widget3DPassThrough_Masked_OneSided.uasset" 58
"../../../Engine/Content/EditorResources/S_Actor.uasset" 59
"../../../Engine/Content/EditorResources/S_Emitter.uasset" 60
"../../../Engine/Content/EditorResources/SceneManager.uasset" 61
"../../../Engine/Content/EditorResources/Bad.uasset" 62
"../../../Engine/Content/EditorResources/Bkgnd.uasset" 63
"../../../Engine/Content/EditorResources/BkgndHi.uasset" 64
"../../../Engine/Content/EditorMeshes/EditorCube.uasset" 65
"../../../Engine/Content/EditorMeshes/EditorSphere.uasset" 66
"../../../Engine/Content/EditorMeshes/EditorPlane.uasset" 67
"../../../Engine/Content/EditorMeshes/EditorCylinder.uasset" 68
"../../../Engine/Content/Maps/Templates/Thumbnails/Default.uasset" 69
"../../../Engine/Content/EditorMaterials/Thumbnails/SkySphereMaterial.uasset" 70
"../../../Engine/Content/EditorMeshes/EditorSkySphere.uasset" 71
"../../../Engine/Content/EngineMaterials/Grid.uasset" 72
"../../../Engine/Content/EditorMaterials/Thumbnails/FloorPlaneMaterial.uasset" 73
"../../../Engine/Content/MapTemplates/Sky/DaylightAmbientCubemap.uasset" 74
"../../../Engine/Content/EditorMaterials/ParticleSystems/PSysThumbnail_NoImage.uasset" 75
"../../../Engine/Content/EditorMaterials/ParticleSystems/PSysThumbnail_OOD.uasset" 76
"../../../Engine/Content/EditorResources/S_DecalActorIcon.uasset" 77
"../../../Engine/Content/EditorLandscapeResources/LandscapeGizmo_Mat.uasset" 78
"../../../Engine/Content/EditorLandscapeResources/LandscapeGizmo_Mat_Copied.uasset" 79
"../../../Engine/Content/EditorLandscapeResources/LandscapeGizmoHeight_Mat.uasset" 80
"../../../Engine/Content/EditorLandscapeResources/DataLayer.uasset" 81
"../../../Engine/Content/EditorResources/S_Terrain.uasset" 82
"../../../Engine/Content/EditorLandscapeResources/SplineEditorMeshMat.uasset" 83
"../../../Engine/Content/EditorLandscapeResources/SplineEditorMesh.uasset" 84
"../../../Engine/Content/EditorResources/MatineeCam_D.uasset" 85
"../../../Engine/Content/EditorMaterials/MatineeCam_mat.uasset" 86
"../../../Engine/Content/EditorMeshes/MatineeCam_SM.uasset" 87
"../../../Engine/Content/Functions/Engine_MaterialFunctions02/Utility/Sign.uasset" 88
"../../../Engine/Content/Functions/Engine_MaterialFunctions02/Utility/Round.uasset" 89
"../../../Engine/Content/Functions/Engine_MaterialFunctions02/ExampleContent/Textures/flipbook.uasset" 90
"../../../Engine/Content/Functions/Engine_MaterialFunctions02/Texturing/FlipBook.uasset" 91
"../../../Engine/Content/EditorResources/T_EditorHelp.uasset" 92
"../../../Engine/Content/EditorMaterials/HelpActorMaterial.uasset" 93
"../../../Engine/Content/EditorResources/S_ExpoHeightFog.uasset" 94
"../../../Engine/Content/EditorResources/S_NavP.uasset" 95
"../../../Engine/Content/EditorResources/S_Player.uasset" 96
"../../../Engine/Content/EditorResources/LightIcons/SkyLight.uasset" 97
"../../../Engine/Content/EditorResources/S_WindDirectional.uasset" 98
"../../../Engine/Content/EngineDamageTypes/DmgTypeBP_Environmental.uasset" 99
"../../../Engine/Content/EditorResources/LightIcons/S_LightDirectional.uasset" 100
"../../../Engine/Content/EditorResources/LightIcons/S_LightDirectionalMove.uasset" 101
"../../../Engine/Content/EditorResources/LightIcons/S_LightPoint.uasset" 102
"../../../Engine/Content/EditorResources/LightIcons/S_LightPointMove.uasset" 103
"../../../Engine/Content/EditorResources/LightIcons/S_LightSpot.uasset" 104
"../../../Engine/Content/EditorResources/LightIcons/S_LightSpotMove.uasset" 105
"../../../Engine/Content/EditorResources/MatInstActSprite.uasset" 106
"../../../Engine/Content/EditorResources/AI/S_NavLink.uasset" 107
"../../../Engine/Content/EditorResources/S_Note.uasset" 108
"../../../Engine/Content/EngineMeshes/Sphere.uasset" 109
"../../../Engine/Content/EditorResources/S_ReflActorIcon.uasset" 110
"../../../Engine/Content/EditorResources/S_Thruster.uasset" 111
"../../../Engine/Content/EditorResources/S_RadForce.uasset" 112
"../../../Engine/Content/EditorMaterials/TargetIcon.uasset" 113
"../../../Engine/Content/EngineFonts/RobotoDistanceField.uasset" 114
"../../../Engine/Content/EngineMaterials/DefaultTextMaterialOpaque.uasset" 115
"../../../Engine/Content/EditorResources/S_TextRenderActorIcon.uasset" 116
"../../../Engine/Content/EditorResources/S_Trigger.uasset" 117
"../../../Engine/Content/EditorResources/S_VectorFieldVol.uasset" 118
"../../../Engine/Content/EngineResources/GradientTexture0.uasset" 119
"../../../Engine/Content/EditorMaterials/MatineeGroups/MAT_Groups_Float.uasset" 120
"../../../Engine/Content/EditorMaterials/MatineeGroups/MAT_Groups_Director.uasset" 121
"../../../Engine/Content/EditorMaterials/MatineeGroups/MAT_Groups_Event.uasset" 122
"../../../Engine/Content/EditorMaterials/MatineeGroups/MAT_Groups_Anim.uasset" 123
"../../../Engine/Content/EditorMaterials/MatineeGroups/MAT_Groups_Fade.uasset" 124
"../../../Engine/Content/EditorMaterials/MatineeGroups/MAT_Groups_Move.uasset" 125
"../../../Engine/Content/EditorMaterials/MatineeGroups/MAT_Groups_Slomo.uasset" 126
"../../../Engine/Content/EditorMaterials/MatineeGroups/MAT_ColorTrack.uasset" 127
"../../../Engine/Content/EditorMaterials/MAT_Groups_Toggle.uasset" 128
"../../../Engine/Content/EditorMaterials/MatineeGroups/MAT_Groups_AudioMaster.uasset" 129
"../../../Engine/Content/EditorMaterials/MatineeGroups/MAT_Groups_Sound.uasset" 130
"../../../Engine/Content/EditorMaterials/MatineeGroups/MAT_Groups_Vector.uasset" 131
"../../../Engine/Content/EditorMaterials/MAT_Groups_Visibility.uasset" 132
"../../../Engine/Content/EngineResources/DefaultTextureCube.uasset" 133
"../../../Engine/Content/EngineMeshes/Cylinder.uasset" 134
"../../../Engine/Content/EngineTireTypes/DefaultTireType.uasset" 135
"../../../Engine/Content/EditorResources/S_FTest.uasset" 136
"../../../Engine/Content/EngineResources/AICON-Red.uasset" 137
"../../../Engine/Content/EngineResources/AICON-Green.uasset" 138
"../../../Engine/Plugins/2D/Paper2D/Content/PlaceholderTextures/DummySpriteTexture.uasset" 139
"../../../Engine/Plugins/2D/Paper2D/Content/DefaultSpriteMaterial.uasset" 140
"../../../Engine/Plugins/2D/Paper2D/Content/MaskedUnlitSpriteMaterial.uasset" 141
"../../../Engine/Plugins/2D/Paper2D/Content/OpaqueUnlitSpriteMaterial.uasset" 142
"../../../Engine/Plugins/2D/Paper2D/Content/DummySprite.uasset" 143
"../../../Engine/Plugins/2D/Paper2D/Content/DefaultPaperTerrainMaterial.uasset" 144
"../../../Engine/Content/EngineResources/Black.uasset" 145
"../../../Wizards/Content/InfinityBladeEffects/Effects/Masters/M_Add_Sprite_SubUV_Master.uasset" 146
"../../../Wizards/Content/InfinityBladeEffects/Effects/FX_Textures/Lightning/T_Lightning_Radial_4X4.uasset" 147
"../../../Wizards/Content/InfinityBladeEffects/Effects/FX_Materials/Lightning/M_Lightning_Radial_01_Add_2X2_INST.uasset" 148
"../../../Wizards/Content/FirstPerson/Particles/P_Lightning_Projectile.uasset" 149
"../../../Wizards/Content/StarterContent/Materials/M_Basic_Wall.uasset" 150
"../../../Wizards/Content/StarterContent/Shapes/Shape_Sphere.uasset" 151
"../../../Wizards/Content/FirstPerson/Particles/P_Water_Projectile.uasset" 152
"../../../Wizards/Content/InfinityBladeEffects/Effects/Masters/M_Trans_Sprite_SubUV_Master.uasset" 153
"../../../Wizards/Content/InfinityBladeEffects/Effects/FX_Textures/Ice/T_Sparkle_Flakes.uasset" 154
"../../../Wizards/Content/InfinityBladeEffects/Effects/FX_Materials/ICE/M_Snow_01_INST.uasset" 155
"../../../Wizards/Content/InfinityBladeEffects/Effects/FX_Textures/Smoke/T_SmokeBall_01_8_8.uasset" 156
"../../../Wizards/Content/InfinityBladeEffects/Effects/FX_Materials/Smoke/M_Smoke_01_8X8_INST.uasset" 157
"../../../Wizards/Content/FirstPerson/Particles/P_Ice_Projectile.uasset" 158
"../../../Wizards/Content/StarterContent/Textures/T_Ground_Gravel_D.uasset" 159
"../../../Wizards/Content/StarterContent/Textures/T_Ground_Gravel_N.uasset" 160
"../../../Wizards/Content/StarterContent/Materials/M_Ground_Gravel.uasset" 161
"../../../Wizards/Content/InfinityBladeEffects/Effects/Masters/M_Trans_Sprite_SubUV_Master_DepthFade.uasset" 162
"../../../Wizards/Content/InfinityBladeEffects/Effects/FX_Textures/Smoke/T_Smoke_subUV_01.uasset" 163
"../../../Wizards/Content/InfinityBladeEffects/Effects/FX_Materials/Smoke/M_Smoke_02_Trans_6X6_INST.uasset" 164
"../../../Wizards/Content/InfinityBladeEffects/Effects/FX_Meshes/ICE/SM_IceShard_06.uasset" 165
"../../../Wizards/Content/FirstPerson/Particles/P_Earth_Projectile.uasset" 166
"../../../Wizards/Content/InfinityBladeEffects/Effects/FX_Textures/Fire/T_Fire_Shock_01.uasset" 167
"../../../Wizards/Content/InfinityBladeEffects/Effects/FX_Materials/Fire/M_Fire_Shock_01_5x5_SubUV_INST.uasset" 168
"../../../Wizards/Content/InfinityBladeEffects/Effects/Masters/M_Add_Sprite_Master.uasset" 169
"../../../Wizards/Content/InfinityBladeEffects/Effects/FX_Textures/Gradient/T_GlowNoise_01.uasset" 170
"../../../Wizards/Content/InfinityBladeEffects/Effects/FX_Materials/M_Shockwave_03_Add_INST.uasset" 171
"../../../Wizards/Content/FirstPerson/Particles/P_Fire_Blast.uasset" 172
"../../../Wizards/Content/FirstPerson/Particles/P_Lightning_Blast.uasset" 173
"../../../Wizards/Content/StarterContent/Textures/T_Burst_M.uasset" 174
"../../../Wizards/Content/StarterContent/Particles/Materials/M_Burst.uasset" 175
"../../../Wizards/Content/FirstPerson/Particles/P_Water_Blast.uasset" 176
"../../../Engine/Content/EngineMaterials/FlatNormal.uasset" 177
"../../../Wizards/Content/InfinityBladeEffects/Effects/Masters/M_Opaque_MeshEmit_Emis_Master_Surface.uasset" 178
"../../../Wizards/Content/InfinityBladeEffects/Effects/FX_Textures/Ice/T_Ice_Shard_Tiled_D.uasset" 179
"../../../Wizards/Content/InfinityBladeEffects/Effects/FX_Textures/Ice/T_Ice_Shard_Tiled_N.uasset" 180
"../../../Wizards/Content/InfinityBladeEffects/Effects/FX_Materials/ICE/M_IceTrap_Shard_INST.uasset" 181
"../../../Wizards/Content/InfinityBladeEffects/Effects/FX_Meshes/ICE/SM_IceSkill_Chrg_F_00.uasset" 182
"../../../Wizards/Content/FirstPerson/Particles/P_Ice_Blast.uasset" 183
"../../../Wizards/Content/FirstPerson/Particles/P_Earth_Blast.uasset" 184
"../../../Wizards/Content/FirstPerson/Particles/P_Fire_Cone.uasset" 185
"../../../Engine/Content/Functions/Engine_MaterialFunctions02/Utility/BlendAngleCorrectedNormals.uasset" 186
"../../../Engine/Content/Functions/MaterialLayerFunctions/MatLayerBlend_AO.uasset" 187
"../../../Engine/Content/Functions/MaterialLayerFunctions/MatLayerBlend_NormalBlend.uasset" 188
"../../../Engine/Content/Functions/MaterialLayerFunctions/MatLayerBlend_Simple.uasset" 189
"../../../Wizards/Content/FirstPerson/Character/Materials/MaterialLayers/T_ML_Rubber_Blue_01_D.uasset" 190
"../../../Wizards/Content/FirstPerson/Character/Materials/MaterialLayers/T_ML_Rubber_Blue_01_N.uasset" 191
"../../../Wizards/Content/FirstPerson/Character/Materials/MaterialLayers/ML_GlossyBlack_Latex_UE4.uasset" 192
"../../../Wizards/Content/FirstPerson/Character/Materials/MaterialLayers/ML_Plastic_Shiny_Beige.uasset" 193
"../../../Wizards/Content/FirstPerson/Character/Materials/MaterialLayers/ML_Plastic_Shiny_Beige_LOGO.uasset" 194
"../../../Wizards/Content/FirstPerson/Character/Materials/MaterialLayers/T_ML_Aluminum01.uasset" 195
"../../../Wizards/Content/FirstPerson/Character/Materials/MaterialLayers/T_ML_Aluminum01_N.uasset" 196
"../../../Wizards/Content/FirstPerson/Character/Materials/MaterialLayers/ML_SoftMetal_UE4.uasset" 197
"../../../Wizards/Content/FirstPerson/Character/Textures/UE4_Mannequin__normals.uasset" 198
"../../../Wizards/Content/FirstPerson/Character/Textures/UE4_Mannequin_MAT_MASKA.uasset" 199
"../../../Wizards/Content/FirstPerson/Character/Textures/UE4_Mannequin_occlusion_Mobile.uasset" 200
"../../../Wizards/Content/FirstPerson/Character/Materials/M_UE4Man_Body.uasset" 201
"../../../Wizards/Content/FirstPerson/Character/Mesh/SK_Mannequin_Arms_PhysicsAsset.uasset" 202
"../../../Wizards/Content/FirstPerson/Character/Mesh/SK_Mannequin_Arms.uasset" 203
"../../../Wizards/Content/FirstPerson/Character/Mesh/SK_Mannequin_Arms_Skeleton.uasset" 204
"../../../Wizards/Content/FirstPerson/Animations/FirstPerson_JumpEnd.uasset" 205
"../../../Wizards/Content/FirstPerson/Animations/FirstPerson_JumpLoop.uasset" 206
"../../../Wizards/Content/FirstPerson/Animations/FirstPerson_JumpStart.uasset" 207
"../../../Wizards/Content/FirstPerson/Animations/FirstPerson_Idle.uasset" 208
"../../../Wizards/Content/FirstPerson/Animations/FirstPerson_Run.uasset" 209
"../../../Engine/Content/EditorBlueprintResources/StandardMacros.uasset" 210
"../../../Wizards/Content/FirstPerson/Animations/FirstPerson_AnimBP.uasset" 211
"../../../Wizards/Content/FirstPerson/Animations/FirstPerson_Fire.uasset" 212
"../../../Wizards/Content/FirstPerson/Animations/FirstPersonFire_Montage.uasset" 213
"../../../Wizards/Content/GTFreeMaterials/Textures/Metal_BrushedSteel/Metal_BrushedSteel_2k_g.uasset" 214
"../../../Wizards/Content/GTFreeMaterials/Textures/Metal_BrushedSteel/Metal_BrushedSteel_2k_n.uasset" 215
"../../../Wizards/Content/GTFreeMaterials/Textures/Metal_BrushedSteel/Metal_BrushedSteel_2k_s.uasset" 216
"../../../Wizards/Content/GTFreeMaterials/Materials/Metal_BrushedSteel.uasset" 217
"../../../Engine/Content/TemplateResources/M_Template_Master.uasset" 218
"../../../Engine/Content/TemplateResources/MI_Template_BaseOrange.uasset" 219
"../../../Wizards/Content/FirstPerson/Meshes/FirstPersonProjectileMesh.uasset" 220
"../../../Wizards/Content/FirstPerson/Blueprints/FirstPersonProjectile.uasset" 221
"../../../Wizards/Content/FirstPerson/Audio/FirstPersonTemplateWeaponFire02.uasset" 222
"../../../Wizards/Content/FirstPerson/Blueprints/FirstPersonCharacter.uasset" 223
"../../../Wizards/Content/FirstPerson/Textures/FirstPersonCrosshair.uasset" 224
"../../../Engine/Content/EditorSounds/Notifications/CompileSuccess.uasset" 225
"../../../Engine/Content/EditorSounds/Notifications/CompileStart_Cue.uasset" 226
"../../../Engine/Content/EditorSounds/Notifications/CompileSuccess_Cue.uasset" 227
"../../../Engine/Content/EditorSounds/Notifications/CompileFailed.uasset" 228
"../../../Engine/Content/EditorSounds/Notifications/CompileFailed_Cue.uasset" 229
"../../../Engine/Content/BufferVisualization/BaseColor.uasset" 230
"../../../Engine/Content/BufferVisualization/CustomDepth.uasset" 231
"../../../Engine/Content/Functions/Engine_MaterialFunctions02/Utility/MakeFloat2.uasset" 232
"../../../Engine/Content/Functions/Engine_MaterialFunctions02/Utility/MakeFloat3.uasset" 233
"../../../Engine/Content/EngineMaterials/MiniFont.uasset" 234
"../../../Engine/Content/BufferVisualization/CustomStencil.uasset" 235
"../../../Engine/Content/BufferVisualization/DecalMask.uasset" 236
"../../../Engine/Content/BufferVisualization/FinalImage.uasset" 237
"../../../Engine/Content/BufferVisualization/LightingModel.uasset" 238
"../../../Engine/Content/BufferVisualization/MaterialAO.uasset" 239
"../../../Engine/Content/BufferVisualization/Metallic.uasset" 240
"../../../Engine/Content/BufferVisualization/Opacity.uasset" 241
"../../../Engine/Content/BufferVisualization/Roughness.uasset" 242
"../../../Engine/Content/BufferVisualization/SceneColor.uasset" 243
"../../../Engine/Content/BufferVisualization/SceneDepth.uasset" 244
"../../../Engine/Content/BufferVisualization/SeparateTranslucencyRGB.uasset" 245
"../../../Engine/Content/BufferVisualization/SeparateTranslucencyA.uasset" 246
"../../../Engine/Content/BufferVisualization/Specular.uasset" 247
"../../../Engine/Content/BufferVisualization/SubsurfaceColor.uasset" 248
"../../../Engine/Content/BufferVisualization/WorldNormal.uasset" 249
"../../../Engine/Content/EngineMaterials/DefaultPhysicalMaterial.uasset" 250
"../../../Engine/Content/BufferVisualization/AmbientOcclusion.uasset" 251
"../../../Engine/Content/Functions/Engine_MaterialFunctions02/Utility/VectorLength.uasset" 252
"../../../Engine/Content/BufferVisualization/CustomDepthWorldUnits.uasset" 253
"../../../Engine/Content/BufferVisualization/SceneDepthWorldUnits.uasset" 254
"../../../Engine/Plugins/Runtime/LeapMotionController/Content/LM_CapsuleMesh.uasset" 255
"../../../Engine/Plugins/Runtime/LeapMotionController/Content/LM_TorusMesh.uasset" 256
"../../../Engine/Plugins/Runtime/LeapMotionController/Content/LM_HandColor.uasset" 257
"../../../Engine/Plugins/Runtime/LeapMotionController/Content/LM_SampleDistortion.uasset" 258
"../../../Engine/Plugins/Runtime/LeapMotionController/Content/LM_TestTexture.uasset" 259
"../../../Engine/Plugins/Runtime/LeapMotionController/Content/LM_PassthroughMaterial.uasset" 260
"../../../Engine/Content/EngineMaterials/HighResolutionScreenshotMaskFunction.uasset" 261
"../../../Engine/Content/EngineMaterials/HighResScreenshot.uasset" 262
"../../../Engine/Content/EngineMaterials/HighResScreenshotMask.uasset" 263
"../../../Engine/Content/EngineMaterials/HighResScreenshotCaptureRegion.uasset" 264
"../../../Engine/Content/EngineDebugMaterials/WireframeMaterial.uasset" 265
"../../../Engine/Content/Functions/Engine_MaterialFunctions01/Shading/ConvertFromDiffSpec.uasset" 266
"../../../Engine/Content/EngineDebugMaterials/LevelColorationLitMaterial.uasset" 267
"../../../Engine/Content/EngineDebugMaterials/LevelColorationUnlitMaterial.uasset" 268
"../../../Engine/Content/EngineMaterials/DefaultWhiteGrid.uasset" 269
"../../../Engine/Content/EngineDebugMaterials/MAT_LevelColorationLitLightmapUV.uasset" 270
"../../../Engine/Content/EngineDebugMaterials/ShadedLevelColorationLitMaterial.uasset" 271
"../../../Engine/Content/EngineDebugMaterials/ShadedLevelColorationUnlitMateri.uasset" 272
"../../../Engine/Content/EngineDebugMaterials/VertexColorMaterial.uasset" 273
"../../../Engine/Content/EngineDebugMaterials/VertexColorViewMode_ColorOnly.uasset" 274
"../../../Engine/Content/EngineDebugMaterials/VertexColorViewMode_AlphaAsColor.uasset" 275
"../../../Engine/Content/EngineDebugMaterials/VertexColorViewMode_RedOnly.uasset" 276
"../../../Engine/Content/EngineDebugMaterials/VertexColorViewMode_GreenOnly.uasset" 277
"../../../Engine/Content/EngineDebugMaterials/VertexColorViewMode_BlueOnly.uasset" 278
"../../../Engine/Content/EngineMaterials/RemoveSurfaceMaterial.uasset" 279
"../../../Engine/Content/EngineDebugMaterials/DebugMeshMaterial.uasset" 280
"../../../Engine/Content/EngineMaterials/InvalidLightmapSettings.uasset" 281
"../../../Engine/Content/EngineMaterials/M_InvalidLightmapSettings.uasset" 282
"../../../Engine/Content/EditorMaterials/GizmoMaterial.uasset" 283
"../../../Engine/Content/EngineDebugMaterials/GeomMaterial.uasset" 284
"../../../Engine/Content/EngineMaterials/EditorBrushMaterial.uasset" 285
"../../../Engine/Content/EngineDebugMaterials/HeatmapGradient.uasset" 286
"../../../Engine/Content/EngineDebugMaterials/BoneWeightMaterial.uasset" 287
"../../../Engine/Content/EditorMaterials/PreviewShadowIndicator.uasset" 288
"../../../Engine/Content/EditorMaterials/PreviewShadowIndicatorMaterial.uasset" 289
"../../../Engine/Content/EditorMaterials/PhAT_JointLimitMaterial.uasset" 290
"../../../Engine/Content/EditorResources/BSPVertex.uasset" 291
"../../../Engine/Content/EngineMaterials/Good64x64TilingNoiseHighFreq.uasset" 292
"../../../Engine/Content/EngineMaterials/DefaultBokeh.uasset" 293
"../../../Engine/Content/EngineMaterials/PreintegratedSkinBRDF.uasset" 294
"../../../Engine/Content/EngineMaterials/WeightMapPlaceholderTexture.uasset" 295
"../../../Engine/Content/EngineFonts/RobotoTiny.uasset" 296
"../../../Engine/Content/Tutorial/Basics/LevelEditorAttract.uasset" 297
"../../../Engine/Content/Tutorial/Basics/TutorialAssets/icon_tab_Levels_40x.uasset" 298
"../../../Engine/Content/Tutorial/Basics/LevelEditorOverview.uasset" 299
"../../../Engine/Content/Tutorial/Code/AddingCode.uasset" 300
"../../../Engine/Content/Tutorial/SubEditors/StaticMeshEditorTutorial.uasset" 301
"../../../Engine/Content/Tutorial/SubEditors/MaterialEditorTutorial.uasset" 302
"../../../Engine/Content/Tutorial/SubEditors/ParticleSystemEditorTutorial.uasset" 303
"../../../Engine/Content/Tutorial/SubEditors/TutorialAssets/icon_ShowSkeletalMeshes_40x.uasset" 304
"../../../Engine/Content/Tutorial/SubEditors/PersonaAnimBlueprintEditorWalkthrough.uasset" 305
"../../../Engine/Content/Tutorial/SubEditors/PersonaAnimEditorWalkThrough.uasset" 306
"../../../Engine/Content/Tutorial/ContentIntroCurve.uasset" 307
"../../../Engine/Content/EditorMaterials/Cross.uasset" 308
"../../../Engine/Content/EditorMaterials/Cross_Mat.uasset" 309
"../../../Engine/Content/EditorMaterials/PhAT_BoneSelectedMaterial.uasset" 310
"../../../Engine/Content/EditorMaterials/PhAT_ElemSelectedMaterial.uasset" 311
"../../../Engine/Content/EditorMaterials/PhAT_NoCollisionMaterial.uasset" 312
"../../../Engine/Content/EditorMaterials/PhAT_UnselectedMaterial.uasset" 313
"../../../Engine/Content/EditorMaterials/Tick.uasset" 314
"../../../Engine/Content/EditorMaterials/Tick_Mat.uasset" 315
"../../../Engine/Content/EditorMaterials/WidgetGridVertexColorMaterial.uasset" 316
"../../../Engine/Content/EditorMaterials/WidgetGridVertexColorMaterial_Ma.uasset" 317
"../../../Engine/Content/EditorMaterials/WidgetMaterial.uasset" 318
"../../../Engine/Content/EditorMaterials/WidgetMaterial_Current.uasset" 319
"../../../Engine/Content/EditorMaterials/WidgetMaterial_X.uasset" 320
"../../../Engine/Content/EditorMaterials/WidgetMaterial_Y.uasset" 321
"../../../Engine/Content/EditorMaterials/WidgetMaterial_Z.uasset" 322
"../../../Engine/Content/EditorMaterials/WidgetVertexColorMaterial.uasset" 323
"../../../Engine/Content/EditorMaterials/CompositeARGBLayer.uasset" 324
"../../../Engine/Content/EditorMaterials/TilingAALineIntegral.uasset" 325
"../../../Engine/Content/EditorMaterials/TilingAALineBoxFiltered.uasset" 326
"../../../Engine/Content/Functions/Engine_MaterialFunctions03/Procedurals/ComputeFilterWidth.uasset" 327
"../../../Engine/Content/EditorMaterials/TilingAADots.uasset" 328
"../../../Engine/Content/EditorMaterials/Cascade/CASC_Cross.uasset" 329
"../../../Engine/Content/EditorMaterials/Cascade/CASC_None.uasset" 330
"../../../Engine/Content/Functions/Engine_MaterialFunctions03/Blends/Blend_Screen.uasset" 331
"../../../Engine/Content/EditorMaterials/TilingAAGrid.uasset" 332
"../../../Engine/Content/EditorMaterials/LevelGridMaterial.uasset" 333
"../../../Engine/Content/EditorResources/SmallFont.uasset" 334
"../../../Engine/Content/EditorResources/S_KBSJoint.uasset" 335
"../../../Engine/Content/EditorResources/S_KHinge.uasset" 336
"../../../Engine/Content/EditorResources/S_KPrismatic.uasset" 337
"../../../Engine/Content/EditorResources/LightIcons/S_LightError.uasset" 338
"../../../Engine/Content/EditorResources/Spline/T_Loft_Spline.uasset" 339
"../../../Engine/Content/EngineMaterials/BlinkingCaret.uasset" 340
"../../../Engine/Content/EngineMaterials/DefaultNormal.uasset" 341
"../../../Engine/Content/EngineMaterials/Grid_N.uasset" 342
"../../../Engine/Content/EngineMaterials/LandscapeHolePhysicalMaterial.uasset" 343
"../../../Engine/Content/EngineMaterials/PaperDiffuse.uasset" 344
"../../../Engine/Content/EngineMaterials/PaperNormal.uasset" 345
"../../../Engine/Content/EngineMaterials/PhysMat_Rubber.uasset" 346
"../../../Engine/Content/EngineFonts/SmallFont.uasset" 347
"../../../Engine/Content/EngineFonts/TinyFont.uasset" 348
"../../../Engine/Content/EngineResources/StreamingPauseIcon.uasset" 349
"../../../Engine/Content/EngineResources/M_StreamingPause.uasset" 350
"../../../Engine/Content/EditorLandscapeResources/DefaultAlphaTexture.uasset" 351
"../../../Engine/Content/ArtTools/RenderToTexture/Enums/EFloatTypes.uasset" 352
"../../../Engine/Content/ArtTools/RenderToTexture/Macros/RenderToTextureMacros.uasset" 353
"../../../Engine/Content/MobileResources/HUD/MobileHUDButton2_off.uasset" 354
"../../../Engine/Content/EditorResources/EmptyActor.uasset" 355
"../../../Engine/Content/MobileResources/HUD/T_Castle_ThumbstickInner.uasset" 356
"../../../Engine/Content/BasicShapes/Cylinder.uasset" 357
"../../../Engine/Content/BasicShapes/Cone.uasset" 358
"../../../Engine/Content/EditorMaterials/MakeCompositeARGBLayer.uasset" 359
"../../../Engine/Content/EditorResources/LevelGrid1DStripes.uasset" 360
"../../../Engine/Content/EditorMaterials/TextureGridCascaded1D.uasset" 361
"../../../Engine/Content/EditorMaterials/TextureGridCascaded2D.uasset" 362
"../../../Engine/Content/EditorMaterials/LevelGridMaterial2.uasset" 363
"../../../Engine/Content/EngineSky/C_Sky_Cloud_Color.uasset" 364
"../../../Engine/Content/EngineSky/C_Sky_Horizon_Color.uasset" 365
"../../../Engine/Content/EngineSky/C_Sky_Zenith_Color.uasset" 366
"../../../Engine/Content/EngineSky/T_Sky_Blue.uasset" 367
"../../../Engine/Content/EngineSky/T_Sky_Clouds_M.uasset" 368
"../../../Engine/Content/EngineSky/T_Sky_Stars.uasset" 369
"../../../Engine/Content/EngineSky/SM_SkySphere.uasset" 370
"../../../Engine/Content/EngineSky/M_Sky_Panning_Clouds2.uasset" 371
"../../../Engine/Content/EngineSky/BP_Sky_Sphere.uasset" 372
"../../../Engine/Content/ArtTools/RenderToTexture/Enums/RenderToTexture_Imposter_Enum.uasset" 373
"../../../Engine/Content/ArtTools/RenderToTexture/Enums/RenderToTexture_Flipbook_Enum.uasset" 374
"../../../Engine/Content/ArtTools/RenderToTexture/Enums/RenderToTexture_Enum.uasset" 375
"../../../Engine/Content/Tutorial/BlueprintTutorials/TutorialAssets/Tutorial_BP_MacroLib.uasset" 376
"../../../Engine/Content/EditorBlueprintResources/ActorMacros.uasset" 377
"../../../Wizards/Content/StarterContent/Textures/T_Concrete_Tiles_D.uasset" 378
"../../../Wizards/Content/StarterContent/Textures/T_Concrete_Tiles_M.uasset" 379
"../../../Wizards/Content/StarterContent/Textures/T_Concrete_Tiles_N.uasset" 380
"../../../Wizards/Content/StarterContent/Textures/T_Concrete_Tiles_Variation_M.uasset" 381
"../../../Wizards/Content/StarterContent/Materials/M_Concrete_Tiles.uasset" 382
"../../../Wizards/Content/StarterContent/Textures/T_Metal_Steel_N.uasset" 383
"../../../Wizards/Content/StarterContent/Materials/M_Metal_Steel.uasset" 384
"../../../Wizards/Content/StarterContent/Textures/T_Metal_Gold_N.uasset" 385
"../../../Wizards/Content/StarterContent/Textures/T_Rock_Marble_Polished_D.uasset" 386
"../../../Wizards/Content/StarterContent/Materials/M_Rock_Marble_Polished.uasset" 387
"../../../Wizards/Content/StarterContent/Architecture/Pillar_50x500.uasset" 388
"../../../Engine/Content/MobileResources/T_MobileMenu2.uasset" 389
"../../../Engine/Content/MobileResources/HUD/MobileHUDDirectionPad.uasset" 390
"../../../Engine/Content/MobileResources/HUD/MobileHUDButton1_off.uasset" 391
"../../../Engine/Content/MobileResources/HUD/MobileHUDButton3.uasset" 392
"../../../Engine/Content/MobileResources/HUD/MobileHUDDirectionPad3.uasset" 393
"../../../Engine/Content/MobileResources/T_MobileControls_texture.uasset" 394
"../../../Engine/Content/MobileResources/HUD/AnalogHat.uasset" 395
"../../../Engine/Content/MobileResources/HUD/VirtualJoystick_Background.uasset" 396
"../../../Engine/Content/MobileResources/HUD/VirtualJoystick_Thumb.uasset" 397
"../../../Engine/Content/MobileResources/HUD/DefaultVirtualJoysticks.uasset" 398
"../../../Engine/Content/MobileResources/HUD/LeftVirtualJoystickOnly.uasset" 399
"../../../Engine/Content/MobileResources/HUD/MobileHUDButton1_on.uasset" 400
"../../../Engine/Content/MobileResources/HUD/MobileHUDButton2_on.uasset" 401
"../../../Engine/Content/Tutorial/BlueprintTutorials/TutorialAssets/Blueprint_64x.uasset" 402
"../../../Engine/Content/Tutorial/BlueprintTutorials/LevelBlueprintEditorOverview.uasset" 403
"../../../Engine/Content/MobileResources/HUD/MobileHUDButtonFire.uasset" 404
"../../../Engine/Content/MobileResources/HUD/MobileHUDDirectionPad2.uasset" 405
"../../../Engine/Content/MobileResources/HUD/MobileHUDDirectionStick.uasset" 406
"../../../Engine/Content/MobileResources/HUD/T_Castle_ThumbstickOutter.uasset" 407
"../../../Engine/Content/EditorResources/BadBlueprintSprite.uasset" 408
