[2016.03.25-19.45.20:108][  0]Log file open, 03/25/16 12:45:20
[2016.03.25-19.45.20:108][  0]LogInit:Display: Running engine for game: Wizards
[2016.03.25-19.45.20:108][  0]LogPlatformFile: Not using cached read wrapper
[2016.03.25-19.45.20:108][  0]LogInit:Display: RandInit(1996008682) SRandInit(1996008686).
[2016.03.25-19.45.20:108][  0]LogTaskGraph: Started task graph with 4 named threads and 7 total threads.
[2016.03.25-19.45.20:108][  0]LogStats: Stats thread started at 0.081855
[2016.03.25-19.45.20:108][  0]LogInit: Version: 4.10.4-2872498+++depot+UE4-Releases+4.10
[2016.03.25-19.45.20:108][  0]LogInit: API Version: 2758231
[2016.03.25-19.45.20:108][  0]LogInit: Compiled (64-bit): Feb 18 2016 15:47:04
[2016.03.25-19.45.20:108][  0]LogInit: Compiled with Visual C++: 19.00.23026.00
[2016.03.25-19.45.20:108][  0]LogInit: Build Configuration: Development
[2016.03.25-19.45.20:108][  0]LogInit: Branch Name: ++depot+UE4-Releases+4.10
[2016.03.25-19.45.20:108][  0]LogInit: Command line:  /Temp/Autosaves/Game/FirstPerson/Maps/UEDPCmain_menu -game -PIEVIACONSOLE -ResX=1280 -ResY=720  -Multiprocess 
[2016.03.25-19.45.20:108][  0]LogInit: Base directory: C:/Program Files (x86)/Epic Games/4.10/Engine/Binaries/Win64/
[2016.03.25-19.45.20:108][  0]LogInit: Rocket: 1
[2016.03.25-19.45.20:114][  0]LogInit: Using libcurl 7.41.0
[2016.03.25-19.45.20:114][  0]LogInit:  - built for x86_64-pc-win32
[2016.03.25-19.45.20:114][  0]LogInit:  - supports SSL with WinSSL
[2016.03.25-19.45.20:114][  0]LogInit:  - other features:
[2016.03.25-19.45.20:114][  0]LogInit:      CURL_VERSION_SSL
[2016.03.25-19.45.20:114][  0]LogInit:      CURL_VERSION_IPV6
[2016.03.25-19.45.20:114][  0]LogInit:      CURL_VERSION_ASYNCHDNS
[2016.03.25-19.45.20:114][  0]LogInit:      CURL_VERSION_LARGEFILE
[2016.03.25-19.45.20:114][  0]LogInit:      CURL_VERSION_IDN
[2016.03.25-19.45.20:114][  0]LogInit:  CurlRequestOptions (configurable via config and command line):
[2016.03.25-19.45.20:114][  0]LogInit:  - bVerifyPeer = true  - Libcurl will verify peer certificate
[2016.03.25-19.45.20:114][  0]LogInit:  - bUseHttpProxy = false  - Libcurl will NOT use HTTP proxy
[2016.03.25-19.45.20:114][  0]LogInit:  - bDontReuseConnections = false  - Libcurl will reuse connections
[2016.03.25-19.45.20:114][  0]LogInit:  - CertBundlePath = nullptr  - Libcurl will use whatever was configured at build time.
[2016.03.25-19.45.20:120][  0]LogOnline:Display: STEAM: Loading Steam SDK 1.32
[2016.03.25-19.45.20:354][  0]LogInit: WinSock: version 1.1 (2.2), MaxSocks=32767, MaxUdp=65467
[2016.03.25-19.45.20:382][  0]LogInit: Presizing for 0 objects not considered by GC, pre-allocating 0 bytes.
[2016.03.25-19.45.20:391][  0]LogInit: Object subsystem initialized
[2016.03.25-19.45.20:392][  0]LogInit: Selected Device Profile: [Windows]
[2016.03.25-19.45.20:392][  0]LogInit: Applying CVar settings loaded from the selected device profile: [Windows]
[2016.03.25-19.45.20:395][  0]LogInit: Computer: ALPHA
[2016.03.25-19.45.20:395][  0]LogInit: User: Logical
[2016.03.25-19.45.20:395][  0]LogInit: CPU Page size=4096, Cores=4
[2016.03.25-19.45.20:395][  0]LogInit: High frequency timer resolution =4.233085 MHz
[2016.03.25-19.45.20:395][  0]LogMemory: Memory total: Physical=15.9GB (16GB approx)
[2016.03.25-19.45.20:395][  0]LogMemory: Platform Memory Stats for Windows
[2016.03.25-19.45.20:395][  0]LogMemory: Process Physical Memory: 96.70 MB used, 96.70 MB peak
[2016.03.25-19.45.20:395][  0]LogMemory: Process Virtual Memory: 81.11 MB used, 81.11 MB peak
[2016.03.25-19.45.20:395][  0]LogMemory: Physical Memory: 3973.54 MB used, 16282.42 MB total
[2016.03.25-19.45.20:395][  0]LogMemory: Virtual Memory: 476.61 MB used, 8388608.00 MB total
[2016.03.25-19.45.20:453][  0]LogTextLocalizationManager: No specific translations for ('en-US') exist, so ('en') translations will be used.
[2016.03.25-19.45.20:959][  0]LogD3D11RHI: Found D3D11 adapter 0: NVIDIA GeForce GTX 960 (Feature Level 11_0)
[2016.03.25-19.45.20:959][  0]LogD3D11RHI: Adapter has 4011MB of dedicated video memory, 0MB of dedicated system memory, and 7885MB of shared system memory, 1 output[s]
[2016.03.25-19.45.20:959][  0]LogD3D11RHI: Chosen D3D11 Adapter Id = 0
[2016.03.25-19.45.20:966][  0]LogD3D11RHI: !Direct3DDevice
[2016.03.25-19.45.20:966][  0]LogRHI: Texture pool is 1361 MB (70% of 1945 MB)
[2016.03.25-19.45.20:981][  0]LogD3D11RHI: Async texture creation enabled
[2016.03.25-19.45.20:995][  0]LogShaderCompilers: Guid format shader working directory is -8 characters bigger than the processId version (../../../../../../Users/Logical/Documents/Github/wizards/Intermediate/Shaders/WorkingDirectory/5796/).
[2016.03.25-19.45.20:995][  0]LogShaderCompilers: Cleaned the shader compiler working directory 'C:/Users/Logical/AppData/Local/Temp/UnrealShaderWorkingDir/21584C324DBE0B2965796791365B1D46/'.
[2016.03.25-19.45.20:995][  0]LogShaderCompilers:Display: Using Local Shader Compiler.
[2016.03.25-19.45.21:947][  0]LogTemp:Display: Loaded TP AllDesktopTargetPlatform
[2016.03.25-19.45.21:952][  0]LogTemp:Display: Loaded TP WindowsClientTargetPlatform
[2016.03.25-19.45.21:957][  0]LogTemp:Display: Loaded TP WindowsNoEditorTargetPlatform
[2016.03.25-19.45.21:963][  0]LogTemp:Display: Loaded TP WindowsServerTargetPlatform
[2016.03.25-19.45.21:968][  0]LogTemp:Display: Loaded TP WindowsTargetPlatform
[2016.03.25-19.45.21:972][  0]LogTemp:Display: Loaded TP AndroidTargetPlatform
[2016.03.25-19.45.21:976][  0]LogTemp:Display: Loaded TP Android_ASTCTargetPlatform
[2016.03.25-19.45.21:981][  0]LogTemp:Display: Loaded TP Android_ATCTargetPlatform
[2016.03.25-19.45.21:985][  0]LogTemp:Display: Loaded TP Android_DXTTargetPlatform
[2016.03.25-19.45.21:989][  0]LogTemp:Display: Loaded TP Android_ETC1TargetPlatform
[2016.03.25-19.45.21:993][  0]LogTemp:Display: Loaded TP Android_ETC2TargetPlatform
[2016.03.25-19.45.22:001][  0]LogTemp:Display: Loaded TP Android_MultiTargetPlatform
[2016.03.25-19.45.22:001][  0]LogTemp:Display: Loaded TP Android_PVRTCTargetPlatform
[2016.03.25-19.45.22:002][  0]LogTemp:Display: Loaded TP HTML5TargetPlatform
[2016.03.25-19.45.22:022][  0]LogTemp:Display: Loaded TP IOSTargetPlatform
[2016.03.25-19.45.22:026][  0]LogTemp:Display: Loaded TP LinuxNoEditorTargetPlatform
[2016.03.25-19.45.22:030][  0]LogTemp:Display: Loaded TP LinuxServerTargetPlatform
[2016.03.25-19.45.22:034][  0]LogTemp:Display: Loaded TP LinuxTargetPlatform
[2016.03.25-19.45.22:034][  0]LogTargetPlatformManager:Display: Building Assets For Windows
[2016.03.25-19.45.22:129][  0]LogDerivedDataCache:Display: Max Cache Size: 512 MB
[2016.03.25-19.45.22:206][  0]LogDerivedDataCache: Loaded boot cache 0.08s 44MB C:/Users/Logical/AppData/Local/UnrealEngine/4.10/DerivedDataCache/Boot.ddc.
[2016.03.25-19.45.22:206][  0]LogDerivedDataCache:Display: Loaded Boot cache: C:/Users/Logical/AppData/Local/UnrealEngine/4.10/DerivedDataCache/Boot.ddc
[2016.03.25-19.45.22:206][  0]LogDerivedDataCache: FDerivedDataBackendGraph:  Pak pak cache file ../../../../../../Users/Logical/Documents/Github/wizards/DerivedDataCache/DDC.ddp not found, will not use a pak cache.
[2016.03.25-19.45.22:206][  0]LogDerivedDataCache: Unable to find inner node Pak for hierarchical cache Hierarchy.
[2016.03.25-19.45.22:206][  0]LogDerivedDataCache: FDerivedDataBackendGraph:  CompressedPak pak cache file ../../../../../../Users/Logical/Documents/Github/wizards/DerivedDataCache/Compressed.ddp not found, will not use a pak cache.
[2016.03.25-19.45.22:206][  0]LogDerivedDataCache: Unable to find inner node CompressedPak for hierarchical cache Hierarchy.
[2016.03.25-19.45.22:266][  0]LogDerivedDataCache:Display: Pak cache opened for reading ../../../Engine/DerivedDataCache/Compressed.ddp.
[2016.03.25-19.45.22:277][  0]LogDerivedDataCache: Using Local data cache path C:/Users/Logical/AppData/Local/UnrealEngine/Common/DerivedDataCache: Writable
[2016.03.25-19.45.22:595][  0]LogInit: Selected Device Profile: [Windows]
[2016.03.25-19.45.22:595][  0]LogContentStreaming: Texture pool size is 1000.000000MB
[2016.03.25-19.45.22:610][  0]LogMeshUtilities: No automatic mesh reduction module available
[2016.03.25-19.45.22:610][  0]LogMeshUtilities: No automatic mesh merging module available
[2016.03.25-19.45.23:133][  0]LogWindowsMoviePlayer: Unable to load movie: ../../../../../../Users/Logical/Documents/Github/wizards/Content/Movies/Default_Startup.mp4
[2016.03.25-19.45.23:625][  0]SourceControl: Info Source control is disabled
[2016.03.25-19.45.23:625][  0]SourceControl: Info Source control is disabled
[2016.03.25-19.45.23:636][  0]SourceControl: Info Source control is disabled
[2016.03.25-19.45.23:815][  0]LogObj: 31655 objects as part of root set at end of initial load.
[2016.03.25-19.45.23:815][  0]LogUObjectAllocator: 7368440 out of 0 bytes used by permanent object pool.
[2016.03.25-19.45.23:879][  0]LogEngine: Initializing Engine...
[2016.03.25-19.45.23:884][  0]LogHMD: Can't find Oculus library dev build: is proper Runtime installed? Version: 0.8.0.0
[2016.03.25-19.45.23:885][  0]LogHMD: SteamVR failed to initialize.  Err: 110
[2016.03.25-19.45.24:006][  0]LogInit: XAudio2 using 'Speakers (Logitech G930 Headset)' : 2 channels at 44.1 kHz using 16 bits per sample (channel mask 0x3)
[2016.03.25-19.45.24:014][  0]LogInit: FAudioDevice initialized.
[2016.03.25-19.45.24:026][  0]LogInit: Texture streaming: Enabled
[2016.03.25-19.45.24:095][  0]LogNet: Browse: /Temp/Autosaves/Game/FirstPerson/Maps/UEDPCmain_menu?Name=Player
[2016.03.25-19.45.24:095][  0]LogLoad: LoadMap: /Temp/Autosaves/Game/FirstPerson/Maps/UEDPCmain_menu?Name=Player
[2016.03.25-19.45.24:112][  0]LogParticles: Destroying 0 GPU particle simulations for FXSystem 0x00000000143A9D00
[2016.03.25-19.45.24:128][  0]LogMemory: Platform Memory Stats for Windows
[2016.03.25-19.45.24:128][  0]LogMemory: Process Physical Memory: 435.97 MB used, 435.97 MB peak
[2016.03.25-19.45.24:128][  0]LogMemory: Process Virtual Memory: 490.13 MB used, 490.14 MB peak
[2016.03.25-19.45.24:128][  0]LogMemory: Physical Memory: 4268.52 MB used, 16282.42 MB total
[2016.03.25-19.45.24:128][  0]LogMemory: Virtual Memory: 1080.40 MB used, 8388608.00 MB total
[2016.03.25-19.45.24:128][  0]LogMemory: 
[2016.03.25-19.45.24:128][  0]Allocator Stats for TBB: (not implemented)
[2016.03.25-19.45.24:184][  0]LogAIModule: Creating AISystem for world main_menu
[2016.03.25-19.45.24:184][  0]LogWorld: Game class is 'WizardsGameMode'
[2016.03.25-19.45.24:186][  0]LogWorld: Bringing World /Temp/Autosaves/Game/FirstPerson/Maps/UEDPCmain_menu.main_menu up for play (max tick rate 0) at 2016.03.25-12.45.24
[2016.03.25-19.45.24:186][  0]LogWorld: Bringing up level for play took: 0.000619
[2016.03.25-19.45.24:188][  0]LogOnline:Warning: STEAM: Can't start an online game for session (Game) that hasn't been created
[2016.03.25-19.45.24:191][  0]LogInit:Display: Game Engine Initialized.
[2016.03.25-19.45.24:409][  0]LogLoad: Full Startup: 4.94 seconds (BP compile: 0.05 seconds)
[2016.03.25-19.45.24:429][  0]LogOcInput: Can't find Oculus library dev build: is proper Runtime installed? Version: 0.8.0.0
[2016.03.25-19.45.24:539][  2]LogRenderer: Reallocating scene render targets to support 1280x720 (Frame:2).
[2016.03.25-19.46.34:550][262]LogEngine: All Windows Closed
[2016.03.25-19.46.34:550][262]LogWindows: FPlatformMisc::RequestExit(0)
[2016.03.25-19.46.34:895][263]LogExit: Preparing to exit.
[2016.03.25-19.46.34:976][263]LogExit: Game engine shut down
[2016.03.25-19.46.34:978][263]LogParticles: Destroying 0 GPU particle simulations for FXSystem 0x00000000258E7CE0
[2016.03.25-19.46.35:121][263]LogExit: Object subsystem successfully closed.
[2016.03.25-19.46.35:136][263]LogD3D11RHI: Shutdown
[2016.03.25-19.46.35:136][263]LogD3D11RHI: CleanupD3DDevice
[2016.03.25-19.46.35:175][263]LogD3D11RHI: ~FD3D11DynamicRHI
[2016.03.25-19.46.35:184][263]LogModuleManager: Shutting down and abandoning module AndroidDeviceDetection (119)
[2016.03.25-19.46.35:483][263]LogModuleManager: Shutting down and abandoning module AutomationController (118)
[2016.03.25-19.46.35:483][263]LogModuleManager: Shutting down and abandoning module AutomationWorker (117)
[2016.03.25-19.46.35:483][263]LogModuleManager: Shutting down and abandoning module CharacterAI (116)
[2016.03.25-19.46.35:483][263]LogModuleManager: Shutting down and abandoning module AITestSuite (115)
[2016.03.25-19.46.35:483][263]LogModuleManager: Shutting down and abandoning module GameplayDebugger (114)
[2016.03.25-19.46.35:483][263]LogModuleManager: Shutting down and abandoning module AIModule (113)
[2016.03.25-19.46.35:483][263]LogModuleManager: Shutting down and abandoning module MovieSceneCapture (112)
[2016.03.25-19.46.35:483][263]LogModuleManager: Shutting down and abandoning module GameLiveStreaming (111)
[2016.03.25-19.46.35:483][263]LogModuleManager: Shutting down and abandoning module StreamingPauseRendering (110)
[2016.03.25-19.46.35:483][263]LogModuleManager: Shutting down and abandoning module ProfilerService (109)
[2016.03.25-19.46.35:581][263]LogModuleManager: Shutting down and abandoning module TaskGraph (108)
[2016.03.25-19.46.35:581][263]LogModuleManager: Shutting down and abandoning module SlateRemote (107)
[2016.03.25-19.46.35:581][263]LogModuleManager: Shutting down and abandoning module SteamVRController (106)
[2016.03.25-19.46.35:581][263]LogModuleManager: Shutting down and abandoning module SteamVR (105)
[2016.03.25-19.46.35:581][263]LogModuleManager: Shutting down and abandoning module ProceduralMeshComponent (104)
[2016.03.25-19.46.35:581][263]LogModuleManager: Shutting down and abandoning module OculusLibrary (103)
[2016.03.25-19.46.35:581][263]LogModuleManager: Shutting down and abandoning module OculusInput (102)
[2016.03.25-19.46.35:581][263]LogModuleManager: Shutting down and abandoning module LeapMotionController (101)
[2016.03.25-19.46.35:591][263]LogModuleManager: Shutting down and abandoning module CustomMeshComponent (100)
[2016.03.25-19.46.35:591][263]LogModuleManager: Shutting down and abandoning module CableComponent (99)
[2016.03.25-19.46.35:591][263]LogModuleManager: Shutting down and abandoning module ArchVisCharacter (98)
[2016.03.25-19.46.35:591][263]LogModuleManager: Shutting down and abandoning module HTML5Networking (97)
[2016.03.25-19.46.35:591][263]LogModuleManager: Shutting down and abandoning module DesktopPlatform (96)
[2016.03.25-19.46.35:591][263]LogModuleManager: Shutting down and abandoning module DirectoryWatcher (95)
[2016.03.25-19.46.35:591][263]LogModuleManager: Shutting down and abandoning module HotReload (94)
[2016.03.25-19.46.35:591][263]LogModuleManager: Shutting down and abandoning module VisualStudioSourceCodeAccess (93)
[2016.03.25-19.46.35:591][263]LogModuleManager: Shutting down and abandoning module UObjectPlugin (92)
[2016.03.25-19.46.35:591][263]LogModuleManager: Shutting down and abandoning module SubversionSourceControl (91)
[2016.03.25-19.46.35:591][263]LogModuleManager: Shutting down and abandoning module SourceControl (90)
[2016.03.25-19.46.35:591][263]LogModuleManager: Shutting down and abandoning module PerforceSourceControl (89)
[2016.03.25-19.46.35:591][263]LogModuleManager: Shutting down and abandoning module Wizards (88)
[2016.03.25-19.46.35:591][263]LogModuleManager: Shutting down and abandoning module UdpMessaging (87)
[2016.03.25-19.46.35:591][263]LogModuleManager: Shutting down and abandoning module LightPropagationVolumeRuntime (86)
[2016.03.25-19.46.35:591][263]LogModuleManager: Shutting down and abandoning module Paper2D (85)
[2016.03.25-19.46.35:591][263]LogModuleManager: Shutting down and abandoning module WindowsMoviePlayer (84)
[2016.03.25-19.46.35:595][263]LogModuleManager: Shutting down and abandoning module Media (83)
[2016.03.25-19.46.35:595][263]LogModuleManager: Shutting down and abandoning module WmfMedia (82)
[2016.03.25-19.46.35:595][263]LogModuleManager: Shutting down and abandoning module OnlineBlueprintSupport (81)
[2016.03.25-19.46.35:595][263]LogModuleManager: Shutting down and abandoning module GameplayTasksEditor (80)
[2016.03.25-19.46.35:595][263]LogModuleManager: Shutting down and abandoning module PropertyEditor (79)
[2016.03.25-19.46.35:595][263]LogModuleManager: Shutting down and abandoning module BehaviorTreeEditor (78)
[2016.03.25-19.46.35:595][263]LogModuleManager: Shutting down and abandoning module FunctionalTesting (77)
[2016.03.25-19.46.35:595][263]LogModuleManager: Shutting down and abandoning module CollisionAnalyzer (76)
[2016.03.25-19.46.35:595][263]LogModuleManager: Shutting down and abandoning module WorkspaceMenuStructure (75)
[2016.03.25-19.46.35:596][263]LogModuleManager: Shutting down and abandoning module MessageLog (74)
[2016.03.25-19.46.35:596][263]LogModuleManager: Shutting down and abandoning module Sequencer (73)
[2016.03.25-19.46.35:596][263]LogModuleManager: Shutting down and abandoning module AssetTools (72)
[2016.03.25-19.46.35:596][263]LogModuleManager: Shutting down and abandoning module UMGEditor (71)
[2016.03.25-19.46.35:596][263]LogModuleManager: Shutting down and abandoning module UMG (70)
[2016.03.25-19.46.35:596][263]LogModuleManager: Shutting down and abandoning module Slate (69)
[2016.03.25-19.46.35:596][263]LogModuleManager: Shutting down and abandoning module EditorStyle (68)
[2016.03.25-19.46.35:597][263]LogModuleManager: Shutting down and abandoning module SessionServices (67)
[2016.03.25-19.46.35:597][263]LogModuleManager: Shutting down and abandoning module SourceCodeAccess (66)
[2016.03.25-19.46.35:597][263]LogModuleManager: Shutting down and abandoning module HeadMountedDisplay (65)
[2016.03.25-19.46.35:597][263]LogModuleManager: Shutting down and abandoning module XAudio2 (64)
[2016.03.25-19.46.35:597][263]LogModuleManager: Shutting down and abandoning module Networking (63)
[2016.03.25-19.46.35:597][263]LogModuleManager: Shutting down and abandoning module Core (62)
[2016.03.25-19.46.35:597][263]LogModuleManager: Shutting down and abandoning module KismetCompiler (61)
[2016.03.25-19.46.35:597][263]LogModuleManager: Shutting down and abandoning module PhysXFormats (60)
[2016.03.25-19.46.35:597][263]LogModuleManager: Shutting down and abandoning module MeshUtilities (59)
[2016.03.25-19.46.35:597][263]LogModuleManager: Shutting down and abandoning module DerivedDataCache (58)
[2016.03.25-19.46.35:771][263]LogDerivedDataCache: Shutdown
[2016.03.25-19.46.35:771][263]LogModuleManager: Shutting down and abandoning module ShaderFormatOpenGL (57)
[2016.03.25-19.46.35:771][263]LogModuleManager: Shutting down and abandoning module ShaderFormatD3D (56)
[2016.03.25-19.46.35:771][263]LogModuleManager: Shutting down and abandoning module MetalShaderFormat (55)
[2016.03.25-19.46.35:771][263]LogModuleManager: Shutting down and abandoning module TextureFormatUncompressed (54)
[2016.03.25-19.46.35:771][263]LogModuleManager: Shutting down and abandoning module TextureFormatPVR (53)
[2016.03.25-19.46.35:771][263]LogModuleManager: Shutting down and abandoning module TextureFormatIntelISPCTexComp (52)
[2016.03.25-19.46.35:771][263]LogModuleManager: Shutting down and abandoning module TextureFormatDXT (51)
[2016.03.25-19.46.35:771][263]LogModuleManager: Shutting down and abandoning module ImageWrapper (50)
[2016.03.25-19.46.35:771][263]LogModuleManager: Shutting down and abandoning module TextureFormatASTC (49)
[2016.03.25-19.46.35:771][263]LogModuleManager: Shutting down and abandoning module TextureFormatAndroid (48)
[2016.03.25-19.46.35:771][263]LogModuleManager: Shutting down and abandoning module AudioFormatOpus (47)
[2016.03.25-19.46.35:771][263]LogModuleManager: Shutting down and abandoning module AudioFormatOgg (46)
[2016.03.25-19.46.35:771][263]LogModuleManager: Shutting down and abandoning module AudioFormatADPCM (45)
[2016.03.25-19.46.35:771][263]LogModuleManager: Shutting down and abandoning module LinuxTargetPlatform (44)
[2016.03.25-19.46.35:771][263]LogModuleManager: Shutting down and abandoning module LinuxServerTargetPlatform (43)
[2016.03.25-19.46.35:771][263]LogModuleManager: Shutting down and abandoning module LinuxNoEditorTargetPlatform (42)
[2016.03.25-19.46.35:771][263]LogModuleManager: Shutting down and abandoning module Messaging (41)
[2016.03.25-19.46.35:771][263]LogModuleManager: Shutting down and abandoning module IOSTargetPlatform (40)
[2016.03.25-19.46.35:771][263]LogModuleManager: Shutting down and abandoning module HTML5TargetPlatform (39)
[2016.03.25-19.46.35:771][263]LogModuleManager: Shutting down and abandoning module Android_PVRTCTargetPlatform (38)
[2016.03.25-19.46.35:771][263]LogModuleManager: Shutting down and abandoning module Android_MultiTargetPlatform (37)
[2016.03.25-19.46.35:771][263]LogModuleManager: Shutting down and abandoning module Android_ETC2TargetPlatform (36)
[2016.03.25-19.46.35:771][263]LogModuleManager: Shutting down and abandoning module Android_ETC1TargetPlatform (35)
[2016.03.25-19.46.35:771][263]LogModuleManager: Shutting down and abandoning module Android_DXTTargetPlatform (34)
[2016.03.25-19.46.35:771][263]LogModuleManager: Shutting down and abandoning module Android_ATCTargetPlatform (33)
[2016.03.25-19.46.35:771][263]LogModuleManager: Shutting down and abandoning module Android_ASTCTargetPlatform (32)
[2016.03.25-19.46.35:771][263]LogModuleManager: Shutting down and abandoning module AndroidTargetPlatform (31)
[2016.03.25-19.46.35:771][263]LogModuleManager: Shutting down and abandoning module WindowsTargetPlatform (30)
[2016.03.25-19.46.35:771][263]LogModuleManager: Shutting down and abandoning module WindowsServerTargetPlatform (29)
[2016.03.25-19.46.35:771][263]LogModuleManager: Shutting down and abandoning module WindowsNoEditorTargetPlatform (28)
[2016.03.25-19.46.35:771][263]LogModuleManager: Shutting down and abandoning module WindowsClientTargetPlatform (27)
[2016.03.25-19.46.35:771][263]LogModuleManager: Shutting down and abandoning module AllDesktopTargetPlatform (26)
[2016.03.25-19.46.35:771][263]LogModuleManager: Shutting down and abandoning module TargetPlatform (25)
[2016.03.25-19.46.35:771][263]LogModuleManager: Shutting down and abandoning module InputCore (24)
[2016.03.25-19.46.35:771][263]LogModuleManager: Shutting down and abandoning module Settings (23)
[2016.03.25-19.46.35:772][263]LogModuleManager: Shutting down and abandoning module OnlineSubsystem (19)
[2016.03.25-19.46.35:772][263]LogOnline:Display: STEAM: OnlineSubsystemSteam::Shutdown()
[2016.03.25-19.46.35:799][263]LogOnline:Display: Unloading online subsystem: STEAM
[2016.03.25-19.46.35:799][263]LogOnline:Display: STEAM: OnlineSubsystemSteam::Shutdown()
[2016.03.25-19.46.35:799][263]LogModuleManager: Shutting down and abandoning module HTTP (18)
[2016.03.25-19.46.35:799][263]LogModuleManager: Shutting down and abandoning module XMPP (17)
[2016.03.25-19.46.35:799][263]LogModuleManager: Shutting down and abandoning module OculusRift (16)
[2016.03.25-19.46.35:799][263]LogModuleManager: Shutting down and abandoning module ExampleDeviceProfileSelector (15)
[2016.03.25-19.46.35:799][263]LogModuleManager: Shutting down and abandoning module TextureCompressor (14)
[2016.03.25-19.46.35:799][263]LogModuleManager: Shutting down and abandoning module ShaderCore (13)
[2016.03.25-19.46.35:799][263]LogModuleManager: Shutting down and abandoning module Landscape (12)
[2016.03.25-19.46.35:799][263]LogModuleManager: Shutting down and abandoning module SlateRHIRenderer (11)
[2016.03.25-19.46.35:799][263]LogModuleManager: Shutting down and abandoning module OpenGLDrv (10)
[2016.03.25-19.46.35:799][263]LogModuleManager: Shutting down and abandoning module D3D11RHI (9)
[2016.03.25-19.46.35:799][263]LogModuleManager: Shutting down and abandoning module AnimGraphRuntime (8)
[2016.03.25-19.46.35:799][263]LogModuleManager: Shutting down and abandoning module Renderer (7)
[2016.03.25-19.46.35:799][263]LogModuleManager: Shutting down and abandoning module Engine (6)
[2016.03.25-19.46.35:799][263]LogModuleManager: Shutting down and abandoning module CoreUObject (5)
[2016.03.25-19.46.35:799][263]LogModuleManager: Shutting down and abandoning module NetworkFile (4)
[2016.03.25-19.46.35:799][263]LogModuleManager: Shutting down and abandoning module StreamingFile (3)
[2016.03.25-19.46.35:799][263]LogModuleManager: Shutting down and abandoning module SandboxFile (2)
[2016.03.25-19.46.35:799][263]LogModuleManager: Shutting down and abandoning module PakFile (1)
[2016.03.25-19.46.35:800][263]LogExit: Exiting.
[2016.03.25-19.46.35:802][263]Log file closed, 03/25/16 12:46:35
