[2016.04.24-19.33.54:856][  0]Log file open, 04/24/16 12:33:54
[2016.04.24-19.33.54:856][  0]LogInit:Display: Running engine for game: Wizards
[2016.04.24-19.33.54:856][  0]LogPlatformFile: Not using cached read wrapper
[2016.04.24-19.33.54:856][  0]LogInit:Display: RandInit(-1402204822) SRandInit(-1402204821).
[2016.04.24-19.33.54:856][  0]LogTaskGraph: Started task graph with 4 named threads and 7 total threads.
[2016.04.24-19.33.54:856][  0]LogStats: Stats thread started at 0.082469
[2016.04.24-19.33.54:856][  0]LogInit: Version: 4.10.4-2872498+++depot+UE4-Releases+4.10
[2016.04.24-19.33.54:856][  0]LogInit: API Version: 2758231
[2016.04.24-19.33.54:856][  0]LogInit: Compiled (64-bit): Feb 18 2016 15:47:04
[2016.04.24-19.33.54:856][  0]LogInit: Compiled with Visual C++: 19.00.23026.00
[2016.04.24-19.33.54:856][  0]LogInit: Build Configuration: Development
[2016.04.24-19.33.54:856][  0]LogInit: Branch Name: ++depot+UE4-Releases+4.10
[2016.04.24-19.33.54:856][  0]LogInit: Command line:  /Temp/Autosaves/Game/FirstPerson/Multiplayer/Maps/UEDPCmpMainMenu -game -PIEVIACONSOLE -ResX=1280 -ResY=720  -Multiprocess 
[2016.04.24-19.33.54:857][  0]LogInit: Base directory: C:/Program Files (x86)/Epic Games/4.10/Engine/Binaries/Win64/
[2016.04.24-19.33.54:857][  0]LogInit: Rocket: 1
[2016.04.24-19.33.54:864][  0]LogInit: Using libcurl 7.41.0
[2016.04.24-19.33.54:864][  0]LogInit:  - built for x86_64-pc-win32
[2016.04.24-19.33.54:864][  0]LogInit:  - supports SSL with WinSSL
[2016.04.24-19.33.54:864][  0]LogInit:  - other features:
[2016.04.24-19.33.54:864][  0]LogInit:      CURL_VERSION_SSL
[2016.04.24-19.33.54:864][  0]LogInit:      CURL_VERSION_IPV6
[2016.04.24-19.33.54:864][  0]LogInit:      CURL_VERSION_ASYNCHDNS
[2016.04.24-19.33.54:864][  0]LogInit:      CURL_VERSION_LARGEFILE
[2016.04.24-19.33.54:864][  0]LogInit:      CURL_VERSION_IDN
[2016.04.24-19.33.54:864][  0]LogInit:  CurlRequestOptions (configurable via config and command line):
[2016.04.24-19.33.54:864][  0]LogInit:  - bVerifyPeer = true  - Libcurl will verify peer certificate
[2016.04.24-19.33.54:864][  0]LogInit:  - bUseHttpProxy = false  - Libcurl will NOT use HTTP proxy
[2016.04.24-19.33.54:864][  0]LogInit:  - bDontReuseConnections = false  - Libcurl will reuse connections
[2016.04.24-19.33.54:864][  0]LogInit:  - CertBundlePath = nullptr  - Libcurl will use whatever was configured at build time.
[2016.04.24-19.33.54:871][  0]LogOnline:Display: STEAM: Loading Steam SDK 1.32
[2016.04.24-19.33.55:164][  0]LogInit: WinSock: version 1.1 (2.2), MaxSocks=32767, MaxUdp=65467
[2016.04.24-19.33.55:188][  0]LogInit: Presizing for 0 objects not considered by GC, pre-allocating 0 bytes.
[2016.04.24-19.33.55:198][  0]LogInit: Object subsystem initialized
[2016.04.24-19.33.55:200][  0]LogInit: Selected Device Profile: [Windows]
[2016.04.24-19.33.55:200][  0]LogInit: Applying CVar settings loaded from the selected device profile: [Windows]
[2016.04.24-19.33.55:204][  0]LogInit: Computer: ALPHA
[2016.04.24-19.33.55:204][  0]LogInit: User: Logical
[2016.04.24-19.33.55:204][  0]LogInit: CPU Page size=4096, Cores=4
[2016.04.24-19.33.55:204][  0]LogInit: High frequency timer resolution =4.233037 MHz
[2016.04.24-19.33.55:204][  0]LogMemory: Memory total: Physical=15.9GB (16GB approx)
[2016.04.24-19.33.55:204][  0]LogMemory: Platform Memory Stats for Windows
[2016.04.24-19.33.55:204][  0]LogMemory: Process Physical Memory: 98.45 MB used, 98.45 MB peak
[2016.04.24-19.33.55:204][  0]LogMemory: Process Virtual Memory: 80.72 MB used, 80.72 MB peak
[2016.04.24-19.33.55:204][  0]LogMemory: Physical Memory: 11566.79 MB used, 16282.42 MB total
[2016.04.24-19.33.55:204][  0]LogMemory: Virtual Memory: 474.93 MB used, 8388608.00 MB total
[2016.04.24-19.33.55:273][  0]LogTextLocalizationManager: No specific translations for ('en-US') exist, so ('en') translations will be used.
[2016.04.24-19.33.55:792][  0]LogD3D11RHI: Found D3D11 adapter 0: NVIDIA GeForce GTX 960 (Feature Level 11_0)
[2016.04.24-19.33.55:792][  0]LogD3D11RHI: Adapter has 4010MB of dedicated video memory, 0MB of dedicated system memory, and 7885MB of shared system memory, 1 output[s]
[2016.04.24-19.33.55:792][  0]LogD3D11RHI: Chosen D3D11 Adapter Id = 0
[2016.04.24-19.33.55:800][  0]LogD3D11RHI: !Direct3DDevice
[2016.04.24-19.33.55:801][  0]LogRHI: Texture pool is 1361 MB (70% of 1945 MB)
[2016.04.24-19.33.55:812][  0]LogD3D11RHI: Async texture creation enabled
[2016.04.24-19.33.55:827][  0]LogShaderCompilers: Guid format shader working directory is -8 characters bigger than the processId version (../../../../../../Users/Logical/Documents/Github/wizards/Intermediate/Shaders/WorkingDirectory/7044/).
[2016.04.24-19.33.55:827][  0]LogShaderCompilers: Cleaned the shader compiler working directory 'C:/Users/Logical/AppData/Local/Temp/UnrealShaderWorkingDir/3344FE3A4244EC8064DA2E820F8A9973/'.
[2016.04.24-19.33.55:827][  0]LogShaderCompilers:Display: Using Local Shader Compiler.
[2016.04.24-19.33.56:796][  0]LogTemp:Display: Loaded TP AllDesktopTargetPlatform
[2016.04.24-19.33.56:802][  0]LogTemp:Display: Loaded TP WindowsClientTargetPlatform
[2016.04.24-19.33.56:807][  0]LogTemp:Display: Loaded TP WindowsNoEditorTargetPlatform
[2016.04.24-19.33.56:812][  0]LogTemp:Display: Loaded TP WindowsServerTargetPlatform
[2016.04.24-19.33.56:818][  0]LogTemp:Display: Loaded TP WindowsTargetPlatform
[2016.04.24-19.33.56:822][  0]LogTemp:Display: Loaded TP AndroidTargetPlatform
[2016.04.24-19.33.56:825][  0]LogTemp:Display: Loaded TP Android_ASTCTargetPlatform
[2016.04.24-19.33.56:829][  0]LogTemp:Display: Loaded TP Android_ATCTargetPlatform
[2016.04.24-19.33.56:833][  0]LogTemp:Display: Loaded TP Android_DXTTargetPlatform
[2016.04.24-19.33.56:837][  0]LogTemp:Display: Loaded TP Android_ETC1TargetPlatform
[2016.04.24-19.33.56:841][  0]LogTemp:Display: Loaded TP Android_ETC2TargetPlatform
[2016.04.24-19.33.56:850][  0]LogTemp:Display: Loaded TP Android_MultiTargetPlatform
[2016.04.24-19.33.56:850][  0]LogTemp:Display: Loaded TP Android_PVRTCTargetPlatform
[2016.04.24-19.33.56:851][  0]LogTemp:Display: Loaded TP HTML5TargetPlatform
[2016.04.24-19.33.56:869][  0]LogTemp:Display: Loaded TP IOSTargetPlatform
[2016.04.24-19.33.56:873][  0]LogTemp:Display: Loaded TP LinuxNoEditorTargetPlatform
[2016.04.24-19.33.56:877][  0]LogTemp:Display: Loaded TP LinuxServerTargetPlatform
[2016.04.24-19.33.56:881][  0]LogTemp:Display: Loaded TP LinuxTargetPlatform
[2016.04.24-19.33.56:881][  0]LogTargetPlatformManager:Display: Building Assets For Windows
[2016.04.24-19.33.56:979][  0]LogDerivedDataCache:Display: Max Cache Size: 512 MB
[2016.04.24-19.33.57:073][  0]LogDerivedDataCache: Loaded boot cache 0.09s 53MB C:/Users/Logical/AppData/Local/UnrealEngine/4.10/DerivedDataCache/Boot.ddc.
[2016.04.24-19.33.57:073][  0]LogDerivedDataCache:Display: Loaded Boot cache: C:/Users/Logical/AppData/Local/UnrealEngine/4.10/DerivedDataCache/Boot.ddc
[2016.04.24-19.33.57:073][  0]LogDerivedDataCache: FDerivedDataBackendGraph:  Pak pak cache file ../../../../../../Users/Logical/Documents/Github/wizards/DerivedDataCache/DDC.ddp not found, will not use a pak cache.
[2016.04.24-19.33.57:073][  0]LogDerivedDataCache: Unable to find inner node Pak for hierarchical cache Hierarchy.
[2016.04.24-19.33.57:073][  0]LogDerivedDataCache: FDerivedDataBackendGraph:  CompressedPak pak cache file ../../../../../../Users/Logical/Documents/Github/wizards/DerivedDataCache/Compressed.ddp not found, will not use a pak cache.
[2016.04.24-19.33.57:073][  0]LogDerivedDataCache: Unable to find inner node CompressedPak for hierarchical cache Hierarchy.
[2016.04.24-19.33.57:135][  0]LogDerivedDataCache:Display: Pak cache opened for reading ../../../Engine/DerivedDataCache/Compressed.ddp.
[2016.04.24-19.33.57:146][  0]LogDerivedDataCache: Using Local data cache path C:/Users/Logical/AppData/Local/UnrealEngine/Common/DerivedDataCache: Writable
[2016.04.24-19.33.57:467][  0]LogInit: Selected Device Profile: [Windows]
[2016.04.24-19.33.57:468][  0]LogContentStreaming: Texture pool size is 1000.000000MB
[2016.04.24-19.33.57:483][  0]LogMeshUtilities: No automatic mesh reduction module available
[2016.04.24-19.33.57:484][  0]LogMeshUtilities: No automatic mesh merging module available
[2016.04.24-19.33.58:001][  0]LogWindowsMoviePlayer: Unable to load movie: ../../../../../../Users/Logical/Documents/Github/wizards/Content/Movies/Default_Startup.mp4
[2016.04.24-19.33.59:837][  0]LogOutputDevice:Warning: === Handled error: ===

Ensure condition failed: this->IsBound() [File:i:\epic\epic games\4.10\engine\source\runtime\core\public\delegates\DelegateSignatureImpl_Variadics.inl] [Line: 930]
Unable to bind delegate to '&AWizardsCone::OnOverlap' (function might not be marked as a UFUNCTION)
Stack: 
UE4Editor-Core.dll!FWindowsPlatformStackWalk::StackWalkAndDump() [d:\buildfarm\buildmachine_++depot+ue4-releases+4.10\engine\source\runtime\core\private\windows\windowsplatformstackwalk.cpp:175]
UE4Editor-Core.dll!FDebug::EnsureFailed() [d:\buildfarm\buildmachine_++depot+ue4-releases+4.10\engine\source\runtime\core\private\misc\outputdevice.cpp:276]
UE4Editor-Core.dll!FDebug::OptionallyLogFormattedEnsureMessageReturningFalse() [d:\buildfarm\buildmachine_++depot+ue4-releases+4.10\engine\source\runtime\core\private\misc\outputdevice.cpp:385]
UE4Editor-Wizards.dll!TBaseDynamicDelegate<FWeakObjectPtr,void,AActor * __ptr64,UPrimitiveComponent * __ptr64,int,bool,FHitResult const & __ptr64>::__Internal_BindDynamic<AWizardsCone>() [i:\epic\epic games\4.10\engine\source\runtime\core\public\delegates\delegatesignatureimpl_variadics.inl:930]
UE4Editor-Wizards.dll!AWizardsCone::AWizardsCone() [i:\projects\wizards\source\wizards\private\wizardscone.cpp:19]
UE4Editor-CoreUObject.dll!UClass::CreateDefaultObject() [d:\buildfarm\buildmachine_++depot+ue4-releases+4.10\engine\source\runtime\coreuobject\private\uobject\class.cpp:2657]
UE4Editor-CoreUObject.dll!UObjectLoadAllCompiledInDefaultProperties() [d:\buildfarm\buildmachine_++depot+ue4-releases+4.10\engine\source\runtime\coreuobject\private\uobject\uobjectbase.cpp:658]
UE4Editor-CoreUObject.dll!ProcessNewlyLoadedUObjects() [d:\buildfarm\buildmachine_++depot+ue4-releases+4.10\engine\source\runtime\coreuobject\private\uobject\uobjectbase.cpp:752]
UE4Editor-CoreUObject.dll!TBaseStaticDelegateInstance<void __cdecl(void)>::ExecuteIfSafe() [d:\buildfarm\buildmachine_++depot+ue4-releases+4.10\engine\source\runtime\core\public\delegates\delegateinstancesimpl_variadics.inl:921]
UE4Editor-Core.dll!TBaseMulticastDelegate<void>::Broadcast() [d:\buildfarm\buildmachine_++depot+ue4-releases+4.10\engine\source\runtime\core\public\delegates\delegatesignatureimpl_variadics.inl:809]
UE4Editor-Core.dll!FModuleManager::LoadModuleWithFailureReason() [d:\buildfarm\buildmachine_++depot+ue4-releases+4.10\engine\source\runtime\core\private\modules\modulemanager.cpp:426]
UE4Editor-Projects.dll!FModuleDescriptor::LoadModulesForPhase() [d:\buildfarm\buildmachine_++depot+ue4-releases+4.10\engine\source\runtime\projects\private\moduledescriptor.cpp:370]
UE4Editor-Projects.dll!FProjectManager::LoadModulesForProject() [d:\buildfarm\buildmachine_++depot+ue4-releases+4.10\engine\source\runtime\projects\private\projectmanager.cpp:53]
UE4Editor.exe!FEngineLoop::LoadStartupModules() [d:\buildfarm\buildmachine_++depot+ue4-releases+4.10\engine\source\runtime\launch\private\launchengineloop.cpp:1989]
UE4Editor.exe!FEngineLoop::PreInit() [d:\buildfarm\buildmachine_++depot+ue4-releases+4.10\engine\source\runtime\launch\private\launchengineloop.cpp:1495]
UE4Editor.exe!GuardedMain() [d:\buildfarm\buildmachine_++depot+ue4-releases+4.10\engine\source\runtime\launch\private\launch.cpp:110]
UE4Editor.exe!GuardedMainWrapper() [d:\buildfarm\buildmachine_++depot+ue4-releases+4.10\engine\source\runtime\launch\private\windows\launchwindows.cpp:126]
UE4Editor.exe!WinMain() [d:\buildfarm\buildmachine_++depot+ue4-releases+4.10\engine\source\runtime\launch\private\windows\launchwindows.cpp:200]
UE4Editor.exe!__scrt_common_main_seh() [f:\dd\vctools\crt\vcstartup\src\startup\exe_common.inl:264]
kernel32.dll
ntdll.dll
ntdll.dll

[2016.04.24-19.34.00:378][  0]SourceControl: Info Source control is disabled
[2016.04.24-19.34.00:378][  0]SourceControl: Info Source control is disabled
[2016.04.24-19.34.00:389][  0]SourceControl: Info Source control is disabled
[2016.04.24-19.34.00:577][  0]LogObj: 32592 objects as part of root set at end of initial load.
[2016.04.24-19.34.00:577][  0]LogUObjectAllocator: 7582496 out of 0 bytes used by permanent object pool.
[2016.04.24-19.34.00:641][  0]LogEngine: Initializing Engine...
[2016.04.24-19.34.00:645][  0]LogHMD: Can't find Oculus library dev build: is proper Runtime installed? Version: 0.8.0.0
[2016.04.24-19.34.00:646][  0]LogHMD: SteamVR failed to initialize.  Err: 110
[2016.04.24-19.34.00:768][  0]LogInit: XAudio2 using 'Speakers (Logitech G930 Headset)' : 2 channels at 44.1 kHz using 16 bits per sample (channel mask 0x3)
[2016.04.24-19.34.00:775][  0]LogInit: FAudioDevice initialized.
[2016.04.24-19.34.00:790][  0]LogInit: Texture streaming: Enabled
[2016.04.24-19.34.00:856][  0]LogLinker:Warning: Can't find file '/Game/FirstPerson/Maps/Multiplayer/Blueprints/GameInstace_MP_Stream'
[2016.04.24-19.34.00:856][  0]LogUObjectGlobals:Warning: Failed to load '/Game/FirstPerson/Maps/Multiplayer/Blueprints/GameInstace_MP_Stream': Can't find file '/Game/FirstPerson/Maps/Multiplayer/Blueprints/GameInstace_MP_Stream'
[2016.04.24-19.34.00:856][  0]LogLinker:Warning: Can't find file for asset '/Game/FirstPerson/Maps/Multiplayer/Blueprints/GameInstace_MP_Stream' while loading NULL.
[2016.04.24-19.34.00:856][  0]LogUObjectGlobals:Warning: Failed to load '/Game/FirstPerson/Maps/Multiplayer/Blueprints/GameInstace_MP_Stream': Can't find file for asset '/Game/FirstPerson/Maps/Multiplayer/Blueprints/GameInstace_MP_Stream' while loading NULL.
[2016.04.24-19.34.00:856][  0]LogLinker:Warning: Can't find file '/Game/FirstPerson/Maps/Multiplayer/Blueprints/GameInstace_MP_Stream'
[2016.04.24-19.34.00:856][  0]LogUObjectGlobals:Warning: Failed to load '/Game/FirstPerson/Maps/Multiplayer/Blueprints/GameInstace_MP_Stream': Can't find file '/Game/FirstPerson/Maps/Multiplayer/Blueprints/GameInstace_MP_Stream'
[2016.04.24-19.34.00:857][  0]LogLinker:Warning: Can't find file for asset '/Game/FirstPerson/Maps/Multiplayer/Blueprints/GameInstace_MP_Stream' while loading NULL.
[2016.04.24-19.34.00:857][  0]LogUObjectGlobals:Warning: Failed to load '/Game/FirstPerson/Maps/Multiplayer/Blueprints/GameInstace_MP_Stream': Can't find file for asset '/Game/FirstPerson/Maps/Multiplayer/Blueprints/GameInstace_MP_Stream' while loading NULL.
[2016.04.24-19.34.00:859][  0]LogLinker:Warning: Can't find file '/Game/FirstPerson/Maps/Multiplayer/Blueprints/GameInstace_MP_Stream'
[2016.04.24-19.34.00:859][  0]LoadErrors: Info Failed to load /Game/FirstPerson/Multiplayer/widgets/w_ErrorDialog.w_ErrorDialog_C Referenced by K2Node_DynamicCast_573
[2016.04.24-19.34.00:859][  0]LogUObjectGlobals:Warning: Failed to load '/Game/FirstPerson/Maps/Multiplayer/Blueprints/GameInstace_MP_Stream': Can't find file '/Game/FirstPerson/Maps/Multiplayer/Blueprints/GameInstace_MP_Stream'
[2016.04.24-19.34.00:859][  0]LogLinker:Warning: Can't find file for asset '/Game/FirstPerson/Maps/Multiplayer/Blueprints/GameInstace_MP_Stream' while loading NULL.
[2016.04.24-19.34.00:859][  0]LoadErrors: Info Failed to load /Game/FirstPerson/Multiplayer/widgets/w_ErrorDialog.w_ErrorDialog_C Referenced by K2Node_DynamicCast_573
[2016.04.24-19.34.00:859][  0]LogUObjectGlobals:Warning: Failed to load '/Game/FirstPerson/Maps/Multiplayer/Blueprints/GameInstace_MP_Stream': Can't find file for asset '/Game/FirstPerson/Maps/Multiplayer/Blueprints/GameInstace_MP_Stream' while loading NULL.
[2016.04.24-19.34.00:859][  0]LogLinker:Warning: Can't find file '/Game/FirstPerson/Maps/Multiplayer/Blueprints/GameInstace_MP_Stream'
[2016.04.24-19.34.00:859][  0]LoadErrors: Info Failed to load /Game/FirstPerson/Multiplayer/widgets/w_ErrorDialog.w_ErrorDialog_C Referenced by EdGraphPin_25656
[2016.04.24-19.34.00:859][  0]LogUObjectGlobals:Warning: Failed to load '/Game/FirstPerson/Maps/Multiplayer/Blueprints/GameInstace_MP_Stream': Can't find file '/Game/FirstPerson/Maps/Multiplayer/Blueprints/GameInstace_MP_Stream'
[2016.04.24-19.34.00:860][  0]LogLinker:Warning: Can't find file for asset '/Game/FirstPerson/Maps/Multiplayer/Blueprints/GameInstace_MP_Stream' while loading NULL.
[2016.04.24-19.34.00:860][  0]LoadErrors: Info Failed to load /Game/FirstPerson/Multiplayer/widgets/w_ErrorDialog.w_ErrorDialog_C Referenced by EdGraphPin_25656
[2016.04.24-19.34.00:860][  0]LogUObjectGlobals:Warning: Failed to load '/Game/FirstPerson/Maps/Multiplayer/Blueprints/GameInstace_MP_Stream': Can't find file for asset '/Game/FirstPerson/Maps/Multiplayer/Blueprints/GameInstace_MP_Stream' while loading NULL.
[2016.04.24-19.34.00:860][  0]LogLinker:Warning: Can't find file '/Game/FirstPerson/Maps/Multiplayer/Blueprints/GameInstace_MP_Stream'
[2016.04.24-19.34.00:860][  0]LoadErrors: Info Failed to load /Game/FirstPerson/Multiplayer/widgets/w_ErrorDialog.w_ErrorDialog_C Referenced by K2Node_CallFunction_2579
[2016.04.24-19.34.00:860][  0]LogUObjectGlobals:Warning: Failed to load '/Game/FirstPerson/Maps/Multiplayer/Blueprints/GameInstace_MP_Stream': Can't find file '/Game/FirstPerson/Maps/Multiplayer/Blueprints/GameInstace_MP_Stream'
[2016.04.24-19.34.00:860][  0]LogLinker:Warning: Can't find file for asset '/Game/FirstPerson/Maps/Multiplayer/Blueprints/GameInstace_MP_Stream' while loading NULL.
[2016.04.24-19.34.00:860][  0]LoadErrors: Info Failed to load /Game/FirstPerson/Multiplayer/widgets/w_ErrorDialog.w_ErrorDialog_C Referenced by K2Node_CallFunction_2579
[2016.04.24-19.34.00:860][  0]LogUObjectGlobals:Warning: Failed to load '/Game/FirstPerson/Maps/Multiplayer/Blueprints/GameInstace_MP_Stream': Can't find file for asset '/Game/FirstPerson/Maps/Multiplayer/Blueprints/GameInstace_MP_Stream' while loading NULL.
[2016.04.24-19.34.00:860][  0]LogLinker:Warning: Can't find file '/Game/FirstPerson/Maps/Multiplayer/Blueprints/GameInstace_MP_Stream'
[2016.04.24-19.34.00:860][  0]LoadErrors: Info Failed to load /Game/FirstPerson/Multiplayer/widgets/w_ErrorDialog.w_ErrorDialog_C Referenced by EdGraphPin_25672
[2016.04.24-19.34.00:860][  0]LogUObjectGlobals:Warning: Failed to load '/Game/FirstPerson/Maps/Multiplayer/Blueprints/GameInstace_MP_Stream': Can't find file '/Game/FirstPerson/Maps/Multiplayer/Blueprints/GameInstace_MP_Stream'
[2016.04.24-19.34.00:860][  0]LogLinker:Warning: Can't find file for asset '/Game/FirstPerson/Maps/Multiplayer/Blueprints/GameInstace_MP_Stream' while loading NULL.
[2016.04.24-19.34.00:860][  0]LoadErrors: Info Failed to load /Game/FirstPerson/Multiplayer/widgets/w_ErrorDialog.w_ErrorDialog_C Referenced by EdGraphPin_25672
[2016.04.24-19.34.00:860][  0]LogUObjectGlobals:Warning: Failed to load '/Game/FirstPerson/Maps/Multiplayer/Blueprints/GameInstace_MP_Stream': Can't find file for asset '/Game/FirstPerson/Maps/Multiplayer/Blueprints/GameInstace_MP_Stream' while loading NULL.
[2016.04.24-19.34.00:865][  0]LogBlueprint:Error: [compiler w_ErrorDialog] Error Could not find a function named "showMainMenu" in 'w_ErrorDialog'.
Make sure 'w_ErrorDialog' has been compiled for  showMainMenu 
[2016.04.24-19.34.00:865][  0]LogBlueprint:Warning: [compiler w_ErrorDialog] Warning Can't connect pins  ReturnValue  and  Object : This cast has an invalid target type (was the class deleted without a redirect?).
[2016.04.24-19.34.00:865][  0]LogBlueprint:Warning: [compiler w_ErrorDialog] Warning Can't connect pins  Object  and  ReturnValue : This cast has an invalid target type (was the class deleted without a redirect?).
[2016.04.24-19.34.00:865][  0]LogBlueprint:Error: [compiler w_ErrorDialog] Error This blueprint (self) is not compatible with ' Target ', therefore that pin must have a connection.
[2016.04.24-19.34.00:868][  0]LogBlueprint:Warning: [compiler w_ErrorDialog] Warning [0006.67] Compile of w_ErrorDialog failed. 2 Fatal Issue(s) 2 Warning(s) [in 3 ms]
[2016.04.24-19.34.00:868][  0]LogBlueprint:Warning: [compiler w_ErrorDialog] Warning [0006.67] Compile of w_ErrorDialog failed. 2 Fatal Issue(s) 3 Warning(s) [in 0 ms]
[2016.04.24-19.34.00:868][  0]LogBlueprint:Warning: [compiler w_ErrorDialog] Warning [0006.67] Compile of w_ErrorDialog failed. 2 Fatal Issue(s) 4 Warning(s) [in 0 ms]
[2016.04.24-19.34.01:331][  0]LogNet: Browse: /Temp/Autosaves/Game/FirstPerson/Multiplayer/Maps/UEDPCmpMainMenu?Name=Player
[2016.04.24-19.34.01:331][  0]LogLoad: LoadMap: /Temp/Autosaves/Game/FirstPerson/Multiplayer/Maps/UEDPCmpMainMenu?Name=Player
[2016.04.24-19.34.01:365][  0]LogParticles: Destroying 0 GPU particle simulations for FXSystem 0x0000000019368900
[2016.04.24-19.34.01:395][  0]LogMemory: Platform Memory Stats for Windows
[2016.04.24-19.34.01:395][  0]LogMemory: Process Physical Memory: 1269.66 MB used, 1269.66 MB peak
[2016.04.24-19.34.01:395][  0]LogMemory: Process Virtual Memory: 1339.10 MB used, 1339.10 MB peak
[2016.04.24-19.34.01:395][  0]LogMemory: Physical Memory: 12830.29 MB used, 16282.42 MB total
[2016.04.24-19.34.01:395][  0]LogMemory: Virtual Memory: 2288.36 MB used, 8388608.00 MB total
[2016.04.24-19.34.01:395][  0]LogMemory: 
[2016.04.24-19.34.01:395][  0]Allocator Stats for TBB: (not implemented)
[2016.04.24-19.34.01:415][  0]LogAIModule: Creating AISystem for world mpMainMenu
[2016.04.24-19.34.01:416][  0]LogWorld: Game class is 'WizardsGameMode'
[2016.04.24-19.34.01:417][  0]LogWorld: Bringing World /Temp/Autosaves/Game/FirstPerson/Multiplayer/Maps/UEDPCmpMainMenu.mpMainMenu up for play (max tick rate 0) at 2016.04.24-12.34.01
[2016.04.24-19.34.01:417][  0]LogWorld: Bringing up level for play took: 0.000616
[2016.04.24-19.34.01:419][  0]LogOnline:Warning: STEAM: Can't start an online game for session (Game) that hasn't been created
[2016.04.24-19.34.01:541][  0]LogPackageName: SearchForPackageOnDisk took   0.122s to resolve main_menu.umap.
[2016.04.24-19.34.01:542][  0]LogInit:Display: Game Engine Initialized.
[2016.04.24-19.34.01:761][  0]LogLoad: Full Startup: 7.57 seconds (BP compile: 0.27 seconds)
[2016.04.24-19.34.01:783][  0]LogOcInput: Can't find Oculus library dev build: is proper Runtime installed? Version: 0.8.0.0
[2016.04.24-19.34.01:903][  0]LogPackageName: SearchForPackageOnDisk took   0.120s to resolve main_menu.umap.
[2016.04.24-19.34.01:903][  0]LogNet: Browse: /Game/FirstPerson/Maps/main_menu
[2016.04.24-19.34.01:904][  0]LogLoad: LoadMap: /Game/FirstPerson/Maps/main_menu
[2016.04.24-19.34.01:924][  0]LogParticles: Destroying 0 GPU particle simulations for FXSystem 0x0000000018726E80
[2016.04.24-19.34.01:940][  0]LogMemory: Platform Memory Stats for Windows
[2016.04.24-19.34.01:940][  0]LogMemory: Process Physical Memory: 1272.92 MB used, 1272.92 MB peak
[2016.04.24-19.34.01:940][  0]LogMemory: Process Virtual Memory: 1339.30 MB used, 1339.30 MB peak
[2016.04.24-19.34.01:940][  0]LogMemory: Physical Memory: 12830.70 MB used, 16282.42 MB total
[2016.04.24-19.34.01:940][  0]LogMemory: Virtual Memory: 2285.07 MB used, 8388608.00 MB total
[2016.04.24-19.34.01:940][  0]LogMemory: 
[2016.04.24-19.34.01:940][  0]Allocator Stats for TBB: (not implemented)
[2016.04.24-19.34.01:949][  0]LogAIModule: Creating AISystem for world main_menu
[2016.04.24-19.34.01:950][  0]LogWorld: Game class is 'WizardsGameMode'
[2016.04.24-19.34.01:951][  0]LogWorld: Bringing World /Game/FirstPerson/Maps/main_menu.main_menu up for play (max tick rate 0) at 2016.04.24-12.34.01
[2016.04.24-19.34.01:951][  0]LogWorld: Bringing up level for play took: 0.000437
[2016.04.24-19.34.01:952][  0]LogGameMode: Warning - PATHS NOT DEFINED or NO PLAYERSTART with positive rating
[2016.04.24-19.34.01:952][  0]LogOnline:Warning: STEAM: Can't start an online game for session (Game) that hasn't been created
[2016.04.24-19.34.02:072][  2]LogRenderer: Reallocating scene render targets to support 1280x720 (Frame:2).
[2016.04.24-19.34.05:752][221]LogPackageName: SearchForPackageOnDisk took   0.103s to resolve FirstPersonExampleMap.umap.
[2016.04.24-19.34.05:752][221]LogStreaming:Warning: Failed to read file 'C:/Users/Logical/Documents/Github/wizards/Saved/SaveGames\spellBook.save' error.
[2016.04.24-19.34.05:752][221]LogTemp:Warning: Abort Mission!
[2016.04.24-19.34.05:852][221]LogPackageName: SearchForPackageOnDisk took   0.099s to resolve FirstPersonExampleMap.umap.
[2016.04.24-19.34.05:852][221]LogNet: Browse: /Game/FirstPerson/Maps/FirstPersonExampleMap
[2016.04.24-19.34.05:852][221]LogLoad: LoadMap: /Game/FirstPerson/Maps/FirstPersonExampleMap
[2016.04.24-19.34.05:872][221]LogParticles: Destroying 0 GPU particle simulations for FXSystem 0x0000000018725DA0
[2016.04.24-19.34.05:891][221]LogMemory: Platform Memory Stats for Windows
[2016.04.24-19.34.05:891][221]LogMemory: Process Physical Memory: 1299.72 MB used, 1299.73 MB peak
[2016.04.24-19.34.05:891][221]LogMemory: Process Virtual Memory: 1525.00 MB used, 1556.94 MB peak
[2016.04.24-19.34.05:891][221]LogMemory: Physical Memory: 12848.64 MB used, 16282.42 MB total
[2016.04.24-19.34.05:891][221]LogMemory: Virtual Memory: 2480.13 MB used, 8388608.00 MB total
[2016.04.24-19.34.05:891][221]LogMemory: 
[2016.04.24-19.34.05:891][221]Allocator Stats for TBB: (not implemented)
[2016.04.24-19.34.06:083][221]LogAIModule: Creating AISystem for world FirstPersonExampleMap
[2016.04.24-19.34.06:083][221]LogWorld: Game class is 'WizardsGameMode'
[2016.04.24-19.34.06:092][221]LogWorld: Bringing World /Game/FirstPerson/Maps/FirstPersonExampleMap.FirstPersonExampleMap up for play (max tick rate 0) at 2016.04.24-12.34.06
[2016.04.24-19.34.06:094][221]LogWorld: Bringing up level for play took: 0.009845
[2016.04.24-19.34.06:098][221]LogOnline:Warning: STEAM: Can't start an online game for session (Game) that hasn't been created
[2016.04.24-19.34.06:851][264]LogTemp:Warning: Spell Gathering Needed!
[2016.04.24-19.34.06:851][264]LogStreaming:Warning: Failed to read file 'C:/Users/Logical/Documents/Github/wizards/Saved/SaveGames\spellBook.save' error.
[2016.04.24-19.34.06:851][264]LogTemp:Warning: Abort Mission!
[2016.04.24-19.34.06:851][264]LogWindows:Error: Windows GetLastError: The operation completed successfully. (0)
[2016.04.24-19.34.07:267][264]LogWindows:Error: === Critical error: ===
Assertion failed: (Index >= 0) & (Index < ArrayNum) [File:I:\EPIC\Epic Games\4.10\Engine\Source\Runtime\Core\Public\Containers\Array.h] [Line: 678] 
Array index out of bounds: 0 from an array of size 0




[2016.04.24-19.34.07:267][264]LogExit: Executing StaticShutdownAfterError
[2016.04.24-19.34.07:271][264]LogPhysics:Warning: PHYSX: ..\..\PhysX\src\NpScene.cpp (2946) 8 : PxScene::unlockWrite() called without matching call to PxScene::lockWrite(), behaviour will be undefined.
[2016.04.24-19.34.07:271][264]LogPhysics:Warning: PHYSX: ..\..\PhysX\src\NpScene.cpp (2946) 8 : PxScene::unlockWrite() called without matching call to PxScene::lockWrite(), behaviour will be undefined.
[2016.04.24-19.34.07:271][264]LogWindows: FPlatformMisc::RequestExit(1)
[2016.04.24-19.34.07:271][264]Log file closed, 04/24/16 12:34:07
