[2016.03.29-13.23.28:693][  0]Log file open, 03/29/16 06:23:28
[2016.03.29-13.23.28:693][  0]LogInit:Display: Running engine for game: Wizards
[2016.03.29-13.23.28:693][  0]LogPlatformFile: Not using cached read wrapper
[2016.03.29-13.23.28:693][  0]LogInit:Display: RandInit(-450848259) SRandInit(-450848257).
[2016.03.29-13.23.28:693][  0]LogTaskGraph: Started task graph with 4 named threads and 7 total threads.
[2016.03.29-13.23.28:693][  0]LogStats: Stats thread started at 0.074166
[2016.03.29-13.23.28:693][  0]LogInit: Version: 4.10.4-2872498+++depot+UE4-Releases+4.10
[2016.03.29-13.23.28:693][  0]LogInit: API Version: 2758231
[2016.03.29-13.23.28:693][  0]LogInit: Compiled (64-bit): Feb 18 2016 15:47:04
[2016.03.29-13.23.28:693][  0]LogInit: Compiled with Visual C++: 19.00.23026.00
[2016.03.29-13.23.28:693][  0]LogInit: Build Configuration: Development
[2016.03.29-13.23.28:693][  0]LogInit: Branch Name: ++depot+UE4-Releases+4.10
[2016.03.29-13.23.28:693][  0]LogInit: Command line:  
[2016.03.29-13.23.28:693][  0]LogInit: Base directory: C:/Program Files (x86)/Epic Games/4.10/Engine/Binaries/Win64/
[2016.03.29-13.23.28:693][  0]LogInit: Rocket: 1
[2016.03.29-13.23.28:700][  0]LogInit: Using libcurl 7.41.0
[2016.03.29-13.23.28:700][  0]LogInit:  - built for x86_64-pc-win32
[2016.03.29-13.23.28:700][  0]LogInit:  - supports SSL with WinSSL
[2016.03.29-13.23.28:700][  0]LogInit:  - other features:
[2016.03.29-13.23.28:700][  0]LogInit:      CURL_VERSION_SSL
[2016.03.29-13.23.28:700][  0]LogInit:      CURL_VERSION_IPV6
[2016.03.29-13.23.28:700][  0]LogInit:      CURL_VERSION_ASYNCHDNS
[2016.03.29-13.23.28:700][  0]LogInit:      CURL_VERSION_LARGEFILE
[2016.03.29-13.23.28:700][  0]LogInit:      CURL_VERSION_IDN
[2016.03.29-13.23.28:700][  0]LogInit:  CurlRequestOptions (configurable via config and command line):
[2016.03.29-13.23.28:700][  0]LogInit:  - bVerifyPeer = true  - Libcurl will verify peer certificate
[2016.03.29-13.23.28:700][  0]LogInit:  - bUseHttpProxy = false  - Libcurl will NOT use HTTP proxy
[2016.03.29-13.23.28:700][  0]LogInit:  - bDontReuseConnections = false  - Libcurl will reuse connections
[2016.03.29-13.23.28:700][  0]LogInit:  - CertBundlePath = nullptr  - Libcurl will use whatever was configured at build time.
[2016.03.29-13.23.28:706][  0]LogOnline:Display: STEAM: Loading Steam SDK 1.32
[2016.03.29-13.23.28:706][  0]LogOnline:Warning: STEAM: Steam API disabled!
[2016.03.29-13.23.28:706][  0]LogOnline:Display: STEAM: OnlineSubsystemSteam::Shutdown()
[2016.03.29-13.23.28:722][  0]LogInit: WinSock: version 1.1 (2.2), MaxSocks=32767, MaxUdp=65467
[2016.03.29-13.23.28:727][  0]LogVoice:Warning: Failed to initialize voice interface
[2016.03.29-13.23.28:730][  0]LogInit: Presizing for 0 objects not considered by GC, pre-allocating 0 bytes.
[2016.03.29-13.23.28:738][  0]LogInit: Object subsystem initialized
[2016.03.29-13.23.28:738][  0]LogInit: Selected Device Profile: [Windows]
[2016.03.29-13.23.28:738][  0]LogInit: Applying CVar settings loaded from the selected device profile: [Windows]
[2016.03.29-13.23.28:746][  0]LogInit: Computer: ALPHA
[2016.03.29-13.23.28:746][  0]LogInit: User: Logical
[2016.03.29-13.23.28:746][  0]LogInit: CPU Page size=4096, Cores=4
[2016.03.29-13.23.28:746][  0]LogInit: High frequency timer resolution =4.233037 MHz
[2016.03.29-13.23.28:746][  0]LogMemory: Memory total: Physical=15.9GB (16GB approx)
[2016.03.29-13.23.28:746][  0]LogMemory: Platform Memory Stats for Windows
[2016.03.29-13.23.28:746][  0]LogMemory: Process Physical Memory: 59.16 MB used, 59.16 MB peak
[2016.03.29-13.23.28:746][  0]LogMemory: Process Virtual Memory: 59.57 MB used, 59.57 MB peak
[2016.03.29-13.23.28:746][  0]LogMemory: Physical Memory: 3185.31 MB used, 16282.42 MB total
[2016.03.29-13.23.28:746][  0]LogMemory: Virtual Memory: 362.20 MB used, 8388608.00 MB total
[2016.03.29-13.23.28:785][  0]LogTextLocalizationManager: No specific translations for ('en-US') exist, so ('en') translations will be used.
[2016.03.29-13.23.29:228][  0]LogD3D11RHI: Found D3D11 adapter 0: NVIDIA GeForce GTX 960 (Feature Level 11_0)
[2016.03.29-13.23.29:228][  0]LogD3D11RHI: Adapter has 4011MB of dedicated video memory, 0MB of dedicated system memory, and 7885MB of shared system memory, 1 output[s]
[2016.03.29-13.23.29:228][  0]LogD3D11RHI: Chosen D3D11 Adapter Id = 0
[2016.03.29-13.23.29:234][  0]LogD3D11RHI: !Direct3DDevice
[2016.03.29-13.23.29:234][  0]LogRHI: Texture pool is 1361 MB (70% of 1945 MB)
[2016.03.29-13.23.29:243][  0]LogD3D11RHI: Async texture creation enabled
[2016.03.29-13.23.29:256][  0]LogShaderCompilers: Guid format shader working directory is -8 characters bigger than the processId version (../../../../../../Users/Logical/Documents/Github/wizards/Intermediate/Shaders/WorkingDirectory/2660/).
[2016.03.29-13.23.29:257][  0]LogShaderCompilers: Cleaned the shader compiler working directory 'C:/Users/Logical/AppData/Local/Temp/UnrealShaderWorkingDir/2EAF6C1943B26A7E9323E8B4CF6D0367/'.
[2016.03.29-13.23.29:257][  0]LogShaderCompilers:Display: Using Local Shader Compiler.
[2016.03.29-13.23.30:180][  0]LogTemp:Display: Loaded TP AllDesktopTargetPlatform
[2016.03.29-13.23.30:185][  0]LogTemp:Display: Loaded TP WindowsClientTargetPlatform
[2016.03.29-13.23.30:190][  0]LogTemp:Display: Loaded TP WindowsNoEditorTargetPlatform
[2016.03.29-13.23.30:195][  0]LogTemp:Display: Loaded TP WindowsServerTargetPlatform
[2016.03.29-13.23.30:199][  0]LogTemp:Display: Loaded TP WindowsTargetPlatform
[2016.03.29-13.23.30:202][  0]LogTemp:Display: Loaded TP AndroidTargetPlatform
[2016.03.29-13.23.30:206][  0]LogTemp:Display: Loaded TP Android_ASTCTargetPlatform
[2016.03.29-13.23.30:209][  0]LogTemp:Display: Loaded TP Android_ATCTargetPlatform
[2016.03.29-13.23.30:212][  0]LogTemp:Display: Loaded TP Android_DXTTargetPlatform
[2016.03.29-13.23.30:215][  0]LogTemp:Display: Loaded TP Android_ETC1TargetPlatform
[2016.03.29-13.23.30:219][  0]LogTemp:Display: Loaded TP Android_ETC2TargetPlatform
[2016.03.29-13.23.30:226][  0]LogTemp:Display: Loaded TP Android_MultiTargetPlatform
[2016.03.29-13.23.30:226][  0]LogTemp:Display: Loaded TP Android_PVRTCTargetPlatform
[2016.03.29-13.23.30:226][  0]LogTemp:Display: Loaded TP HTML5TargetPlatform
[2016.03.29-13.23.30:243][  0]LogTemp:Display: Loaded TP IOSTargetPlatform
[2016.03.29-13.23.30:246][  0]LogTemp:Display: Loaded TP LinuxNoEditorTargetPlatform
[2016.03.29-13.23.30:249][  0]LogTemp:Display: Loaded TP LinuxServerTargetPlatform
[2016.03.29-13.23.30:252][  0]LogTemp:Display: Loaded TP LinuxTargetPlatform
[2016.03.29-13.23.30:252][  0]LogTargetPlatformManager:Display: Building Assets For Windows
[2016.03.29-13.23.30:333][  0]LogDerivedDataCache:Display: Max Cache Size: 512 MB
[2016.03.29-13.23.30:442][  0]LogDerivedDataCache: Loaded boot cache 0.11s 68MB C:/Users/Logical/AppData/Local/UnrealEngine/4.10/DerivedDataCache/Boot.ddc.
[2016.03.29-13.23.30:442][  0]LogDerivedDataCache:Display: Loaded Boot cache: C:/Users/Logical/AppData/Local/UnrealEngine/4.10/DerivedDataCache/Boot.ddc
[2016.03.29-13.23.30:442][  0]LogDerivedDataCache: FDerivedDataBackendGraph:  Pak pak cache file ../../../../../../Users/Logical/Documents/Github/wizards/DerivedDataCache/DDC.ddp not found, will not use a pak cache.
[2016.03.29-13.23.30:442][  0]LogDerivedDataCache: Unable to find inner node Pak for hierarchical cache Hierarchy.
[2016.03.29-13.23.30:442][  0]LogDerivedDataCache: FDerivedDataBackendGraph:  CompressedPak pak cache file ../../../../../../Users/Logical/Documents/Github/wizards/DerivedDataCache/Compressed.ddp not found, will not use a pak cache.
[2016.03.29-13.23.30:442][  0]LogDerivedDataCache: Unable to find inner node CompressedPak for hierarchical cache Hierarchy.
[2016.03.29-13.23.30:506][  0]LogDerivedDataCache:Display: Pak cache opened for reading ../../../Engine/DerivedDataCache/Compressed.ddp.
[2016.03.29-13.23.30:517][  0]LogDerivedDataCache: Using Local data cache path C:/Users/Logical/AppData/Local/UnrealEngine/Common/DerivedDataCache: Writable
[2016.03.29-13.23.30:699][  0]LogInit: Selected Device Profile: [Windows]
[2016.03.29-13.23.30:700][  0]LogContentStreaming: Texture pool size is 0.000000MB
[2016.03.29-13.23.30:737][  0]LogMeshUtilities: No automatic mesh reduction module available
[2016.03.29-13.23.30:737][  0]LogMeshUtilities: No automatic mesh merging module available
[2016.03.29-13.23.31:814][  0]UdpMessaging: Initializing bridge on interface 0.0.0.0:0 to multicast group 230.0.0.1:6666.
[2016.03.29-13.23.33:607][  0]LogOutputDevice:Warning: === Handled error: ===

Ensure condition failed: this->IsBound() [File:i:\epic\epic games\4.10\engine\source\runtime\core\public\delegates\DelegateSignatureImpl_Variadics.inl] [Line: 930]
Unable to bind delegate to '&AWizardsCone::OnOverlap' (function might not be marked as a UFUNCTION)
Stack: 
UE4Editor-Core.dll!FWindowsPlatformStackWalk::StackWalkAndDump() [d:\buildfarm\buildmachine_++depot+ue4-releases+4.10\engine\source\runtime\core\private\windows\windowsplatformstackwalk.cpp:175]
UE4Editor-Core.dll!FDebug::EnsureFailed() [d:\buildfarm\buildmachine_++depot+ue4-releases+4.10\engine\source\runtime\core\private\misc\outputdevice.cpp:276]
UE4Editor-Core.dll!FDebug::OptionallyLogFormattedEnsureMessageReturningFalse() [d:\buildfarm\buildmachine_++depot+ue4-releases+4.10\engine\source\runtime\core\private\misc\outputdevice.cpp:385]
UE4Editor-Wizards.dll!TBaseDynamicDelegate<FWeakObjectPtr,void,AActor * __ptr64,UPrimitiveComponent * __ptr64,int,bool,FHitResult const & __ptr64>::__Internal_BindDynamic<AWizardsCone>() [i:\epic\epic games\4.10\engine\source\runtime\core\public\delegates\delegatesignatureimpl_variadics.inl:930]
UE4Editor-Wizards.dll!AWizardsCone::AWizardsCone() [i:\projects\wizards\source\wizards\private\wizardscone.cpp:19]
UE4Editor-CoreUObject.dll!UClass::CreateDefaultObject() [d:\buildfarm\buildmachine_++depot+ue4-releases+4.10\engine\source\runtime\coreuobject\private\uobject\class.cpp:2657]
UE4Editor-CoreUObject.dll!UObjectLoadAllCompiledInDefaultProperties() [d:\buildfarm\buildmachine_++depot+ue4-releases+4.10\engine\source\runtime\coreuobject\private\uobject\uobjectbase.cpp:658]
UE4Editor-CoreUObject.dll!ProcessNewlyLoadedUObjects() [d:\buildfarm\buildmachine_++depot+ue4-releases+4.10\engine\source\runtime\coreuobject\private\uobject\uobjectbase.cpp:752]
UE4Editor-CoreUObject.dll!TBaseStaticDelegateInstance<void __cdecl(void)>::ExecuteIfSafe() [d:\buildfarm\buildmachine_++depot+ue4-releases+4.10\engine\source\runtime\core\public\delegates\delegateinstancesimpl_variadics.inl:921]
UE4Editor-Core.dll!TBaseMulticastDelegate<void>::Broadcast() [d:\buildfarm\buildmachine_++depot+ue4-releases+4.10\engine\source\runtime\core\public\delegates\delegatesignatureimpl_variadics.inl:809]
UE4Editor-Core.dll!FModuleManager::LoadModuleWithFailureReason() [d:\buildfarm\buildmachine_++depot+ue4-releases+4.10\engine\source\runtime\core\private\modules\modulemanager.cpp:426]
UE4Editor-Projects.dll!FModuleDescriptor::LoadModulesForPhase() [d:\buildfarm\buildmachine_++depot+ue4-releases+4.10\engine\source\runtime\projects\private\moduledescriptor.cpp:370]
UE4Editor-Projects.dll!FProjectManager::LoadModulesForProject() [d:\buildfarm\buildmachine_++depot+ue4-releases+4.10\engine\source\runtime\projects\private\projectmanager.cpp:53]
UE4Editor.exe!FEngineLoop::LoadStartupModules() [d:\buildfarm\buildmachine_++depot+ue4-releases+4.10\engine\source\runtime\launch\private\launchengineloop.cpp:1989]
UE4Editor.exe!FEngineLoop::PreInit() [d:\buildfarm\buildmachine_++depot+ue4-releases+4.10\engine\source\runtime\launch\private\launchengineloop.cpp:1495]
UE4Editor.exe!GuardedMain() [d:\buildfarm\buildmachine_++depot+ue4-releases+4.10\engine\source\runtime\launch\private\launch.cpp:110]
UE4Editor.exe!GuardedMainWrapper() [d:\buildfarm\buildmachine_++depot+ue4-releases+4.10\engine\source\runtime\launch\private\windows\launchwindows.cpp:126]
UE4Editor.exe!WinMain() [d:\buildfarm\buildmachine_++depot+ue4-releases+4.10\engine\source\runtime\launch\private\windows\launchwindows.cpp:200]
UE4Editor.exe!__scrt_common_main_seh() [f:\dd\vctools\crt\vcstartup\src\startup\exe_common.inl:264]
kernel32.dll
ntdll.dll
ntdll.dll

[2016.03.29-13.23.33:976][  0]LogAssetRegistry: FAssetRegistry took 0.0104 seconds to start up
[2016.03.29-13.23.34:153][  0]SourceControl: Info Source control is disabled
[2016.03.29-13.23.34:154][  0]SourceControl: Info Source control is disabled
[2016.03.29-13.23.34:166][  0]SourceControl: Info Source control is disabled
[2016.03.29-13.23.34:178][  0]SourceControl: Info Source control is disabled
[2016.03.29-13.23.34:428][  0]LogObj: 33300 objects as part of root set at end of initial load.
[2016.03.29-13.23.34:428][  0]LogUObjectAllocator: 7856488 out of 0 bytes used by permanent object pool.
[2016.03.29-13.23.34:488][  0]LogEngine: Initializing Engine...
[2016.03.29-13.23.34:491][  0]LogHMD: Can't find Oculus library dev build: is proper Runtime installed? Version: 0.8.0.0
[2016.03.29-13.23.34:491][  0]LogHMD: SteamVR failed to initialize.  Err: 110
[2016.03.29-13.23.34:622][  0]LogAIModule: Creating AISystem for world NewWorld
[2016.03.29-13.23.34:631][  0]LogInit: XAudio2 using 'Speakers (Logitech G930 Headset)' : 2 channels at 44.1 kHz using 16 bits per sample (channel mask 0x3)
[2016.03.29-13.23.34:643][  0]LogInit: FAudioDevice initialized.
[2016.03.29-13.23.34:702][  0]LogDerivedDataCache: Saved boot cache 0.06s 70MB C:/Users/Logical/AppData/Local/UnrealEngine/4.10/DerivedDataCache/Boot.ddc.
[2016.03.29-13.23.34:719][  0]LogInit: Texture streaming: Enabled
[2016.03.29-13.23.34:724][  0]LogAnalytics: Creating configured Analytics provider AnalyticsET
[2016.03.29-13.23.34:724][  0]LogAnalytics: [UEEditor.Rocket.Release] APIServer = http://et2.epicgames.com/ET2/. AppVersion = 4.10.4-2872498+++depot+UE4-Releases+4.10
[2016.03.29-13.23.34:724][  0]LogAnalytics: [UEEditor.Rocket.Release] SetUserId 6adc7db841d972496a4138bf1fd52a82|95dbfcfbadea45bc810ef15143a39ae1|43985850-9a8d-48b6-b74f-8b1df78056ea
[2016.03.29-13.23.34:724][  0]LogAnalytics: [UEEditor.Rocket.Release] AnalyticsET::StartSession
[2016.03.29-13.23.34:733][  0]LogInit: Transaction tracking system initialized
[2016.03.29-13.23.34:760][  0]BlueprintLog: New page: Editor Load
[2016.03.29-13.23.34:878][  0]LocalizationService: Info Localization service is disabled
[2016.03.29-13.23.34:949][  0]LogConsoleResponse:Display: 
[2016.03.29-13.23.35:056][  0]LogCook:Display: Done creating registry. It took  0.00s.
[2016.03.29-13.23.35:120][  0]LogFileCache: Scanning file cache for directory 'C:/Users/Logical/Documents/Github/wizards/Content/' took 0.03s
[2016.03.29-13.23.35:120][  0]SourceControl: Info Source control is disabled
[2016.03.29-13.23.35:120][  0]Cmd: MAP LOAD FILE="../../../../../../Users/Logical/Documents/Github/wizards/Content/FirstPerson/Maps/main_menu.umap" TEMPLATE=0 SHOWPROGRESS=1 FEATURELEVEL=3
[2016.03.29-13.23.35:120][  0]LightingResults: New page: Lighting Build
[2016.03.29-13.23.35:123][  0]MapCheck: New page: Map Check
[2016.03.29-13.23.35:123][  0]LightingResults: New page: Lighting Build
[2016.03.29-13.23.35:139][  0]LogParticles: Destroying 0 GPU particle simulations for FXSystem 0x0000000071B74EA0
[2016.03.29-13.23.35:381][  0]LogAIModule: Creating AISystem for world main_menu
[2016.03.29-13.23.35:381][  0]LogEditorServer: Finished looking for orphan Actors (0.000 secs)
[2016.03.29-13.23.35:382][  0]Cmd: MAP CHECKDEP NOCLEARLOG
[2016.03.29-13.23.35:432][  0]MapCheck: Info Map check complete: 0 Error(s), 0 Warning(s), took 50.664ms to complete.
[2016.03.29-13.23.35:433][  0]LogFileHelpers: Loading map 'main_menu' took 0.313
[2016.03.29-13.23.35:536][  0]LogCollectionManager: Loaded 0 collections in 0.002279 seconds
[2016.03.29-13.23.35:574][  0]LogFileCache: Scanning file cache for directory 'C:/Users/Logical/Documents/Github/wizards/Saved/Collections/' took 0.01s
[2016.03.29-13.23.35:574][  0]LogFileCache: Scanning file cache for directory 'C:/Users/Logical/Documents/Github/wizards/Content/Developers/Logical/Collections/' took 0.01s
[2016.03.29-13.23.35:574][  0]LogFileCache: Scanning file cache for directory 'C:/Users/Logical/Documents/Github/wizards/Content/Collections/' took 0.01s
[2016.03.29-13.23.35:574][  0]LogCollectionManager: Rebuilt the GUID cache for 0 collections in 0.000002 seconds
[2016.03.29-13.23.35:585][  0]LogContentBrowser: Native class hierarchy populated in 0.0113 seconds. Added 1905 classes and 343 folders.
[2016.03.29-13.23.35:594][  0]LogContentBrowser: Native class hierarchy updated for 'WidgetCarousel' in 0.0028 seconds. Added 0 classes and 0 folders.
[2016.03.29-13.23.35:643][  0]LogContentBrowser: Native class hierarchy updated for 'AddContentDialog' in 0.0028 seconds. Added 0 classes and 0 folders.
[2016.03.29-13.23.35:649][  0]LogContentBrowser: Native class hierarchy updated for 'SceneOutliner' in 0.0027 seconds. Added 1 classes and 2 folders.
[2016.03.29-13.23.35:669][  0]LogCrashTracker: Crashtracker disabled due to settings.
[2016.03.29-13.23.35:674][  0]LogUObjectGlobals:Warning: Failed to find object 'Class None.'
[2016.03.29-13.23.35:695][  0]LogLoad: Full Startup: 7.70 seconds (BP compile: 0.11 seconds)
[2016.03.29-13.23.35:706][  0]LogOcInput: Can't find Oculus library dev build: is proper Runtime installed? Version: 0.8.0.0
[2016.03.29-13.23.35:765][  0]LogContentStreaming: Texture pool size now 1000 MB
[2016.03.29-13.23.35:904][  0]LogRenderer: Reallocating scene render targets to support 1056x552 (Frame:2).
[2016.03.29-13.23.35:968][  1]LogFileCache: Retrieving MD5 hashes for directory 'C:/Users/Logical/Documents/Github/wizards/Content/' took 0.25s
[2016.03.29-13.23.36:161][  7]LogAssetRegistry: Asset discovery search completed in 2.1960 seconds
[2016.03.29-13.23.36:161][  7]LogCollectionManager: Rebuilt the object cache for 0 collections in 0.000000 seconds (found 0 objects)
[2016.03.29-13.23.36:161][  7]LogCollectionManager: Fixed up redirectors for 0 collections in 0.000019 seconds (updated 0 objects)
[2016.03.30-00.32.30:971][617]Cmd: QUIT_EDITOR
[2016.03.30-00.32.31:115][617]LogExit: Preparing to exit.
[2016.03.30-00.32.32:282][617]LogExit: Editor shut down
[2016.03.30-00.32.32:282][617]LogExit: Transaction tracking system shut down
[2016.03.30-00.32.32:284][617]LogParticles: Destroying 0 GPU particle simulations for FXSystem 0x0000000012E768E0
[2016.03.30-00.32.32:284][617]LogParticles: Destroying 0 GPU particle simulations for FXSystem 0x0000000012A211C0
[2016.03.30-00.32.32:447][617]LogParticles: Destroying 0 GPU particle simulations for FXSystem 0x00000000138774C0
[2016.03.30-00.32.32:447][617]LogExit: Object subsystem successfully closed.
[2016.03.30-00.32.32:461][617]LogD3D11RHI: Shutdown
[2016.03.30-00.32.32:461][617]LogD3D11RHI: CleanupD3DDevice
[2016.03.30-00.32.32:515][617]LogD3D11RHI: ~FD3D11DynamicRHI
[2016.03.30-00.32.32:530][617]LogModuleManager: Shutting down and abandoning module CrashTracker (202)
[2016.03.30-00.32.32:530][617]LogModuleManager: Shutting down and abandoning module SceneOutliner (201)
[2016.03.30-00.32.32:530][617]LogModuleManager: Shutting down and abandoning module SuperSearch (200)
[2016.03.30-00.32.32:530][617]LogModuleManager: Shutting down and abandoning module WidgetCarousel (199)
[2016.03.30-00.32.32:530][617]LogModuleManager: Shutting down and abandoning module AddContentDialog (198)
[2016.03.30-00.32.32:531][617]LogModuleManager: Shutting down and abandoning module EditorWidgets (197)
[2016.03.30-00.32.32:531][617]LogModuleManager: Shutting down and abandoning module CollectionManager (196)
[2016.03.30-00.32.32:532][617]LogModuleManager: Shutting down and abandoning module StatsViewer (195)
[2016.03.30-00.32.32:532][617]LogModuleManager: Shutting down and abandoning module FoliageEdit (194)
[2016.03.30-00.32.32:532][617]LogModuleManager: Shutting down and abandoning module LandscapeEditor (193)
[2016.03.30-00.32.32:532][617]LogModuleManager: Shutting down and abandoning module ActorPickerMode (192)
[2016.03.30-00.32.32:532][617]LogModuleManager: Shutting down and abandoning module GeometryMode (191)
[2016.03.30-00.32.32:532][617]LogModuleManager: Shutting down and abandoning module TextureAlignMode (190)
[2016.03.30-00.32.32:532][617]LogModuleManager: Shutting down and abandoning module BspMode (189)
[2016.03.30-00.32.32:532][617]LogModuleManager: Shutting down and abandoning module PlacementMode (188)
[2016.03.30-00.32.32:532][617]LogModuleManager: Shutting down and abandoning module AutomationWorker (187)
[2016.03.30-00.32.32:532][617]LogModuleManager: Shutting down and abandoning module CharacterAI (186)
[2016.03.30-00.32.32:532][617]LogModuleManager: Shutting down and abandoning module SmartSnapping (185)
[2016.03.30-00.32.32:532][617]LogModuleManager: Shutting down and abandoning module ViewportSnapping (184)
[2016.03.30-00.32.32:532][617]LogModuleManager: Shutting down and abandoning module LogVisualizer (183)
[2016.03.30-00.32.32:532][617]LogModuleManager: Shutting down and abandoning module GameProjectGeneration (182)
[2016.03.30-00.32.32:532][617]LogModuleManager: Shutting down and abandoning module IntroTutorials (181)
[2016.03.30-00.32.32:532][617]LogModuleManager: Shutting down and abandoning module EditorLiveStreaming (180)
[2016.03.30-00.32.32:532][617]LogModuleManager: Shutting down and abandoning module IOSPlatformEditor (179)
[2016.03.30-00.32.32:532][617]LogModuleManager: Shutting down and abandoning module HTML5PlatformEditor (178)
[2016.03.30-00.32.32:532][617]LogModuleManager: Shutting down and abandoning module AndroidDeviceDetection (177)
[2016.03.30-00.32.33:265][617]LogModuleManager: Shutting down and abandoning module AndroidPlatformEditor (176)
[2016.03.30-00.32.33:265][617]LogModuleManager: Shutting down and abandoning module IOSRuntimeSettings (175)
[2016.03.30-00.32.33:265][617]LogModuleManager: Shutting down and abandoning module AndroidRuntimeSettings (174)
[2016.03.30-00.32.33:265][617]LogModuleManager: Shutting down and abandoning module MergeActors (173)
[2016.03.30-00.32.33:265][617]LogModuleManager: Shutting down and abandoning module SizeMap (172)
[2016.03.30-00.32.33:265][617]LogModuleManager: Shutting down and abandoning module TreeMap (171)
[2016.03.30-00.32.33:265][617]LogModuleManager: Shutting down and abandoning module ReferenceViewer (170)
[2016.03.30-00.32.33:265][617]LogModuleManager: Shutting down and abandoning module LocalizationService (169)
[2016.03.30-00.32.33:265][617]LogModuleManager: Shutting down and abandoning module LocalizationDashboard (168)
[2016.03.30-00.32.33:265][617]LogModuleManager: Shutting down and abandoning module HardwareTargeting (167)
[2016.03.30-00.32.33:265][617]LogModuleManager: Shutting down and abandoning module DeviceProfileEditor (166)
[2016.03.30-00.32.33:265][617]LogModuleManager: Shutting down and abandoning module UndoHistory (165)
[2016.03.30-00.32.33:265][617]LogModuleManager: Shutting down and abandoning module GameplayTagsEditor (164)
[2016.03.30-00.32.33:265][617]LogModuleManager: Shutting down and abandoning module UserFeedback (163)
[2016.03.30-00.32.33:265][617]LogModuleManager: Shutting down and abandoning module XmlParser (162)
[2016.03.30-00.32.33:265][617]LogModuleManager: Shutting down and abandoning module Blutility (161)
[2016.03.30-00.32.33:265][617]LogModuleManager: Shutting down and abandoning module ProjectTargetPlatformEditor (160)
[2016.03.30-00.32.33:265][617]LogModuleManager: Shutting down and abandoning module ProjectSettingsViewer (159)
[2016.03.30-00.32.33:265][617]LogModuleManager: Shutting down and abandoning module InputBindingEditor (158)
[2016.03.30-00.32.33:266][617]LogModuleManager: Shutting down and abandoning module EditorSettingsViewer (157)
[2016.03.30-00.32.33:266][617]LogModuleManager: Shutting down and abandoning module SettingsEditor (156)
[2016.03.30-00.32.33:266][617]LogModuleManager: Shutting down and abandoning module ProjectLauncher (155)
[2016.03.30-00.32.33:266][617]LogModuleManager: Shutting down and abandoning module SessionFrontend (154)
[2016.03.30-00.32.33:266][617]LogModuleManager: Shutting down and abandoning module ProfilerClient (153)
[2016.03.30-00.32.33:266][617]LogModuleManager: Shutting down and abandoning module TargetDeviceServices (152)
[2016.03.30-00.32.33:266][617]LogModuleManager: Shutting down and abandoning module DeviceManager (151)
[2016.03.30-00.32.33:266][617]LogModuleManager: Shutting down and abandoning module AutomationController (150)
[2016.03.30-00.32.33:266][617]LogModuleManager: Shutting down and abandoning module AutomationWindow (149)
[2016.03.30-00.32.33:266][617]LogModuleManager: Shutting down and abandoning module Layers (148)
[2016.03.30-00.32.33:266][617]LogModuleManager: Shutting down and abandoning module ComponentVisualizers (147)
[2016.03.30-00.32.33:266][617]LogModuleManager: Shutting down and abandoning module DetailCustomizations (146)
[2016.03.30-00.32.33:266][617]LogModuleManager: Shutting down and abandoning module PackagesDialog (145)
[2016.03.30-00.32.33:266][617]LogModuleManager: Shutting down and abandoning module Persona (144)
[2016.03.30-00.32.33:266][617]LogModuleManager: Shutting down and abandoning module Kismet (143)
[2016.03.30-00.32.33:266][617]LogModuleManager: Shutting down and abandoning module GraphEditor (142)
[2016.03.30-00.32.33:266][617]LogModuleManager: Shutting down and abandoning module ClassViewer (141)
[2016.03.30-00.32.33:266][617]LogModuleManager: Shutting down and abandoning module Toolbox (140)
[2016.03.30-00.32.33:266][617]LogModuleManager: Shutting down and abandoning module ModuleUI (139)
[2016.03.30-00.32.33:266][617]LogModuleManager: Shutting down and abandoning module MovieSceneTools (138)
[2016.03.30-00.32.33:266][617]LogModuleManager: Shutting down and abandoning module OutputLog (137)
[2016.03.30-00.32.33:266][617]LogModuleManager: Shutting down and abandoning module GammaUI (136)
[2016.03.30-00.32.33:266][617]LogModuleManager: Shutting down and abandoning module Documentation (135)
[2016.03.30-00.32.33:266][617]LogModuleManager: Shutting down and abandoning module GameLiveStreaming (134)
[2016.03.30-00.32.33:266][617]LogModuleManager: Shutting down and abandoning module StreamingPauseRendering (133)
[2016.03.30-00.32.33:266][617]LogModuleManager: Shutting down and abandoning module AnalyticsET (132)
[2016.03.30-00.32.33:266][617]LogModuleManager: Shutting down and abandoning module Analytics (131)
[2016.03.30-00.32.33:266][617]LogModuleManager: Shutting down and abandoning module AITestSuite (130)
[2016.03.30-00.32.33:266][617]LogModuleManager: Shutting down and abandoning module GameplayDebugger (129)
[2016.03.30-00.32.33:266][617]LogModuleManager: Shutting down and abandoning module AIModule (128)
[2016.03.30-00.32.33:266][617]LogModuleManager: Shutting down and abandoning module ProfilerService (127)
[2016.03.30-00.32.33:455][617]LogModuleManager: Shutting down and abandoning module TaskGraph (126)
[2016.03.30-00.32.33:455][617]LogModuleManager: Shutting down and abandoning module SlateRemote (125)
[2016.03.30-00.32.33:455][617]LogModuleManager: Shutting down and abandoning module SteamVRController (124)
[2016.03.30-00.32.33:455][617]LogModuleManager: Shutting down and abandoning module SteamVR (123)
[2016.03.30-00.32.33:455][617]LogModuleManager: Shutting down and abandoning module ProceduralMeshComponent (122)
[2016.03.30-00.32.33:455][617]LogModuleManager: Shutting down and abandoning module OculusLibrary (121)
[2016.03.30-00.32.33:455][617]LogModuleManager: Shutting down and abandoning module OculusInput (120)
[2016.03.30-00.32.33:455][617]LogModuleManager: Shutting down and abandoning module LeapMotionController (119)
[2016.03.30-00.32.33:469][617]LogModuleManager: Shutting down and abandoning module CustomMeshComponent (118)
[2016.03.30-00.32.33:469][617]LogModuleManager: Shutting down and abandoning module CableComponent (117)
[2016.03.30-00.32.33:469][617]LogModuleManager: Shutting down and abandoning module ArchVisCharacter (116)
[2016.03.30-00.32.33:469][617]LogModuleManager: Shutting down and abandoning module MessagingDebugger (115)
[2016.03.30-00.32.33:469][617]LogModuleManager: Shutting down and abandoning module MediaPlayerEditor (114)
[2016.03.30-00.32.33:469][617]LogModuleManager: Shutting down and abandoning module HTML5Networking (113)
[2016.03.30-00.32.33:469][617]LogModuleManager: Shutting down and abandoning module SpeedTreeImporter (112)
[2016.03.30-00.32.33:469][617]LogModuleManager: Shutting down and abandoning module PluginBrowser (111)
[2016.03.30-00.32.33:469][617]LogModuleManager: Shutting down and abandoning module EpicSurvey (110)
[2016.03.30-00.32.33:469][617]LogModuleManager: Shutting down and abandoning module DesktopPlatform (109)
[2016.03.30-00.32.33:469][617]LogModuleManager: Shutting down and abandoning module VisualStudioSourceCodeAccess (108)
[2016.03.30-00.32.33:469][617]LogModuleManager: Shutting down and abandoning module UObjectPlugin (107)
[2016.03.30-00.32.33:469][617]LogModuleManager: Shutting down and abandoning module SubversionSourceControl (106)
[2016.03.30-00.32.33:469][617]LogModuleManager: Shutting down and abandoning module PerforceSourceControl (105)
[2016.03.30-00.32.33:469][617]LogModuleManager: Shutting down and abandoning module SourceControl (104)
[2016.03.30-00.32.33:469][617]LogModuleManager: Shutting down and abandoning module GitSourceControl (103)
[2016.03.30-00.32.33:469][617]LogModuleManager: Shutting down and abandoning module LightPropagationVolumeEditor (102)
[2016.03.30-00.32.33:469][617]LogModuleManager: Shutting down and abandoning module PaperTiledImporter (101)
[2016.03.30-00.32.33:469][617]LogModuleManager: Shutting down and abandoning module PaperSpriteSheetImporter (100)
[2016.03.30-00.32.33:469][617]LogModuleManager: Shutting down and abandoning module MeshPaint (99)
[2016.03.30-00.32.33:469][617]LogModuleManager: Shutting down and abandoning module SlateReflector (98)
[2016.03.30-00.32.33:469][617]LogModuleManager: Shutting down and abandoning module HotReload (97)
[2016.03.30-00.32.33:470][617]LogModuleManager: Shutting down and abandoning module MainFrame (96)
[2016.03.30-00.32.33:470][617]LogModuleManager: Shutting down and abandoning module LevelEditor (95)
[2016.03.30-00.32.33:471][617]LogModuleManager: Shutting down and abandoning module DirectoryWatcher (94)
[2016.03.30-00.32.33:472][617]LogModuleManager: Shutting down and abandoning module AssetRegistry (93)
[2016.03.30-00.32.33:608][617]LogModuleManager: Shutting down and abandoning module ContentBrowser (92)
[2016.03.30-00.32.33:608][617]LogModuleManager: Shutting down and abandoning module Paper2DEditor (91)
[2016.03.30-00.32.33:609][617]LogModuleManager: Shutting down and abandoning module Wizards (90)
[2016.03.30-00.32.33:609][617]LogModuleManager: Shutting down and abandoning module UdpMessaging (89)
[2016.03.30-00.32.33:709][617]LogModuleManager: Shutting down and abandoning module LightPropagationVolumeRuntime (88)
[2016.03.30-00.32.33:709][617]LogModuleManager: Shutting down and abandoning module Paper2D (87)
[2016.03.30-00.32.33:709][617]LogModuleManager: Shutting down and abandoning module WindowsMoviePlayer (86)
[2016.03.30-00.32.33:713][617]LogModuleManager: Shutting down and abandoning module Media (85)
[2016.03.30-00.32.33:713][617]LogModuleManager: Shutting down and abandoning module WmfMedia (84)
[2016.03.30-00.32.33:714][617]LogModuleManager: Shutting down and abandoning module OnlineBlueprintSupport (83)
[2016.03.30-00.32.33:714][617]LogModuleManager: Shutting down and abandoning module GameplayTasksEditor (82)
[2016.03.30-00.32.33:715][617]LogModuleManager: Shutting down and abandoning module PropertyEditor (81)
[2016.03.30-00.32.33:715][617]LogModuleManager: Shutting down and abandoning module BehaviorTreeEditor (80)
[2016.03.30-00.32.33:715][617]LogModuleManager: Shutting down and abandoning module FunctionalTesting (79)
[2016.03.30-00.32.33:715][617]LogModuleManager: Shutting down and abandoning module CollisionAnalyzer (78)
[2016.03.30-00.32.33:715][617]LogModuleManager: Shutting down and abandoning module WorkspaceMenuStructure (77)
[2016.03.30-00.32.33:715][617]LogModuleManager: Shutting down and abandoning module MessageLog (76)
[2016.03.30-00.32.33:715][617]LogModuleManager: Shutting down and abandoning module Sequencer (75)
[2016.03.30-00.32.33:715][617]LogModuleManager: Shutting down and abandoning module AssetTools (74)
[2016.03.30-00.32.33:715][617]LogModuleManager: Shutting down and abandoning module UMGEditor (73)
[2016.03.30-00.32.33:715][617]LogModuleManager: Shutting down and abandoning module UMG (72)
[2016.03.30-00.32.33:715][617]LogModuleManager: Shutting down and abandoning module Slate (71)
[2016.03.30-00.32.33:715][617]LogModuleManager: Shutting down and abandoning module EditorStyle (70)
[2016.03.30-00.32.33:717][617]LogModuleManager: Shutting down and abandoning module SessionServices (69)
[2016.03.30-00.32.33:717][617]LogModuleManager: Shutting down and abandoning module SourceCodeAccess (68)
[2016.03.30-00.32.33:717][617]LogModuleManager: Shutting down and abandoning module HeadMountedDisplay (67)
[2016.03.30-00.32.33:717][617]LogModuleManager: Shutting down and abandoning module XAudio2 (66)
[2016.03.30-00.32.33:717][617]LogModuleManager: Shutting down and abandoning module Networking (65)
[2016.03.30-00.32.33:717][617]LogModuleManager: Shutting down and abandoning module Core (64)
[2016.03.30-00.32.33:717][617]LogModuleManager: Shutting down and abandoning module KismetCompiler (63)
[2016.03.30-00.32.33:717][617]LogModuleManager: Shutting down and abandoning module PhysXFormats (62)
[2016.03.30-00.32.33:717][617]LogModuleManager: Shutting down and abandoning module MeshUtilities (61)
[2016.03.30-00.32.33:717][617]LogModuleManager: Shutting down and abandoning module DerivedDataCache (60)
[2016.03.30-00.32.33:816][617]LogDerivedDataCache: Shutdown
[2016.03.30-00.32.33:816][617]LogModuleManager: Shutting down and abandoning module ShaderFormatOpenGL (59)
[2016.03.30-00.32.33:816][617]LogModuleManager: Shutting down and abandoning module ShaderFormatD3D (58)
[2016.03.30-00.32.33:816][617]LogModuleManager: Shutting down and abandoning module MetalShaderFormat (57)
[2016.03.30-00.32.33:816][617]LogModuleManager: Shutting down and abandoning module TextureFormatUncompressed (56)
[2016.03.30-00.32.33:816][617]LogModuleManager: Shutting down and abandoning module TextureFormatPVR (55)
[2016.03.30-00.32.33:816][617]LogModuleManager: Shutting down and abandoning module TextureFormatIntelISPCTexComp (54)
[2016.03.30-00.32.33:816][617]LogModuleManager: Shutting down and abandoning module TextureFormatDXT (53)
[2016.03.30-00.32.33:816][617]LogModuleManager: Shutting down and abandoning module ImageWrapper (52)
[2016.03.30-00.32.33:816][617]LogModuleManager: Shutting down and abandoning module TextureFormatASTC (51)
[2016.03.30-00.32.33:816][617]LogModuleManager: Shutting down and abandoning module TextureFormatAndroid (50)
[2016.03.30-00.32.33:816][617]LogModuleManager: Shutting down and abandoning module AudioFormatOpus (49)
[2016.03.30-00.32.33:816][617]LogModuleManager: Shutting down and abandoning module AudioFormatOgg (48)
[2016.03.30-00.32.33:816][617]LogModuleManager: Shutting down and abandoning module AudioFormatADPCM (47)
[2016.03.30-00.32.33:816][617]LogModuleManager: Shutting down and abandoning module LinuxTargetPlatform (46)
[2016.03.30-00.32.33:816][617]LogModuleManager: Shutting down and abandoning module LinuxServerTargetPlatform (45)
[2016.03.30-00.32.33:816][617]LogModuleManager: Shutting down and abandoning module LinuxNoEditorTargetPlatform (44)
[2016.03.30-00.32.33:816][617]LogModuleManager: Shutting down and abandoning module Messaging (43)
[2016.03.30-00.32.33:816][617]LogModuleManager: Shutting down and abandoning module IOSTargetPlatform (42)
[2016.03.30-00.32.33:816][617]LogModuleManager: Shutting down and abandoning module HTML5TargetPlatform (41)
[2016.03.30-00.32.33:816][617]LogModuleManager: Shutting down and abandoning module Android_PVRTCTargetPlatform (40)
[2016.03.30-00.32.33:816][617]LogModuleManager: Shutting down and abandoning module Android_MultiTargetPlatform (39)
[2016.03.30-00.32.33:816][617]LogModuleManager: Shutting down and abandoning module Android_ETC2TargetPlatform (38)
[2016.03.30-00.32.33:816][617]LogModuleManager: Shutting down and abandoning module Android_ETC1TargetPlatform (37)
[2016.03.30-00.32.33:816][617]LogModuleManager: Shutting down and abandoning module Android_DXTTargetPlatform (36)
[2016.03.30-00.32.33:816][617]LogModuleManager: Shutting down and abandoning module Android_ATCTargetPlatform (35)
[2016.03.30-00.32.33:816][617]LogModuleManager: Shutting down and abandoning module Android_ASTCTargetPlatform (34)
[2016.03.30-00.32.33:816][617]LogModuleManager: Shutting down and abandoning module AndroidTargetPlatform (33)
[2016.03.30-00.32.33:816][617]LogModuleManager: Shutting down and abandoning module WindowsTargetPlatform (32)
[2016.03.30-00.32.33:816][617]LogModuleManager: Shutting down and abandoning module WindowsServerTargetPlatform (31)
[2016.03.30-00.32.33:816][617]LogModuleManager: Shutting down and abandoning module WindowsNoEditorTargetPlatform (30)
[2016.03.30-00.32.33:816][617]LogModuleManager: Shutting down and abandoning module WindowsClientTargetPlatform (29)
[2016.03.30-00.32.33:817][617]LogModuleManager: Shutting down and abandoning module AllDesktopTargetPlatform (28)
[2016.03.30-00.32.33:817][617]LogModuleManager: Shutting down and abandoning module TargetPlatform (27)
[2016.03.30-00.32.33:817][617]LogModuleManager: Shutting down and abandoning module InputCore (26)
[2016.03.30-00.32.33:817][617]LogModuleManager: Shutting down and abandoning module Settings (25)
[2016.03.30-00.32.33:817][617]LogModuleManager: Shutting down and abandoning module Voice (23)
[2016.03.30-00.32.33:817][617]LogModuleManager: Shutting down and abandoning module OnlineSubsystem (19)
[2016.03.30-00.32.33:817][617]LogOnline:Display: NULL: FOnlineSubsystemNull::Shutdown()
[2016.03.30-00.32.33:817][617]LogOnline:Display: Unloading online subsystem: STEAM
[2016.03.30-00.32.33:817][617]LogOnline:Display: Unloading online subsystem: Null
[2016.03.30-00.32.33:817][617]LogModuleManager: Shutting down and abandoning module HTTP (18)
[2016.03.30-00.32.35:818][617]LogModuleManager: Shutting down and abandoning module XMPP (17)
[2016.03.30-00.32.35:818][617]LogModuleManager: Shutting down and abandoning module OculusRift (16)
[2016.03.30-00.32.35:818][617]LogModuleManager: Shutting down and abandoning module ExampleDeviceProfileSelector (15)
[2016.03.30-00.32.35:818][617]LogModuleManager: Shutting down and abandoning module TextureCompressor (14)
[2016.03.30-00.32.35:818][617]LogModuleManager: Shutting down and abandoning module ShaderCore (13)
[2016.03.30-00.32.35:818][617]LogModuleManager: Shutting down and abandoning module Landscape (12)
[2016.03.30-00.32.35:818][617]LogModuleManager: Shutting down and abandoning module SlateRHIRenderer (11)
[2016.03.30-00.32.35:819][617]LogModuleManager: Shutting down and abandoning module OpenGLDrv (10)
[2016.03.30-00.32.35:819][617]LogModuleManager: Shutting down and abandoning module D3D11RHI (9)
[2016.03.30-00.32.35:819][617]LogModuleManager: Shutting down and abandoning module AnimGraphRuntime (8)
[2016.03.30-00.32.35:819][617]LogModuleManager: Shutting down and abandoning module Renderer (7)
[2016.03.30-00.32.35:819][617]LogModuleManager: Shutting down and abandoning module Engine (6)
[2016.03.30-00.32.35:819][617]LogModuleManager: Shutting down and abandoning module CoreUObject (5)
[2016.03.30-00.32.35:819][617]LogModuleManager: Shutting down and abandoning module NetworkFile (4)
[2016.03.30-00.32.35:819][617]LogModuleManager: Shutting down and abandoning module StreamingFile (3)
[2016.03.30-00.32.35:819][617]LogModuleManager: Shutting down and abandoning module SandboxFile (2)
[2016.03.30-00.32.35:819][617]LogModuleManager: Shutting down and abandoning module PakFile (1)
[2016.03.30-00.32.35:822][617]LogExit: Exiting.
[2016.03.30-00.32.35:824][617]Log file closed, 03/29/16 17:32:35
