[2016.04.10-21.46.13:846][  0]Log file open, 04/10/16 14:46:13
[2016.04.10-21.46.13:846][  0]LogInit:Display: Running engine for game: Wizards
[2016.04.10-21.46.13:846][  0]LogPlatformFile: Not using cached read wrapper
[2016.04.10-21.46.13:846][  0]LogInit:Display: RandInit(-1204740647) SRandInit(-1204740645).
[2016.04.10-21.46.13:846][  0]LogTaskGraph: Started task graph with 4 named threads and 7 total threads.
[2016.04.10-21.46.13:846][  0]LogStats: Stats thread started at 0.075362
[2016.04.10-21.46.13:846][  0]LogInit: Version: 4.10.4-2872498+++depot+UE4-Releases+4.10
[2016.04.10-21.46.13:846][  0]LogInit: API Version: 2758231
[2016.04.10-21.46.13:846][  0]LogInit: Compiled (64-bit): Feb 18 2016 15:47:04
[2016.04.10-21.46.13:846][  0]LogInit: Compiled with Visual C++: 19.00.23026.00
[2016.04.10-21.46.13:846][  0]LogInit: Build Configuration: Development
[2016.04.10-21.46.13:846][  0]LogInit: Branch Name: ++depot+UE4-Releases+4.10
[2016.04.10-21.46.13:846][  0]LogInit: Command line:  
[2016.04.10-21.46.13:846][  0]LogInit: Base directory: C:/Program Files (x86)/Epic Games/4.10/Engine/Binaries/Win64/
[2016.04.10-21.46.13:846][  0]LogInit: Rocket: 1
[2016.04.10-21.46.13:854][  0]LogInit: Using libcurl 7.41.0
[2016.04.10-21.46.13:854][  0]LogInit:  - built for x86_64-pc-win32
[2016.04.10-21.46.13:854][  0]LogInit:  - supports SSL with WinSSL
[2016.04.10-21.46.13:854][  0]LogInit:  - other features:
[2016.04.10-21.46.13:854][  0]LogInit:      CURL_VERSION_SSL
[2016.04.10-21.46.13:854][  0]LogInit:      CURL_VERSION_IPV6
[2016.04.10-21.46.13:854][  0]LogInit:      CURL_VERSION_ASYNCHDNS
[2016.04.10-21.46.13:854][  0]LogInit:      CURL_VERSION_LARGEFILE
[2016.04.10-21.46.13:854][  0]LogInit:      CURL_VERSION_IDN
[2016.04.10-21.46.13:854][  0]LogInit:  CurlRequestOptions (configurable via config and command line):
[2016.04.10-21.46.13:854][  0]LogInit:  - bVerifyPeer = true  - Libcurl will verify peer certificate
[2016.04.10-21.46.13:854][  0]LogInit:  - bUseHttpProxy = false  - Libcurl will NOT use HTTP proxy
[2016.04.10-21.46.13:854][  0]LogInit:  - bDontReuseConnections = false  - Libcurl will reuse connections
[2016.04.10-21.46.13:854][  0]LogInit:  - CertBundlePath = nullptr  - Libcurl will use whatever was configured at build time.
[2016.04.10-21.46.13:861][  0]LogOnline:Display: STEAM: Loading Steam SDK 1.32
[2016.04.10-21.46.13:861][  0]LogOnline:Warning: STEAM: Steam API disabled!
[2016.04.10-21.46.13:861][  0]LogOnline:Display: STEAM: OnlineSubsystemSteam::Shutdown()
[2016.04.10-21.46.13:878][  0]LogInit: WinSock: version 1.1 (2.2), MaxSocks=32767, MaxUdp=65467
[2016.04.10-21.46.13:884][  0]LogVoice:Warning: Failed to initialize voice interface
[2016.04.10-21.46.13:888][  0]LogInit: Presizing for 0 objects not considered by GC, pre-allocating 0 bytes.
[2016.04.10-21.46.13:895][  0]LogInit: Object subsystem initialized
[2016.04.10-21.46.13:897][  0]LogInit: Selected Device Profile: [Windows]
[2016.04.10-21.46.13:897][  0]LogInit: Applying CVar settings loaded from the selected device profile: [Windows]
[2016.04.10-21.46.13:904][  0]LogInit: Computer: ALPHA
[2016.04.10-21.46.13:904][  0]LogInit: User: Logical
[2016.04.10-21.46.13:904][  0]LogInit: CPU Page size=4096, Cores=4
[2016.04.10-21.46.13:904][  0]LogInit: High frequency timer resolution =4.233818 MHz
[2016.04.10-21.46.13:904][  0]LogMemory: Memory total: Physical=15.9GB (16GB approx)
[2016.04.10-21.46.13:905][  0]LogMemory: Platform Memory Stats for Windows
[2016.04.10-21.46.13:905][  0]LogMemory: Process Physical Memory: 59.25 MB used, 59.25 MB peak
[2016.04.10-21.46.13:905][  0]LogMemory: Process Virtual Memory: 59.61 MB used, 59.61 MB peak
[2016.04.10-21.46.13:905][  0]LogMemory: Physical Memory: 4240.98 MB used, 16282.42 MB total
[2016.04.10-21.46.13:905][  0]LogMemory: Virtual Memory: 362.20 MB used, 8388608.00 MB total
[2016.04.10-21.46.13:952][  0]LogTextLocalizationManager: No specific translations for ('en-US') exist, so ('en') translations will be used.
[2016.04.10-21.46.14:483][  0]LogD3D11RHI: Found D3D11 adapter 0: NVIDIA GeForce GTX 960 (Feature Level 11_0)
[2016.04.10-21.46.14:483][  0]LogD3D11RHI: Adapter has 4010MB of dedicated video memory, 0MB of dedicated system memory, and 7885MB of shared system memory, 1 output[s]
[2016.04.10-21.46.14:483][  0]LogD3D11RHI: Chosen D3D11 Adapter Id = 0
[2016.04.10-21.46.14:491][  0]LogD3D11RHI: !Direct3DDevice
[2016.04.10-21.46.14:491][  0]LogRHI: Texture pool is 1361 MB (70% of 1945 MB)
[2016.04.10-21.46.14:502][  0]LogD3D11RHI: Async texture creation enabled
[2016.04.10-21.46.14:518][  0]LogShaderCompilers: Guid format shader working directory is -8 characters bigger than the processId version (../../../../../../Users/Logical/Documents/Github/wizards/Intermediate/Shaders/WorkingDirectory/8364/).
[2016.04.10-21.46.14:518][  0]LogShaderCompilers: Cleaned the shader compiler working directory 'C:/Users/Logical/AppData/Local/Temp/UnrealShaderWorkingDir/74DF8125408BC832932052A582AAD6A6/'.
[2016.04.10-21.46.14:518][  0]LogShaderCompilers:Display: Using Local Shader Compiler.
[2016.04.10-21.46.15:436][  0]LogTemp:Display: Loaded TP AllDesktopTargetPlatform
[2016.04.10-21.46.15:441][  0]LogTemp:Display: Loaded TP WindowsClientTargetPlatform
[2016.04.10-21.46.15:446][  0]LogTemp:Display: Loaded TP WindowsNoEditorTargetPlatform
[2016.04.10-21.46.15:451][  0]LogTemp:Display: Loaded TP WindowsServerTargetPlatform
[2016.04.10-21.46.15:455][  0]LogTemp:Display: Loaded TP WindowsTargetPlatform
[2016.04.10-21.46.15:459][  0]LogTemp:Display: Loaded TP AndroidTargetPlatform
[2016.04.10-21.46.15:462][  0]LogTemp:Display: Loaded TP Android_ASTCTargetPlatform
[2016.04.10-21.46.15:465][  0]LogTemp:Display: Loaded TP Android_ATCTargetPlatform
[2016.04.10-21.46.15:469][  0]LogTemp:Display: Loaded TP Android_DXTTargetPlatform
[2016.04.10-21.46.15:472][  0]LogTemp:Display: Loaded TP Android_ETC1TargetPlatform
[2016.04.10-21.46.15:475][  0]LogTemp:Display: Loaded TP Android_ETC2TargetPlatform
[2016.04.10-21.46.15:483][  0]LogTemp:Display: Loaded TP Android_MultiTargetPlatform
[2016.04.10-21.46.15:483][  0]LogTemp:Display: Loaded TP Android_PVRTCTargetPlatform
[2016.04.10-21.46.15:484][  0]LogTemp:Display: Loaded TP HTML5TargetPlatform
[2016.04.10-21.46.15:500][  0]LogTemp:Display: Loaded TP IOSTargetPlatform
[2016.04.10-21.46.15:503][  0]LogTemp:Display: Loaded TP LinuxNoEditorTargetPlatform
[2016.04.10-21.46.15:506][  0]LogTemp:Display: Loaded TP LinuxServerTargetPlatform
[2016.04.10-21.46.15:509][  0]LogTemp:Display: Loaded TP LinuxTargetPlatform
[2016.04.10-21.46.15:509][  0]LogTargetPlatformManager:Display: Building Assets For Windows
[2016.04.10-21.46.15:598][  0]LogDerivedDataCache:Display: Max Cache Size: 512 MB
[2016.04.10-21.46.15:692][  0]LogDerivedDataCache: Loaded boot cache 0.09s 53MB C:/Users/Logical/AppData/Local/UnrealEngine/4.10/DerivedDataCache/Boot.ddc.
[2016.04.10-21.46.15:692][  0]LogDerivedDataCache:Display: Loaded Boot cache: C:/Users/Logical/AppData/Local/UnrealEngine/4.10/DerivedDataCache/Boot.ddc
[2016.04.10-21.46.15:692][  0]LogDerivedDataCache: FDerivedDataBackendGraph:  Pak pak cache file ../../../../../../Users/Logical/Documents/Github/wizards/DerivedDataCache/DDC.ddp not found, will not use a pak cache.
[2016.04.10-21.46.15:692][  0]LogDerivedDataCache: Unable to find inner node Pak for hierarchical cache Hierarchy.
[2016.04.10-21.46.15:692][  0]LogDerivedDataCache: FDerivedDataBackendGraph:  CompressedPak pak cache file ../../../../../../Users/Logical/Documents/Github/wizards/DerivedDataCache/Compressed.ddp not found, will not use a pak cache.
[2016.04.10-21.46.15:692][  0]LogDerivedDataCache: Unable to find inner node CompressedPak for hierarchical cache Hierarchy.
[2016.04.10-21.46.15:753][  0]LogDerivedDataCache:Display: Pak cache opened for reading ../../../Engine/DerivedDataCache/Compressed.ddp.
[2016.04.10-21.46.15:764][  0]LogDerivedDataCache: Using Local data cache path C:/Users/Logical/AppData/Local/UnrealEngine/Common/DerivedDataCache: Writable
[2016.04.10-21.46.15:962][  0]LogInit: Selected Device Profile: [Windows]
[2016.04.10-21.46.15:962][  0]LogContentStreaming: Texture pool size is 0.000000MB
[2016.04.10-21.46.16:006][  0]LogMeshUtilities: No automatic mesh reduction module available
[2016.04.10-21.46.16:006][  0]LogMeshUtilities: No automatic mesh merging module available
[2016.04.10-21.46.17:165][  0]UdpMessaging: Initializing bridge on interface 0.0.0.0:0 to multicast group 230.0.0.1:6666.
[2016.04.10-21.46.19:106][  0]LogOutputDevice:Warning: === Handled error: ===

Ensure condition failed: this->IsBound() [File:i:\epic\epic games\4.10\engine\source\runtime\core\public\delegates\DelegateSignatureImpl_Variadics.inl] [Line: 930]
Unable to bind delegate to '&AWizardsCone::OnOverlap' (function might not be marked as a UFUNCTION)
Stack: 
UE4Editor-Core.dll!FWindowsPlatformStackWalk::StackWalkAndDump() [d:\buildfarm\buildmachine_++depot+ue4-releases+4.10\engine\source\runtime\core\private\windows\windowsplatformstackwalk.cpp:175]
UE4Editor-Core.dll!FDebug::EnsureFailed() [d:\buildfarm\buildmachine_++depot+ue4-releases+4.10\engine\source\runtime\core\private\misc\outputdevice.cpp:276]
UE4Editor-Core.dll!FDebug::OptionallyLogFormattedEnsureMessageReturningFalse() [d:\buildfarm\buildmachine_++depot+ue4-releases+4.10\engine\source\runtime\core\private\misc\outputdevice.cpp:385]
UE4Editor-Wizards.dll!TBaseDynamicDelegate<FWeakObjectPtr,void,AActor * __ptr64,UPrimitiveComponent * __ptr64,int,bool,FHitResult const & __ptr64>::__Internal_BindDynamic<AWizardsCone>() [i:\epic\epic games\4.10\engine\source\runtime\core\public\delegates\delegatesignatureimpl_variadics.inl:930]
UE4Editor-Wizards.dll!AWizardsCone::AWizardsCone() [i:\projects\wizards\source\wizards\private\wizardscone.cpp:19]
UE4Editor-CoreUObject.dll!UClass::CreateDefaultObject() [d:\buildfarm\buildmachine_++depot+ue4-releases+4.10\engine\source\runtime\coreuobject\private\uobject\class.cpp:2657]
UE4Editor-CoreUObject.dll!UObjectLoadAllCompiledInDefaultProperties() [d:\buildfarm\buildmachine_++depot+ue4-releases+4.10\engine\source\runtime\coreuobject\private\uobject\uobjectbase.cpp:658]
UE4Editor-CoreUObject.dll!ProcessNewlyLoadedUObjects() [d:\buildfarm\buildmachine_++depot+ue4-releases+4.10\engine\source\runtime\coreuobject\private\uobject\uobjectbase.cpp:752]
UE4Editor-CoreUObject.dll!TBaseStaticDelegateInstance<void __cdecl(void)>::ExecuteIfSafe() [d:\buildfarm\buildmachine_++depot+ue4-releases+4.10\engine\source\runtime\core\public\delegates\delegateinstancesimpl_variadics.inl:921]
UE4Editor-Core.dll!TBaseMulticastDelegate<void>::Broadcast() [d:\buildfarm\buildmachine_++depot+ue4-releases+4.10\engine\source\runtime\core\public\delegates\delegatesignatureimpl_variadics.inl:809]
UE4Editor-Core.dll!FModuleManager::LoadModuleWithFailureReason() [d:\buildfarm\buildmachine_++depot+ue4-releases+4.10\engine\source\runtime\core\private\modules\modulemanager.cpp:426]
UE4Editor-Projects.dll!FModuleDescriptor::LoadModulesForPhase() [d:\buildfarm\buildmachine_++depot+ue4-releases+4.10\engine\source\runtime\projects\private\moduledescriptor.cpp:370]
UE4Editor-Projects.dll!FProjectManager::LoadModulesForProject() [d:\buildfarm\buildmachine_++depot+ue4-releases+4.10\engine\source\runtime\projects\private\projectmanager.cpp:53]
UE4Editor.exe!FEngineLoop::LoadStartupModules() [d:\buildfarm\buildmachine_++depot+ue4-releases+4.10\engine\source\runtime\launch\private\launchengineloop.cpp:1989]
UE4Editor.exe!FEngineLoop::PreInit() [d:\buildfarm\buildmachine_++depot+ue4-releases+4.10\engine\source\runtime\launch\private\launchengineloop.cpp:1495]
UE4Editor.exe!GuardedMain() [d:\buildfarm\buildmachine_++depot+ue4-releases+4.10\engine\source\runtime\launch\private\launch.cpp:110]
UE4Editor.exe!GuardedMainWrapper() [d:\buildfarm\buildmachine_++depot+ue4-releases+4.10\engine\source\runtime\launch\private\windows\launchwindows.cpp:126]
UE4Editor.exe!WinMain() [d:\buildfarm\buildmachine_++depot+ue4-releases+4.10\engine\source\runtime\launch\private\windows\launchwindows.cpp:200]
UE4Editor.exe!__scrt_common_main_seh() [f:\dd\vctools\crt\vcstartup\src\startup\exe_common.inl:264]
kernel32.dll
ntdll.dll
ntdll.dll

[2016.04.10-21.46.19:501][  0]LogAssetRegistry: FAssetRegistry took 0.0115 seconds to start up
[2016.04.10-21.46.19:702][  0]SourceControl: Info Source control is disabled
[2016.04.10-21.46.19:703][  0]SourceControl: Info Source control is disabled
[2016.04.10-21.46.19:715][  0]SourceControl: Info Source control is disabled
[2016.04.10-21.46.19:731][  0]SourceControl: Info Source control is disabled
[2016.04.10-21.46.20:007][  0]LogObj: 33304 objects as part of root set at end of initial load.
[2016.04.10-21.46.20:007][  0]LogUObjectAllocator: 7857576 out of 0 bytes used by permanent object pool.
[2016.04.10-21.46.20:068][  0]LogEngine: Initializing Engine...
[2016.04.10-21.46.20:072][  0]LogHMD: Can't find Oculus library dev build: is proper Runtime installed? Version: 0.8.0.0
[2016.04.10-21.46.20:072][  0]LogHMD: SteamVR failed to initialize.  Err: 110
[2016.04.10-21.46.20:222][  0]LogAIModule: Creating AISystem for world NewWorld
[2016.04.10-21.46.20:240][  0]LogInit: XAudio2 using 'Speakers (Logitech G930 Headset)' : 2 channels at 44.1 kHz using 16 bits per sample (channel mask 0x3)
[2016.04.10-21.46.20:259][  0]LogInit: FAudioDevice initialized.
[2016.04.10-21.46.20:317][  0]LogDerivedDataCache: Saved boot cache 0.06s 53MB C:/Users/Logical/AppData/Local/UnrealEngine/4.10/DerivedDataCache/Boot.ddc.
[2016.04.10-21.46.20:332][  0]LogInit: Texture streaming: Enabled
[2016.04.10-21.46.20:338][  0]LogAnalytics: Creating configured Analytics provider AnalyticsET
[2016.04.10-21.46.20:338][  0]LogAnalytics: [UEEditor.Rocket.Release] APIServer = http://et2.epicgames.com/ET2/. AppVersion = 4.10.4-2872498+++depot+UE4-Releases+4.10
[2016.04.10-21.46.20:338][  0]LogAnalytics: [UEEditor.Rocket.Release] SetUserId 6adc7db841d972496a4138bf1fd52a82|95dbfcfbadea45bc810ef15143a39ae1|43985850-9a8d-48b6-b74f-8b1df78056ea
[2016.04.10-21.46.20:338][  0]LogAnalytics: [UEEditor.Rocket.Release] AnalyticsET::StartSession
[2016.04.10-21.46.20:347][  0]LogInit: Transaction tracking system initialized
[2016.04.10-21.46.20:378][  0]BlueprintLog: New page: Editor Load
[2016.04.10-21.46.20:525][  0]LocalizationService: Info Localization service is disabled
[2016.04.10-21.46.20:619][  0]LogConsoleResponse:Display: 
[2016.04.10-21.46.20:760][  0]LogCook:Display: Done creating registry. It took  0.00s.
[2016.04.10-21.46.20:843][  0]LogFileCache: Scanning file cache for directory 'C:/Users/Logical/Documents/Github/wizards/Content/' took 0.07s
[2016.04.10-21.46.20:843][  0]SourceControl: Info Source control is disabled
[2016.04.10-21.46.20:843][  0]Cmd: MAP LOAD FILE="../../../../../../Users/Logical/Documents/Github/wizards/Content/FirstPerson/Maps/main_menu.umap" TEMPLATE=0 SHOWPROGRESS=1 FEATURELEVEL=3
[2016.04.10-21.46.20:844][  0]LightingResults: New page: Lighting Build
[2016.04.10-21.46.20:847][  0]MapCheck: New page: Map Check
[2016.04.10-21.46.20:847][  0]LightingResults: New page: Lighting Build
[2016.04.10-21.46.20:867][  0]LogParticles: Destroying 0 GPU particle simulations for FXSystem 0x0000000073070EA0
[2016.04.10-21.46.21:143][  0]LogAIModule: Creating AISystem for world main_menu
[2016.04.10-21.46.21:144][  0]LogEditorServer: Finished looking for orphan Actors (0.000 secs)
[2016.04.10-21.46.21:144][  0]Cmd: MAP CHECKDEP NOCLEARLOG
[2016.04.10-21.46.21:207][  0]MapCheck: Info Map check complete: 0 Error(s), 0 Warning(s), took 62.037ms to complete.
[2016.04.10-21.46.21:207][  0]LogFileHelpers: Loading map 'main_menu' took 0.363
[2016.04.10-21.46.21:319][  0]LogCollectionManager: Loaded 0 collections in 0.002784 seconds
[2016.04.10-21.46.21:360][  0]LogFileCache: Scanning file cache for directory 'C:/Users/Logical/Documents/Github/wizards/Saved/Collections/' took 0.01s
[2016.04.10-21.46.21:360][  0]LogFileCache: Scanning file cache for directory 'C:/Users/Logical/Documents/Github/wizards/Content/Developers/Logical/Collections/' took 0.01s
[2016.04.10-21.46.21:360][  0]LogFileCache: Scanning file cache for directory 'C:/Users/Logical/Documents/Github/wizards/Content/Collections/' took 0.01s
[2016.04.10-21.46.21:360][  0]LogCollectionManager: Rebuilt the GUID cache for 0 collections in 0.000002 seconds
[2016.04.10-21.46.21:374][  0]LogContentBrowser: Native class hierarchy populated in 0.0135 seconds. Added 1905 classes and 343 folders.
[2016.04.10-21.46.21:384][  0]LogContentBrowser: Native class hierarchy updated for 'WidgetCarousel' in 0.0032 seconds. Added 0 classes and 0 folders.
[2016.04.10-21.46.21:442][  0]LogContentBrowser: Native class hierarchy updated for 'AddContentDialog' in 0.0041 seconds. Added 0 classes and 0 folders.
[2016.04.10-21.46.21:449][  0]LogContentBrowser: Native class hierarchy updated for 'SceneOutliner' in 0.0034 seconds. Added 1 classes and 2 folders.
[2016.04.10-21.46.21:470][  0]LogCrashTracker: Crashtracker disabled due to settings.
[2016.04.10-21.46.21:475][  0]LogUObjectGlobals:Warning: Failed to find object 'Class None.'
[2016.04.10-21.46.21:498][  0]LogLoad: Full Startup: 8.41 seconds (BP compile: 0.12 seconds)
[2016.04.10-21.46.21:510][  0]LogOcInput: Can't find Oculus library dev build: is proper Runtime installed? Version: 0.8.0.0
[2016.04.10-21.46.21:573][  0]LogContentStreaming: Texture pool size now 1000 MB
[2016.04.10-21.46.21:725][  0]LogRenderer: Reallocating scene render targets to support 1056x552 (Frame:2).
[2016.04.10-21.46.21:800][  1]LogFileCache: Retrieving MD5 hashes for directory 'C:/Users/Logical/Documents/Github/wizards/Content/' took 0.28s
[2016.04.10-21.46.23:797][212]LogAssetRegistry: Asset discovery search completed in 4.3076 seconds
[2016.04.10-21.46.23:798][212]LogCollectionManager: Rebuilt the object cache for 0 collections in 0.000002 seconds (found 0 objects)
[2016.04.10-21.46.23:798][212]LogCollectionManager: Fixed up redirectors for 0 collections in 0.000029 seconds (updated 0 objects)
[2016.04.10-21.46.26:582][534]LogLinker:Warning: Can't find file '/Game/FirstPerson/Maps/Multiplayer/Blueprints/GameInstace_MP_Stream'
[2016.04.10-21.46.26:582][534]LogLinker:Warning: Can't find file for asset '/Game/FirstPerson/Maps/Multiplayer/Blueprints/GameInstace_MP_Stream' while loading ../../../../../../Users/Logical/Documents/Github/wizards/Content/FirstPerson/Multiplayer/widgets/w_ErrorDialog.uasset.
[2016.04.10-21.46.26:582][534]LoadErrors:Error: Error /Game/FirstPerson/Multiplayer/widgets/w_ErrorDialog : Can't find file for asset. /Game/FirstPerson/Maps/Multiplayer/Blueprints/GameInstace_MP_Stream
[2016.04.10-21.46.26:584][534]LogLinker:Warning: Can't find file '/Game/FirstPerson/Maps/Multiplayer/Blueprints/GameInstace_MP_Stream'
[2016.04.10-21.46.26:584][534]LogLinker:Warning: Can't find file for asset '/Game/FirstPerson/Maps/Multiplayer/Blueprints/GameInstace_MP_Stream' while loading ../../../../../../Users/Logical/Documents/Github/wizards/Content/FirstPerson/Multiplayer/widgets/w_ErrorDialog.uasset.
[2016.04.10-21.46.26:585][534]LogLinker:Warning: Can't find file '/Game/FirstPerson/Maps/Multiplayer/Blueprints/GameInstace_MP_Stream'
[2016.04.10-21.46.26:585][534]LogLinker:Warning: Can't find file for asset '/Game/FirstPerson/Maps/Multiplayer/Blueprints/GameInstace_MP_Stream' while loading ../../../../../../Users/Logical/Documents/Github/wizards/Content/FirstPerson/Multiplayer/Blueprints/GameInstace_MP_Stream.uasset.
[2016.04.10-21.46.26:585][534]LoadErrors:Error: Error /Game/FirstPerson/Multiplayer/Blueprints/GameInstace_MP_Stream : Can't find file for asset. /Game/FirstPerson/Maps/Multiplayer/Blueprints/GameInstace_MP_Stream
[2016.04.10-21.46.26:585][534]LogLinker:Warning: Can't find file '/Game/FirstPerson/Maps/Multiplayer/Blueprints/GameInstace_MP_Stream'
[2016.04.10-21.46.26:585][534]LogLinker:Warning: Can't find file for asset '/Game/FirstPerson/Maps/Multiplayer/Blueprints/GameInstace_MP_Stream' while loading ../../../../../../Users/Logical/Documents/Github/wizards/Content/FirstPerson/Multiplayer/Blueprints/GameInstace_MP_Stream.uasset.
[2016.04.10-21.46.26:585][534]LogLinker:Warning: Can't find file '/Game/FirstPerson/Maps/Multiplayer/Blueprints/GameInstace_MP_Stream'
[2016.04.10-21.46.26:585][534]LogLinker:Warning: Can't find file for asset '/Game/FirstPerson/Maps/Multiplayer/Blueprints/GameInstace_MP_Stream' while loading ../../../../../../Users/Logical/Documents/Github/wizards/Content/FirstPerson/Multiplayer/Blueprints/GameInstace_MP_Stream.uasset.
[2016.04.10-21.46.26:588][534]LogLinker:Warning: Can't find file '/Game/FirstPerson/Maps/Multiplayer/Blueprints/GameInstace_MP_Stream'
[2016.04.10-21.46.26:588][534]LoadErrors: Info Failed to load /Game/FirstPerson/Maps/Multiplayer/Blueprints/GameInstace_MP_Stream.GameInstace_MP_Stream_C Referenced by K2Node_DynamicCast_573
[2016.04.10-21.46.26:588][534]LogLinker:Warning: Can't find file for asset '/Game/FirstPerson/Maps/Multiplayer/Blueprints/GameInstace_MP_Stream' while loading ../../../../../../Users/Logical/Documents/Github/wizards/Content/FirstPerson/Multiplayer/Blueprints/GameInstace_MP_Stream.uasset.
[2016.04.10-21.46.26:589][534]LogLinker:Warning: Can't find file '/Game/FirstPerson/Maps/Multiplayer/Blueprints/GameInstace_MP_Stream'
[2016.04.10-21.46.26:589][534]LoadErrors: Info Failed to load /Game/FirstPerson/Maps/Multiplayer/Blueprints/GameInstace_MP_Stream.GameInstace_MP_Stream_C Referenced by EdGraphPin_25656
[2016.04.10-21.46.26:589][534]LogLinker:Warning: Can't find file for asset '/Game/FirstPerson/Maps/Multiplayer/Blueprints/GameInstace_MP_Stream' while loading ../../../../../../Users/Logical/Documents/Github/wizards/Content/FirstPerson/Multiplayer/Blueprints/GameInstace_MP_Stream.uasset.
[2016.04.10-21.46.26:589][534]LogLinker:Warning: Can't find file '/Game/FirstPerson/Maps/Multiplayer/Blueprints/GameInstace_MP_Stream'
[2016.04.10-21.46.26:589][534]LoadErrors: Info Failed to load /Game/FirstPerson/Maps/Multiplayer/Blueprints/GameInstace_MP_Stream.GameInstace_MP_Stream_C Referenced by K2Node_CallFunction_2579
[2016.04.10-21.46.26:589][534]LogLinker:Warning: Can't find file for asset '/Game/FirstPerson/Maps/Multiplayer/Blueprints/GameInstace_MP_Stream' while loading ../../../../../../Users/Logical/Documents/Github/wizards/Content/FirstPerson/Multiplayer/Blueprints/GameInstace_MP_Stream.uasset.
[2016.04.10-21.46.26:590][534]LogLinker:Warning: Can't find file '/Game/FirstPerson/Maps/Multiplayer/Blueprints/GameInstace_MP_Stream'
[2016.04.10-21.46.26:590][534]LoadErrors: Info Failed to load /Game/FirstPerson/Maps/Multiplayer/Blueprints/GameInstace_MP_Stream.GameInstace_MP_Stream_C Referenced by EdGraphPin_25672
[2016.04.10-21.46.26:590][534]LogLinker:Warning: Can't find file for asset '/Game/FirstPerson/Maps/Multiplayer/Blueprints/GameInstace_MP_Stream' while loading ../../../../../../Users/Logical/Documents/Github/wizards/Content/FirstPerson/Multiplayer/Blueprints/GameInstace_MP_Stream.uasset.
[2016.04.10-21.46.26:595][534]LogBlueprint:Error: [compiler w_ErrorDialog] Error Could not find a function named "showMainMenu" in 'w_ErrorDialog'.
Make sure 'w_ErrorDialog' has been compiled for  Show Main Menu 
[2016.04.10-21.46.26:595][534]LogBlueprint:Warning: [compiler w_ErrorDialog] Warning Can't connect pins  Return Value  and  Object : This cast has an invalid target type (was the class deleted without a redirect?).
[2016.04.10-21.46.26:595][534]LogBlueprint:Warning: [compiler w_ErrorDialog] Warning Can't connect pins  Object  and  Return Value : This cast has an invalid target type (was the class deleted without a redirect?).
[2016.04.10-21.46.26:596][534]LogBlueprint:Error: [compiler w_ErrorDialog] Error This blueprint (self) is not compatible with ' Target ', therefore that pin must have a connection.
[2016.04.10-21.46.26:599][534]LogBlueprint:Warning: [compiler w_ErrorDialog] Warning [0013.51] Compile of w_ErrorDialog failed. 2 Fatal Issue(s) 2 Warning(s) [in 4 ms]
[2016.04.10-21.46.26:599][534]LogBlueprint:Warning: [compiler w_ErrorDialog] Warning [0013.51] Compile of w_ErrorDialog failed. 2 Fatal Issue(s) 3 Warning(s) [in 0 ms]
[2016.04.10-21.46.26:599][534]LogBlueprint:Warning: [compiler w_ErrorDialog] Warning [0013.51] Compile of w_ErrorDialog failed. 2 Fatal Issue(s) 4 Warning(s) [in 0 ms]
[2016.04.10-21.46.26:739][534]LogLinker:Warning: Asset '../../../Engine/Content/ArtTools/RenderToTexture/Macros/RenderToTextureMacros.uasset' has been saved with empty engine version. The asset will be loaded but may be incompatible.
[2016.04.10-21.46.27:195][534]LogContentBrowser: Native class hierarchy updated for 'BlueprintGraph' in 0.0038 seconds. Added 107 classes and 0 folders.
[2016.04.10-21.46.29:129][668]BlueprintLog: New page: Compile GameInstace_MP_Stream
[2016.04.10-21.46.29:252][668]BlueprintEditorCompileResults: Info [0016.16] Compile of GameInstace_MP_Stream successful! [in 122 ms]
[2016.04.10-21.46.41:774][906]BlueprintLog: New page: Compile GameInstace_MP_Stream
[2016.04.10-21.46.41:887][906]BlueprintEditorCompileResults: Info [0028.79] Compile of GameInstace_MP_Stream successful! [in 112 ms]
[2016.04.10-21.56.22:310][229]LogFileHelpers: Editor autosave (incl. sublevels) for '/Game/FirstPerson/Maps/main_menu' took 0.038
[2016.04.10-21.56.22:315][229]OBJ SavePackage: Generating thumbnails for [0] asset(s) in package [/Game/FirstPerson/Multiplayer/Blueprints/GameInstace_MP_Stream] ([1] browsable assets)...
[2016.04.10-21.56.22:315][229]OBJ SavePackage: Finished generating thumbnails for package [/Game/FirstPerson/Multiplayer/Blueprints/GameInstace_MP_Stream]
[2016.04.10-21.56.22:415][229]LogSavePackage: Save=89.179321ms
[2016.04.10-21.56.22:415][229]LogSavePackage: Moving '../../../../../../Users/Logical/Documents/Github/wizards/Saved/GameInstace_MP_Stream_Auto1A8AF5668438A6BB2FEC9E586F377CF77.tmp' to '../../../../../../Users/Logical/Documents/Github/wizards/Saved/Autosaves/Game/FirstPerson/Multiplayer/Blueprints/GameInstace_MP_Stream_Auto1.uasset'
[2016.04.10-21.56.22:417][229]LogSavePackage: Total save time: 100.563370ms
[2016.04.10-21.56.22:417][229]LogSavePackage:Display: Finished SavePackage ../../../../../../Users/Logical/Documents/Github/wizards/Saved/Autosaves/Game/FirstPerson/Multiplayer/Blueprints/GameInstace_MP_Stream_Auto1.uasset
[2016.04.10-21.56.22:417][229]LogFileHelpers: Auto-saving content packages took 0.106
[2016.04.10-23.26.10:975][119]LogFileHelpers: Editor autosave (incl. sublevels) for '/Game/FirstPerson/Maps/main_menu' took 0.038
[2016.04.10-23.26.10:981][119]OBJ SavePackage: Generating thumbnails for [0] asset(s) in package [/Game/FirstPerson/Multiplayer/Blueprints/GameInstace_MP_Stream] ([1] browsable assets)...
[2016.04.10-23.26.10:981][119]OBJ SavePackage: Finished generating thumbnails for package [/Game/FirstPerson/Multiplayer/Blueprints/GameInstace_MP_Stream]
[2016.04.10-23.26.11:099][119]LogSavePackage: Save=111.873962ms
[2016.04.10-23.26.11:099][119]LogSavePackage: Moving '../../../../../../Users/Logical/Documents/Github/wizards/Saved/GameInstace_MP_Stream_Auto22EA078824DFAAA462DF20DAD7F2A70DE.tmp' to '../../../../../../Users/Logical/Documents/Github/wizards/Saved/Autosaves/Game/FirstPerson/Multiplayer/Blueprints/GameInstace_MP_Stream_Auto2.uasset'
[2016.04.10-23.26.11:100][119]LogSavePackage: Total save time: 118.613508ms
[2016.04.10-23.26.11:100][119]LogSavePackage:Display: Finished SavePackage ../../../../../../Users/Logical/Documents/Github/wizards/Saved/Autosaves/Game/FirstPerson/Multiplayer/Blueprints/GameInstace_MP_Stream_Auto2.uasset
[2016.04.10-23.26.11:101][119]LogFileHelpers: Auto-saving content packages took 0.124
[2016.04.10-23.29.16:986][738]LogUObjectHash:Warning: Ambiguous search, could be VerticalBox /Game/FirstPerson/Multiplayer/widgets/w_mainMenu.w_mainMenu:WidgetTree.VerticalBox_2 or VerticalBox /Game/FirstPerson/Multiplayer/widgets/w_mainMenu.w_mainMenu_C:WidgetTree_33.VerticalBox_2
[2016.04.10-23.29.16:986][738]LogUObjectHash:Warning: Ambiguous search, could be VerticalBox /Game/FirstPerson/Multiplayer/widgets/w_mainMenu.w_mainMenu:WidgetTree.VerticalBox_2 or VerticalBox /Engine/Transient.World_4:w_mainMenu_C_11.WidgetTree_34.VerticalBox_2
[2016.04.10-23.29.16:986][738]LogUObjectHash:Warning: Ambiguous search, could be VerticalBox /Game/FirstPerson/Multiplayer/widgets/w_mainMenu.w_mainMenu:WidgetTree.VerticalBox_2 or VerticalBox /Game/FirstPerson/Multiplayer/widgets/w_mainMenu.w_mainMenu_C:WidgetTree_35.VerticalBox_2
[2016.04.10-23.29.16:986][738]LogUObjectHash:Warning: Ambiguous search, could be VerticalBox /Game/FirstPerson/Multiplayer/widgets/w_mainMenu.w_mainMenu:WidgetTree.VerticalBox_2 or VerticalBox /Engine/Transient.World_4:w_mainMenu_C_12.WidgetTree_36.VerticalBox_2
[2016.04.10-23.29.16:986][738]LogUObjectHash:Warning: Ambiguous search, could be VerticalBox /Game/FirstPerson/Multiplayer/widgets/w_mainMenu.w_mainMenu:WidgetTree.VerticalBox_2 or VerticalBox /Game/FirstPerson/Multiplayer/widgets/w_mainMenu.w_mainMenu_C:WidgetTree_37.VerticalBox_2
[2016.04.10-23.29.16:986][738]LogUObjectHash:Warning: Ambiguous search, could be VerticalBox /Game/FirstPerson/Multiplayer/widgets/w_mainMenu.w_mainMenu:WidgetTree.VerticalBox_2 or VerticalBox /Engine/Transient.World_4:w_mainMenu_C_13.WidgetTree_38.VerticalBox_2
[2016.04.10-23.29.16:986][738]LogUObjectHash:Warning: Ambiguous search, could be VerticalBox /Game/FirstPerson/Multiplayer/widgets/w_mainMenu.w_mainMenu:WidgetTree.VerticalBox_2 or VerticalBox /Game/FirstPerson/Multiplayer/widgets/w_mainMenu.w_mainMenu_C:WidgetTree_39.VerticalBox_2
[2016.04.10-23.29.16:986][738]LogUObjectHash:Warning: Ambiguous search, could be VerticalBox /Game/FirstPerson/Multiplayer/widgets/w_mainMenu.w_mainMenu:WidgetTree.VerticalBox_2 or VerticalBox /Engine/Transient.World_4:w_mainMenu_C_14.WidgetTree_40.VerticalBox_2
[2016.04.10-23.29.16:986][738]LogProperty:Warning: Illegal TEXT reference to a private object in external package (VerticalBoxSlot /Game/FirstPerson/Multiplayer/widgets/w_mainMenu.w_mainMenu:WidgetTree.VerticalBox_2.VerticalBoxSlot_1) from referencer (Button /Engine/UMG/Editor/Transient.Button_2).  Import failed...
[2016.04.10-23.29.16:986][738]LogProperty:Warning: ObjectProperty /Script/UMG.Widget:Slot: unresolved reference to 'VerticalBoxSlot'VerticalBox_2.VerticalBoxSlot_1''
[2016.04.10-23.29.16:986][738]LogUObjectHash:Warning: Ambiguous search, could be VerticalBox /Game/FirstPerson/Multiplayer/widgets/w_mainMenu.w_mainMenu:WidgetTree.VerticalBox_2 or VerticalBox /Game/FirstPerson/Multiplayer/widgets/w_mainMenu.w_mainMenu_C:WidgetTree_33.VerticalBox_2
[2016.04.10-23.29.16:986][738]LogUObjectHash:Warning: Ambiguous search, could be VerticalBox /Game/FirstPerson/Multiplayer/widgets/w_mainMenu.w_mainMenu:WidgetTree.VerticalBox_2 or VerticalBox /Engine/Transient.World_4:w_mainMenu_C_11.WidgetTree_34.VerticalBox_2
[2016.04.10-23.29.16:986][738]LogUObjectHash:Warning: Ambiguous search, could be VerticalBox /Game/FirstPerson/Multiplayer/widgets/w_mainMenu.w_mainMenu:WidgetTree.VerticalBox_2 or VerticalBox /Game/FirstPerson/Multiplayer/widgets/w_mainMenu.w_mainMenu_C:WidgetTree_35.VerticalBox_2
[2016.04.10-23.29.16:986][738]LogUObjectHash:Warning: Ambiguous search, could be VerticalBox /Game/FirstPerson/Multiplayer/widgets/w_mainMenu.w_mainMenu:WidgetTree.VerticalBox_2 or VerticalBox /Engine/Transient.World_4:w_mainMenu_C_12.WidgetTree_36.VerticalBox_2
[2016.04.10-23.29.16:986][738]LogUObjectHash:Warning: Ambiguous search, could be VerticalBox /Game/FirstPerson/Multiplayer/widgets/w_mainMenu.w_mainMenu:WidgetTree.VerticalBox_2 or VerticalBox /Game/FirstPerson/Multiplayer/widgets/w_mainMenu.w_mainMenu_C:WidgetTree_37.VerticalBox_2
[2016.04.10-23.29.16:986][738]LogUObjectHash:Warning: Ambiguous search, could be VerticalBox /Game/FirstPerson/Multiplayer/widgets/w_mainMenu.w_mainMenu:WidgetTree.VerticalBox_2 or VerticalBox /Engine/Transient.World_4:w_mainMenu_C_13.WidgetTree_38.VerticalBox_2
[2016.04.10-23.29.16:986][738]LogUObjectHash:Warning: Ambiguous search, could be VerticalBox /Game/FirstPerson/Multiplayer/widgets/w_mainMenu.w_mainMenu:WidgetTree.VerticalBox_2 or VerticalBox /Game/FirstPerson/Multiplayer/widgets/w_mainMenu.w_mainMenu_C:WidgetTree_39.VerticalBox_2
[2016.04.10-23.29.16:986][738]LogUObjectHash:Warning: Ambiguous search, could be VerticalBox /Game/FirstPerson/Multiplayer/widgets/w_mainMenu.w_mainMenu:WidgetTree.VerticalBox_2 or VerticalBox /Engine/Transient.World_4:w_mainMenu_C_14.WidgetTree_40.VerticalBox_2
[2016.04.10-23.29.16:987][738]LogProperty:Warning: Illegal TEXT reference to a private object in external package (VerticalBoxSlot /Game/FirstPerson/Multiplayer/widgets/w_mainMenu.w_mainMenu:WidgetTree.VerticalBox_2.VerticalBoxSlot_2) from referencer (Spacer /Engine/UMG/Editor/Transient.Spacer_2).  Import failed...
[2016.04.10-23.29.16:987][738]LogProperty:Warning: ObjectProperty /Script/UMG.Widget:Slot: unresolved reference to 'VerticalBoxSlot'VerticalBox_2.VerticalBoxSlot_2''
[2016.04.10-23.29.17:683][819]LogUObjectHash:Warning: Ambiguous search, could be VerticalBox /Game/FirstPerson/Multiplayer/widgets/w_mainMenu.w_mainMenu:WidgetTree.VerticalBox_2 or VerticalBox /Game/FirstPerson/Multiplayer/widgets/w_mainMenu.w_mainMenu_C:WidgetTree_33.VerticalBox_2
[2016.04.10-23.29.17:683][819]LogUObjectHash:Warning: Ambiguous search, could be VerticalBox /Game/FirstPerson/Multiplayer/widgets/w_mainMenu.w_mainMenu:WidgetTree.VerticalBox_2 or VerticalBox /Engine/Transient.World_4:w_mainMenu_C_11.WidgetTree_34.VerticalBox_2
[2016.04.10-23.29.17:683][819]LogUObjectHash:Warning: Ambiguous search, could be VerticalBox /Game/FirstPerson/Multiplayer/widgets/w_mainMenu.w_mainMenu:WidgetTree.VerticalBox_2 or VerticalBox /Game/FirstPerson/Multiplayer/widgets/w_mainMenu.w_mainMenu_C:WidgetTree_35.VerticalBox_2
[2016.04.10-23.29.17:683][819]LogUObjectHash:Warning: Ambiguous search, could be VerticalBox /Game/FirstPerson/Multiplayer/widgets/w_mainMenu.w_mainMenu:WidgetTree.VerticalBox_2 or VerticalBox /Engine/Transient.World_4:w_mainMenu_C_12.WidgetTree_36.VerticalBox_2
[2016.04.10-23.29.17:683][819]LogUObjectHash:Warning: Ambiguous search, could be VerticalBox /Game/FirstPerson/Multiplayer/widgets/w_mainMenu.w_mainMenu:WidgetTree.VerticalBox_2 or VerticalBox /Game/FirstPerson/Multiplayer/widgets/w_mainMenu.w_mainMenu_C:WidgetTree_37.VerticalBox_2
[2016.04.10-23.29.17:683][819]LogUObjectHash:Warning: Ambiguous search, could be VerticalBox /Game/FirstPerson/Multiplayer/widgets/w_mainMenu.w_mainMenu:WidgetTree.VerticalBox_2 or VerticalBox /Engine/Transient.World_4:w_mainMenu_C_13.WidgetTree_38.VerticalBox_2
[2016.04.10-23.29.17:683][819]LogUObjectHash:Warning: Ambiguous search, could be VerticalBox /Game/FirstPerson/Multiplayer/widgets/w_mainMenu.w_mainMenu:WidgetTree.VerticalBox_2 or VerticalBox /Game/FirstPerson/Multiplayer/widgets/w_mainMenu.w_mainMenu_C:WidgetTree_39.VerticalBox_2
[2016.04.10-23.29.17:683][819]LogUObjectHash:Warning: Ambiguous search, could be VerticalBox /Game/FirstPerson/Multiplayer/widgets/w_mainMenu.w_mainMenu:WidgetTree.VerticalBox_2 or VerticalBox /Engine/Transient.World_4:w_mainMenu_C_14.WidgetTree_40.VerticalBox_2
[2016.04.10-23.29.17:683][819]LogUObjectHash:Warning: Ambiguous search, could be VerticalBox /Game/FirstPerson/Multiplayer/widgets/w_mainMenu.w_mainMenu:WidgetTree.VerticalBox_2 or VerticalBox /Game/FirstPerson/Multiplayer/widgets/w_mainMenu.w_mainMenu_C:WidgetTree_41.VerticalBox_2
[2016.04.10-23.29.17:683][819]LogUObjectHash:Warning: Ambiguous search, could be VerticalBox /Game/FirstPerson/Multiplayer/widgets/w_mainMenu.w_mainMenu:WidgetTree.VerticalBox_2 or VerticalBox /Engine/Transient.World_4:w_mainMenu_C_15.WidgetTree_42.VerticalBox_2
[2016.04.10-23.29.17:683][819]LogProperty:Warning: Illegal TEXT reference to a private object in external package (VerticalBoxSlot /Game/FirstPerson/Multiplayer/widgets/w_mainMenu.w_mainMenu:WidgetTree.VerticalBox_2.VerticalBoxSlot_1) from referencer (Button /Engine/UMG/Editor/Transient.Button_2).  Import failed...
[2016.04.10-23.29.17:683][819]LogProperty:Warning: ObjectProperty /Script/UMG.Widget:Slot: unresolved reference to 'VerticalBoxSlot'VerticalBox_2.VerticalBoxSlot_1''
[2016.04.10-23.29.17:683][819]LogUObjectHash:Warning: Ambiguous search, could be VerticalBox /Game/FirstPerson/Multiplayer/widgets/w_mainMenu.w_mainMenu:WidgetTree.VerticalBox_2 or VerticalBox /Game/FirstPerson/Multiplayer/widgets/w_mainMenu.w_mainMenu_C:WidgetTree_33.VerticalBox_2
[2016.04.10-23.29.17:683][819]LogUObjectHash:Warning: Ambiguous search, could be VerticalBox /Game/FirstPerson/Multiplayer/widgets/w_mainMenu.w_mainMenu:WidgetTree.VerticalBox_2 or VerticalBox /Engine/Transient.World_4:w_mainMenu_C_11.WidgetTree_34.VerticalBox_2
[2016.04.10-23.29.17:683][819]LogUObjectHash:Warning: Ambiguous search, could be VerticalBox /Game/FirstPerson/Multiplayer/widgets/w_mainMenu.w_mainMenu:WidgetTree.VerticalBox_2 or VerticalBox /Game/FirstPerson/Multiplayer/widgets/w_mainMenu.w_mainMenu_C:WidgetTree_35.VerticalBox_2
[2016.04.10-23.29.17:683][819]LogUObjectHash:Warning: Ambiguous search, could be VerticalBox /Game/FirstPerson/Multiplayer/widgets/w_mainMenu.w_mainMenu:WidgetTree.VerticalBox_2 or VerticalBox /Engine/Transient.World_4:w_mainMenu_C_12.WidgetTree_36.VerticalBox_2
[2016.04.10-23.29.17:683][819]LogUObjectHash:Warning: Ambiguous search, could be VerticalBox /Game/FirstPerson/Multiplayer/widgets/w_mainMenu.w_mainMenu:WidgetTree.VerticalBox_2 or VerticalBox /Game/FirstPerson/Multiplayer/widgets/w_mainMenu.w_mainMenu_C:WidgetTree_37.VerticalBox_2
[2016.04.10-23.29.17:683][819]LogUObjectHash:Warning: Ambiguous search, could be VerticalBox /Game/FirstPerson/Multiplayer/widgets/w_mainMenu.w_mainMenu:WidgetTree.VerticalBox_2 or VerticalBox /Engine/Transient.World_4:w_mainMenu_C_13.WidgetTree_38.VerticalBox_2
[2016.04.10-23.29.17:683][819]LogUObjectHash:Warning: Ambiguous search, could be VerticalBox /Game/FirstPerson/Multiplayer/widgets/w_mainMenu.w_mainMenu:WidgetTree.VerticalBox_2 or VerticalBox /Game/FirstPerson/Multiplayer/widgets/w_mainMenu.w_mainMenu_C:WidgetTree_39.VerticalBox_2
[2016.04.10-23.29.17:683][819]LogUObjectHash:Warning: Ambiguous search, could be VerticalBox /Game/FirstPerson/Multiplayer/widgets/w_mainMenu.w_mainMenu:WidgetTree.VerticalBox_2 or VerticalBox /Engine/Transient.World_4:w_mainMenu_C_14.WidgetTree_40.VerticalBox_2
[2016.04.10-23.29.17:683][819]LogUObjectHash:Warning: Ambiguous search, could be VerticalBox /Game/FirstPerson/Multiplayer/widgets/w_mainMenu.w_mainMenu:WidgetTree.VerticalBox_2 or VerticalBox /Game/FirstPerson/Multiplayer/widgets/w_mainMenu.w_mainMenu_C:WidgetTree_41.VerticalBox_2
[2016.04.10-23.29.17:683][819]LogUObjectHash:Warning: Ambiguous search, could be VerticalBox /Game/FirstPerson/Multiplayer/widgets/w_mainMenu.w_mainMenu:WidgetTree.VerticalBox_2 or VerticalBox /Engine/Transient.World_4:w_mainMenu_C_15.WidgetTree_42.VerticalBox_2
[2016.04.10-23.29.17:683][819]LogProperty:Warning: Illegal TEXT reference to a private object in external package (VerticalBoxSlot /Game/FirstPerson/Multiplayer/widgets/w_mainMenu.w_mainMenu:WidgetTree.VerticalBox_2.VerticalBoxSlot_2) from referencer (Spacer /Engine/UMG/Editor/Transient.Spacer_2).  Import failed...
[2016.04.10-23.29.17:683][819]LogProperty:Warning: ObjectProperty /Script/UMG.Widget:Slot: unresolved reference to 'VerticalBoxSlot'VerticalBox_2.VerticalBoxSlot_2''
[2016.04.10-23.29.18:179][876]LogUObjectHash:Warning: Ambiguous search, could be VerticalBox /Game/FirstPerson/Multiplayer/widgets/w_mainMenu.w_mainMenu:WidgetTree.VerticalBox_2 or VerticalBox /Game/FirstPerson/Multiplayer/widgets/w_mainMenu.w_mainMenu_C:WidgetTree_33.VerticalBox_2
[2016.04.10-23.29.18:179][876]LogUObjectHash:Warning: Ambiguous search, could be VerticalBox /Game/FirstPerson/Multiplayer/widgets/w_mainMenu.w_mainMenu:WidgetTree.VerticalBox_2 or VerticalBox /Engine/Transient.World_4:w_mainMenu_C_11.WidgetTree_34.VerticalBox_2
[2016.04.10-23.29.18:179][876]LogUObjectHash:Warning: Ambiguous search, could be VerticalBox /Game/FirstPerson/Multiplayer/widgets/w_mainMenu.w_mainMenu:WidgetTree.VerticalBox_2 or VerticalBox /Game/FirstPerson/Multiplayer/widgets/w_mainMenu.w_mainMenu_C:WidgetTree_35.VerticalBox_2
[2016.04.10-23.29.18:179][876]LogUObjectHash:Warning: Ambiguous search, could be VerticalBox /Game/FirstPerson/Multiplayer/widgets/w_mainMenu.w_mainMenu:WidgetTree.VerticalBox_2 or VerticalBox /Engine/Transient.World_4:w_mainMenu_C_12.WidgetTree_36.VerticalBox_2
[2016.04.10-23.29.18:179][876]LogUObjectHash:Warning: Ambiguous search, could be VerticalBox /Game/FirstPerson/Multiplayer/widgets/w_mainMenu.w_mainMenu:WidgetTree.VerticalBox_2 or VerticalBox /Game/FirstPerson/Multiplayer/widgets/w_mainMenu.w_mainMenu_C:WidgetTree_37.VerticalBox_2
[2016.04.10-23.29.18:180][876]LogUObjectHash:Warning: Ambiguous search, could be VerticalBox /Game/FirstPerson/Multiplayer/widgets/w_mainMenu.w_mainMenu:WidgetTree.VerticalBox_2 or VerticalBox /Engine/Transient.World_4:w_mainMenu_C_13.WidgetTree_38.VerticalBox_2
[2016.04.10-23.29.18:180][876]LogUObjectHash:Warning: Ambiguous search, could be VerticalBox /Game/FirstPerson/Multiplayer/widgets/w_mainMenu.w_mainMenu:WidgetTree.VerticalBox_2 or VerticalBox /Game/FirstPerson/Multiplayer/widgets/w_mainMenu.w_mainMenu_C:WidgetTree_39.VerticalBox_2
[2016.04.10-23.29.18:180][876]LogUObjectHash:Warning: Ambiguous search, could be VerticalBox /Game/FirstPerson/Multiplayer/widgets/w_mainMenu.w_mainMenu:WidgetTree.VerticalBox_2 or VerticalBox /Engine/Transient.World_4:w_mainMenu_C_14.WidgetTree_40.VerticalBox_2
[2016.04.10-23.29.18:180][876]LogUObjectHash:Warning: Ambiguous search, could be VerticalBox /Game/FirstPerson/Multiplayer/widgets/w_mainMenu.w_mainMenu:WidgetTree.VerticalBox_2 or VerticalBox /Game/FirstPerson/Multiplayer/widgets/w_mainMenu.w_mainMenu_C:WidgetTree_41.VerticalBox_2
[2016.04.10-23.29.18:180][876]LogUObjectHash:Warning: Ambiguous search, could be VerticalBox /Game/FirstPerson/Multiplayer/widgets/w_mainMenu.w_mainMenu:WidgetTree.VerticalBox_2 or VerticalBox /Engine/Transient.World_4:w_mainMenu_C_15.WidgetTree_42.VerticalBox_2
[2016.04.10-23.29.18:180][876]LogUObjectHash:Warning: Ambiguous search, could be VerticalBox /Game/FirstPerson/Multiplayer/widgets/w_mainMenu.w_mainMenu:WidgetTree.VerticalBox_2 or VerticalBox /Game/FirstPerson/Multiplayer/widgets/w_mainMenu.w_mainMenu_C:WidgetTree_43.VerticalBox_2
[2016.04.10-23.29.18:180][876]LogUObjectHash:Warning: Ambiguous search, could be VerticalBox /Game/FirstPerson/Multiplayer/widgets/w_mainMenu.w_mainMenu:WidgetTree.VerticalBox_2 or VerticalBox /Engine/Transient.World_4:w_mainMenu_C_16.WidgetTree_44.VerticalBox_2
[2016.04.10-23.29.18:180][876]LogProperty:Warning: Illegal TEXT reference to a private object in external package (VerticalBoxSlot /Game/FirstPerson/Multiplayer/widgets/w_mainMenu.w_mainMenu:WidgetTree.VerticalBox_2.VerticalBoxSlot_1) from referencer (Button /Engine/UMG/Editor/Transient.Button_2).  Import failed...
[2016.04.10-23.29.18:180][876]LogProperty:Warning: ObjectProperty /Script/UMG.Widget:Slot: unresolved reference to 'VerticalBoxSlot'VerticalBox_2.VerticalBoxSlot_1''
[2016.04.10-23.29.18:180][876]LogUObjectHash:Warning: Ambiguous search, could be VerticalBox /Game/FirstPerson/Multiplayer/widgets/w_mainMenu.w_mainMenu:WidgetTree.VerticalBox_2 or VerticalBox /Game/FirstPerson/Multiplayer/widgets/w_mainMenu.w_mainMenu_C:WidgetTree_33.VerticalBox_2
[2016.04.10-23.29.18:180][876]LogUObjectHash:Warning: Ambiguous search, could be VerticalBox /Game/FirstPerson/Multiplayer/widgets/w_mainMenu.w_mainMenu:WidgetTree.VerticalBox_2 or VerticalBox /Engine/Transient.World_4:w_mainMenu_C_11.WidgetTree_34.VerticalBox_2
[2016.04.10-23.29.18:180][876]LogUObjectHash:Warning: Ambiguous search, could be VerticalBox /Game/FirstPerson/Multiplayer/widgets/w_mainMenu.w_mainMenu:WidgetTree.VerticalBox_2 or VerticalBox /Game/FirstPerson/Multiplayer/widgets/w_mainMenu.w_mainMenu_C:WidgetTree_35.VerticalBox_2
[2016.04.10-23.29.18:180][876]LogUObjectHash:Warning: Ambiguous search, could be VerticalBox /Game/FirstPerson/Multiplayer/widgets/w_mainMenu.w_mainMenu:WidgetTree.VerticalBox_2 or VerticalBox /Engine/Transient.World_4:w_mainMenu_C_12.WidgetTree_36.VerticalBox_2
[2016.04.10-23.29.18:180][876]LogUObjectHash:Warning: Ambiguous search, could be VerticalBox /Game/FirstPerson/Multiplayer/widgets/w_mainMenu.w_mainMenu:WidgetTree.VerticalBox_2 or VerticalBox /Game/FirstPerson/Multiplayer/widgets/w_mainMenu.w_mainMenu_C:WidgetTree_37.VerticalBox_2
[2016.04.10-23.29.18:180][876]LogUObjectHash:Warning: Ambiguous search, could be VerticalBox /Game/FirstPerson/Multiplayer/widgets/w_mainMenu.w_mainMenu:WidgetTree.VerticalBox_2 or VerticalBox /Engine/Transient.World_4:w_mainMenu_C_13.WidgetTree_38.VerticalBox_2
[2016.04.10-23.29.18:180][876]LogUObjectHash:Warning: Ambiguous search, could be VerticalBox /Game/FirstPerson/Multiplayer/widgets/w_mainMenu.w_mainMenu:WidgetTree.VerticalBox_2 or VerticalBox /Game/FirstPerson/Multiplayer/widgets/w_mainMenu.w_mainMenu_C:WidgetTree_39.VerticalBox_2
[2016.04.10-23.29.18:180][876]LogUObjectHash:Warning: Ambiguous search, could be VerticalBox /Game/FirstPerson/Multiplayer/widgets/w_mainMenu.w_mainMenu:WidgetTree.VerticalBox_2 or VerticalBox /Engine/Transient.World_4:w_mainMenu_C_14.WidgetTree_40.VerticalBox_2
[2016.04.10-23.29.18:180][876]LogUObjectHash:Warning: Ambiguous search, could be VerticalBox /Game/FirstPerson/Multiplayer/widgets/w_mainMenu.w_mainMenu:WidgetTree.VerticalBox_2 or VerticalBox /Game/FirstPerson/Multiplayer/widgets/w_mainMenu.w_mainMenu_C:WidgetTree_41.VerticalBox_2
[2016.04.10-23.29.18:180][876]LogUObjectHash:Warning: Ambiguous search, could be VerticalBox /Game/FirstPerson/Multiplayer/widgets/w_mainMenu.w_mainMenu:WidgetTree.VerticalBox_2 or VerticalBox /Engine/Transient.World_4:w_mainMenu_C_15.WidgetTree_42.VerticalBox_2
[2016.04.10-23.29.18:180][876]LogUObjectHash:Warning: Ambiguous search, could be VerticalBox /Game/FirstPerson/Multiplayer/widgets/w_mainMenu.w_mainMenu:WidgetTree.VerticalBox_2 or VerticalBox /Game/FirstPerson/Multiplayer/widgets/w_mainMenu.w_mainMenu_C:WidgetTree_43.VerticalBox_2
[2016.04.10-23.29.18:180][876]LogUObjectHash:Warning: Ambiguous search, could be VerticalBox /Game/FirstPerson/Multiplayer/widgets/w_mainMenu.w_mainMenu:WidgetTree.VerticalBox_2 or VerticalBox /Engine/Transient.World_4:w_mainMenu_C_16.WidgetTree_44.VerticalBox_2
[2016.04.10-23.29.18:180][876]LogProperty:Warning: Illegal TEXT reference to a private object in external package (VerticalBoxSlot /Game/FirstPerson/Multiplayer/widgets/w_mainMenu.w_mainMenu:WidgetTree.VerticalBox_2.VerticalBoxSlot_2) from referencer (Spacer /Engine/UMG/Editor/Transient.Spacer_2).  Import failed...
[2016.04.10-23.29.18:180][876]LogProperty:Warning: ObjectProperty /Script/UMG.Widget:Slot: unresolved reference to 'VerticalBoxSlot'VerticalBox_2.VerticalBoxSlot_2''
[2016.04.10-23.44.26:812][743]LogEditorTransaction: Undo Create Pin Link
[2016.04.10-23.44.27:148][776]LogEditorTransaction: Undo Create Pin Link
[2016.04.10-23.44.27:848][848]LogEditorTransaction: Undo Change Bool Pin Value
[2016.04.10-23.44.28:514][925]LogEditorTransaction: Undo Create Pin Link
[2016.04.10-23.44.29:047][989]LogEditorTransaction: Undo Create Pin Link
[2016.04.10-23.44.29:381][ 29]LogEditorTransaction: Undo Add Out Parameter
[2016.04.10-23.44.29:622][ 54]LogEditorTransaction: Undo Delete current selection
[2016.04.10-23.44.30:807][193]LogEditorTransaction: Redo Delete current selection
[2016.04.10-23.45.23:577][880]LogSavePackage: Save=108.393654ms
[2016.04.10-23.45.23:577][880]LogSavePackage: Moving '../../../../../../Users/Logical/Documents/Github/wizards/Saved/GameInstace_MP_Stream68C80810453CD584EDFD4590095734C3.tmp' to '../../../../../../Users/Logical/Documents/Github/wizards/Content/FirstPerson/Multiplayer/Blueprints/GameInstace_MP_Stream.uasset'
[2016.04.10-23.45.23:580][880]LogSavePackage: Total save time: 116.153788ms
[2016.04.10-23.45.23:580][880]LogSavePackage:Display: Finished SavePackage ../../../../../../Users/Logical/Documents/Github/wizards/Content/FirstPerson/Multiplayer/Blueprints/GameInstace_MP_Stream.uasset
[2016.04.10-23.45.23:645][880]LogSavePackage: Save=54.848366ms
[2016.04.10-23.45.23:645][880]LogSavePackage: Moving '../../../../../../Users/Logical/Documents/Github/wizards/Saved/w_mainMenuE6B89A05441CF5B0CD8657A08E76FD3D.tmp' to '../../../../../../Users/Logical/Documents/Github/wizards/Content/FirstPerson/Multiplayer/widgets/w_mainMenu.uasset'
[2016.04.10-23.45.23:647][880]LogSavePackage: Total save time: 57.136372ms
[2016.04.10-23.45.23:647][880]LogSavePackage:Display: Finished SavePackage ../../../../../../Users/Logical/Documents/Github/wizards/Content/FirstPerson/Multiplayer/widgets/w_mainMenu.uasset
[2016.04.10-23.45.25:785][136]BlueprintLog: Ne