[2016.03.16-01.39.22:297][  0]Log file open, 03/15/16 18:39:22
[2016.03.16-01.39.22:297][  0]LogInit:Display: Running engine for game: Wizards
[2016.03.16-01.39.22:297][  0]LogPlatformFile: Not using cached read wrapper
[2016.03.16-01.39.22:297][  0]LogInit:Display: RandInit(-1882948368) SRandInit(-1882948366).
[2016.03.16-01.39.22:297][  0]LogTaskGraph: Started task graph with 4 named threads and 7 total threads.
[2016.03.16-01.39.22:297][  0]LogStats: Stats thread started at 0.076075
[2016.03.16-01.39.22:297][  0]LogInit: Version: 4.10.4-2872498+++depot+UE4-Releases+4.10
[2016.03.16-01.39.22:297][  0]LogInit: API Version: 2758231
[2016.03.16-01.39.22:297][  0]LogInit: Compiled (64-bit): Feb 18 2016 15:47:04
[2016.03.16-01.39.22:297][  0]LogInit: Compiled with Visual C++: 19.00.23026.00
[2016.03.16-01.39.22:297][  0]LogInit: Build Configuration: Development
[2016.03.16-01.39.22:297][  0]LogInit: Branch Name: ++depot+UE4-Releases+4.10
[2016.03.16-01.39.22:297][  0]LogInit: Command line:  -game
[2016.03.16-01.39.22:297][  0]LogInit: Base directory: C:/Program Files (x86)/Epic Games/4.10/Engine/Binaries/Win64/
[2016.03.16-01.39.22:297][  0]LogInit: Rocket: 1
[2016.03.16-01.39.22:303][  0]LogInit: Using libcurl 7.41.0
[2016.03.16-01.39.22:303][  0]LogInit:  - built for x86_64-pc-win32
[2016.03.16-01.39.22:304][  0]LogInit:  - supports SSL with WinSSL
[2016.03.16-01.39.22:304][  0]LogInit:  - other features:
[2016.03.16-01.39.22:304][  0]LogInit:      CURL_VERSION_SSL
[2016.03.16-01.39.22:304][  0]LogInit:      CURL_VERSION_IPV6
[2016.03.16-01.39.22:304][  0]LogInit:      CURL_VERSION_ASYNCHDNS
[2016.03.16-01.39.22:304][  0]LogInit:      CURL_VERSION_LARGEFILE
[2016.03.16-01.39.22:304][  0]LogInit:      CURL_VERSION_IDN
[2016.03.16-01.39.22:304][  0]LogInit:  CurlRequestOptions (configurable via config and command line):
[2016.03.16-01.39.22:304][  0]LogInit:  - bVerifyPeer = true  - Libcurl will verify peer certificate
[2016.03.16-01.39.22:304][  0]LogInit:  - bUseHttpProxy = false  - Libcurl will NOT use HTTP proxy
[2016.03.16-01.39.22:304][  0]LogInit:  - bDontReuseConnections = false  - Libcurl will reuse connections
[2016.03.16-01.39.22:304][  0]LogInit:  - CertBundlePath = nullptr  - Libcurl will use whatever was configured at build time.
[2016.03.16-01.39.22:311][  0]LogInit: Presizing for 0 objects not considered by GC, pre-allocating 0 bytes.
[2016.03.16-01.39.22:319][  0]LogInit: Object subsystem initialized
[2016.03.16-01.39.22:323][  0]LogInit: Selected Device Profile: [Windows]
[2016.03.16-01.39.22:323][  0]LogInit: Applying CVar settings loaded from the selected device profile: [Windows]
[2016.03.16-01.39.22:331][  0]LogInit: Computer: ALPHA
[2016.03.16-01.39.22:331][  0]LogInit: User: Logical
[2016.03.16-01.39.22:331][  0]LogInit: CPU Page size=4096, Cores=4
[2016.03.16-01.39.22:331][  0]LogInit: High frequency timer resolution =4.233056 MHz
[2016.03.16-01.39.22:331][  0]LogMemory: Memory total: Physical=15.9GB (16GB approx)
[2016.03.16-01.39.22:331][  0]LogMemory: Platform Memory Stats for Windows
[2016.03.16-01.39.22:331][  0]LogMemory: Process Physical Memory: 57.07 MB used, 57.07 MB peak
[2016.03.16-01.39.22:331][  0]LogMemory: Process Virtual Memory: 56.76 MB used, 56.76 MB peak
[2016.03.16-01.39.22:331][  0]LogMemory: Physical Memory: 4160.11 MB used, 16282.42 MB total
[2016.03.16-01.39.22:331][  0]LogMemory: Virtual Memory: 352.21 MB used, 8388608.00 MB total
[2016.03.16-01.39.22:369][  0]LogTextLocalizationManager: No specific translations for ('en-US') exist, so ('en') translations will be used.
[2016.03.16-01.39.22:875][  0]LogD3D11RHI: Found D3D11 adapter 0: NVIDIA GeForce GTX 960 (Feature Level 11_0)
[2016.03.16-01.39.22:875][  0]LogD3D11RHI: Adapter has 4011MB of dedicated video memory, 0MB of dedicated system memory, and 7885MB of shared system memory, 1 output[s]
[2016.03.16-01.39.22:875][  0]LogD3D11RHI: Chosen D3D11 Adapter Id = 0
[2016.03.16-01.39.22:881][  0]LogD3D11RHI: !Direct3DDevice
[2016.03.16-01.39.22:881][  0]LogRHI: Texture pool is 1361 MB (70% of 1945 MB)
[2016.03.16-01.39.22:892][  0]LogD3D11RHI: Async texture creation enabled
[2016.03.16-01.39.22:906][  0]LogShaderCompilers: Guid format shader working directory is -8 characters bigger than the processId version (../../../../../../Users/Logical/Documents/Github/wizards/Intermediate/Shaders/WorkingDirectory/5816/).
[2016.03.16-01.39.22:906][  0]LogShaderCompilers: Cleaned the shader compiler working directory 'C:/Users/Logical/AppData/Local/Temp/UnrealShaderWorkingDir/8E3C71504258BA733C4E3A8C543CBB82/'.
[2016.03.16-01.39.22:906][  0]LogShaderCompilers:Display: Using Local Shader Compiler.
[2016.03.16-01.39.23:790][  0]LogTemp:Display: Loaded TP AllDesktopTargetPlatform
[2016.03.16-01.39.23:795][  0]LogTemp:Display: Loaded TP WindowsClientTargetPlatform
[2016.03.16-01.39.23:800][  0]LogTemp:Display: Loaded TP WindowsNoEditorTargetPlatform
[2016.03.16-01.39.23:805][  0]LogTemp:Display: Loaded TP WindowsServerTargetPlatform
[2016.03.16-01.39.23:810][  0]LogTemp:Display: Loaded TP WindowsTargetPlatform
[2016.03.16-01.39.23:813][  0]LogTemp:Display: Loaded TP AndroidTargetPlatform
[2016.03.16-01.39.23:816][  0]LogTemp:Display: Loaded TP Android_ASTCTargetPlatform
[2016.03.16-01.39.23:820][  0]LogTemp:Display: Loaded TP Android_ATCTargetPlatform
[2016.03.16-01.39.23:823][  0]LogTemp:Display: Loaded TP Android_DXTTargetPlatform
[2016.03.16-01.39.23:827][  0]LogTemp:Display: Loaded TP Android_ETC1TargetPlatform
[2016.03.16-01.39.23:830][  0]LogTemp:Display: Loaded TP Android_ETC2TargetPlatform
[2016.03.16-01.39.23:838][  0]LogTemp:Display: Loaded TP Android_MultiTargetPlatform
[2016.03.16-01.39.23:838][  0]LogTemp:Display: Loaded TP Android_PVRTCTargetPlatform
[2016.03.16-01.39.23:838][  0]LogTemp:Display: Loaded TP HTML5TargetPlatform
[2016.03.16-01.39.23:855][  0]LogTemp:Display: Loaded TP IOSTargetPlatform
[2016.03.16-01.39.23:858][  0]LogTemp:Display: Loaded TP LinuxNoEditorTargetPlatform
[2016.03.16-01.39.23:861][  0]LogTemp:Display: Loaded TP LinuxServerTargetPlatform
[2016.03.16-01.39.23:865][  0]LogTemp:Display: Loaded TP LinuxTargetPlatform
[2016.03.16-01.39.23:865][  0]LogTargetPlatformManager:Display: Building Assets For Windows
[2016.03.16-01.39.23:948][  0]LogDerivedDataCache:Display: Max Cache Size: 512 MB
[2016.03.16-01.39.24:034][  0]LogDerivedDataCache: Loaded boot cache 0.09s 41MB C:/Users/Logical/AppData/Local/UnrealEngine/4.10/DerivedDataCache/Boot.ddc.
[2016.03.16-01.39.24:034][  0]LogDerivedDataCache:Display: Loaded Boot cache: C:/Users/Logical/AppData/Local/UnrealEngine/4.10/DerivedDataCache/Boot.ddc
[2016.03.16-01.39.24:034][  0]LogDerivedDataCache: FDerivedDataBackendGraph:  Pak pak cache file ../../../../../../Users/Logical/Documents/Github/wizards/DerivedDataCache/DDC.ddp not found, will not use a pak cache.
[2016.03.16-01.39.24:034][  0]LogDerivedDataCache: Unable to find inner node Pak for hierarchical cache Hierarchy.
[2016.03.16-01.39.24:034][  0]LogDerivedDataCache: FDerivedDataBackendGraph:  CompressedPak pak cache file ../../../../../../Users/Logical/Documents/Github/wizards/DerivedDataCache/Compressed.ddp not found, will not use a pak cache.
[2016.03.16-01.39.24:034][  0]LogDerivedDataCache: Unable to find inner node CompressedPak for hierarchical cache Hierarchy.
[2016.03.16-01.39.24:096][  0]LogDerivedDataCache:Display: Pak cache opened for reading ../../../Engine/DerivedDataCache/Compressed.ddp.
[2016.03.16-01.39.24:108][  0]LogDerivedDataCache: Using Local data cache path C:/Users/Logical/AppData/Local/UnrealEngine/Common/DerivedDataCache: Writable
[2016.03.16-01.39.24:324][  0]LogInit: Selected Device Profile: [Windows]
[2016.03.16-01.39.24:325][  0]LogContentStreaming: Texture pool size is 1000.000000MB
[2016.03.16-01.39.24:341][  0]LogMeshUtilities: No automatic mesh reduction module available
[2016.03.16-01.39.24:341][  0]LogMeshUtilities: No automatic mesh merging module available
[2016.03.16-01.39.24:690][  0]LogInit: WinSock: version 1.1 (2.2), MaxSocks=32767, MaxUdp=65467
[2016.03.16-01.39.24:889][  0]LogWindowsMoviePlayer: Unable to load movie: ../../../../../../Users/Logical/Documents/Github/wizards/Content/Movies/Default_Startup.mp4
[2016.03.16-01.39.25:201][  0]LogTexture:Display: Building textures: T_ML_Rubber_Blue_01_N (BC5)
[2016.03.16-01.39.25:253][  0]LogTexture:Display: Building textures: T_ML_Rubber_Blue_01_D (AutoDXT)
[2016.03.16-01.39.25:497][  0]LogTexture:Display: Building textures: T_ML_Aluminum01_N (BC5)
[2016.03.16-01.39.25:544][  0]LogTexture:Display: Building textures: T_ML_Aluminum01 (AutoDXT)
[2016.03.16-01.39.25:747][  0]LogTexture:Display: Building textures: UE4_Mannequin_occlusion_Mobile (AutoDXT)
[2016.03.16-01.39.25:920][  0]LogMaterial: Missing cached shader map for material M_UE4Man_Body, compiling. 
[2016.03.16-01.39.25:997][  0]SourceControl: Info Source control is disabled
[2016.03.16-01.39.25:997][  0]SourceControl: Info Source control is disabled
[2016.03.16-01.39.26:008][  0]SourceControl: Info Source control is disabled
[2016.03.16-01.39.26:258][  0]LogObj: 31648 objects as part of root set at end of initial load.
[2016.03.16-01.39.26:258][  0]LogUObjectAllocator: 7152472 out of 0 bytes used by permanent object pool.
[2016.03.16-01.39.26:340][  0]LogEngine: Initializing Engine...
[2016.03.16-01.39.26:343][  0]LogHMD: Can't find Oculus library dev build: is proper Runtime installed? Version: 0.8.0.0
[2016.03.16-01.39.26:344][  0]LogHMD: SteamVR failed to initialize.  Err: 110
[2016.03.16-01.39.26:516][  0]LogInit: XAudio2 using 'Speakers (Logitech G930 Headset)' : 2 channels at 44.1 kHz using 16 bits per sample (channel mask 0x3)
[2016.03.16-01.39.26:527][  0]LogInit: FAudioDevice initialized.
[2016.03.16-01.39.26:579][  0]LogDerivedDataCache: Saved boot cache 0.05s 44MB C:/Users/Logical/AppData/Local/UnrealEngine/4.10/DerivedDataCache/Boot.ddc.
[2016.03.16-01.39.26:593][  0]LogInit: Texture streaming: Enabled
[2016.03.16-01.39.26:692][  0]LogNet: Browse: /Game/FirstPerson/Maps/main_menu?Name=Player
[2016.03.16-01.39.26:692][  0]LogLoad: LoadMap: /Game/FirstPerson/Maps/main_menu?Name=Player
[2016.03.16-01.39.26:715][  0]LogParticles: Destroying 0 GPU particle simulations for FXSystem 0x000000001E240F40
[2016.03.16-01.39.26:733][  0]LogMemory: Platform Memory Stats for Windows
[2016.03.16-01.39.26:733][  0]LogMemory: Process Physical Memory: 418.25 MB used, 418.25 MB peak
[2016.03.16-01.39.26:733][  0]LogMemory: Process Virtual Memory: 494.16 MB used, 494.16 MB peak
[2016.03.16-01.39.26:734][  0]LogMemory: Physical Memory: 4689.41 MB used, 16282.42 MB total
[2016.03.16-01.39.26:734][  0]LogMemory: Virtual Memory: 1002.18 MB used, 8388608.00 MB total
[2016.03.16-01.39.26:734][  0]LogMemory: 
[2016.03.16-01.39.26:734][  0]Allocator Stats for TBB: (not implemented)
[2016.03.16-01.39.26:734][  0]LogLinker:Warning: Asset '../../../../../../Users/Logical/Documents/Github/wizards/Content/FirstPerson/Maps/main_menu.umap' has been saved with empty engine version. The asset will be loaded but may be incompatible.
[2016.03.16-01.39.26:821][  0]LogAIModule: Creating AISystem for world main_menu
[2016.03.16-01.39.26:822][  0]LogWorld: Game class is 'WizardsGameMode'
[2016.03.16-01.39.26:826][  0]LogWorld: Bringing World /Game/FirstPerson/Maps/main_menu.main_menu up for play (max tick rate 0) at 2016.03.15-18.39.26
[2016.03.16-01.39.26:826][  0]LogWorld: Bringing up level for play took: 0.000720
[2016.03.16-01.39.26:832][  0]LogGameMode: Warning - PATHS NOT DEFINED or NO PLAYERSTART with positive rating
[2016.03.16-01.39.26:856][  0]LogInit:Display: Game Engine Initialized.
[2016.03.16-01.39.27:078][  0]LogLoad: Full Startup: 5.62 seconds (BP compile: 0.07 seconds)
[2016.03.16-01.39.27:099][  0]LogOcInput: Can't find Oculus library dev build: is proper Runtime installed? Version: 0.8.0.0
[2016.03.16-01.39.27:221][  2]LogRenderer: Reallocating scene render targets to support 1400x876 (Frame:2).
[2016.03.16-01.39.50:006][393]LogPackageName: SearchForPackageOnDisk took   0.072s to resolve FirstPersonExampleMap.umap.
[2016.03.16-01.39.50:068][393]LogPackageName: SearchForPackageOnDisk took   0.061s to resolve FirstPersonExampleMap.umap.
[2016.03.16-01.39.50:068][393]LogNet: Browse: /Game/FirstPerson/Maps/FirstPersonExampleMap
[2016.03.16-01.39.50:068][393]LogLoad: LoadMap: /Game/FirstPerson/Maps/FirstPersonExampleMap
[2016.03.16-01.39.50:087][393]LogParticles: Destroying 0 GPU particle simulations for FXSystem 0x000000001E0609A0
[2016.03.16-01.39.50:104][393]LogMemory: Platform Memory Stats for Windows
[2016.03.16-01.39.50:104][393]LogMemory: Process Physical Memory: 458.12 MB used, 460.11 MB peak
[2016.03.16-01.39.50:104][393]LogMemory: Process Virtual Memory: 731.68 MB used, 732.54 MB peak
[2016.03.16-01.39.50:104][393]LogMemory: Physical Memory: 4649.20 MB used, 16282.42 MB total
[2016.03.16-01.39.50:104][393]LogMemory: Virtual Memory: 1251.55 MB used, 8388608.00 MB total
[2016.03.16-01.39.50:104][393]LogMemory: 
[2016.03.16-01.39.50:104][393]Allocator Stats for TBB: (not implemented)
[2016.03.16-01.39.50:281][393]LogTexture:Display: Building textures: HQ_Lightmap0_1 (AutoDXT)
[2016.03.16-01.39.50:369][393]LogTexture:Display: Building textures: HQ_Lightmap0_10 (AutoDXT)
[2016.03.16-01.39.50:384][393]LogTexture:Display: Building textures: HQ_Lightmap0_2 (AutoDXT)
[2016.03.16-01.39.50:677][393]LogTexture:Display: Building textures: HQ_Lightmap0_3 (AutoDXT)
[2016.03.16-01.39.51:139][393]LogTexture:Display: Building textures: HQ_Lightmap0_7 (AutoDXT)
[2016.03.16-01.39.51:391][393]LogTexture:Display: Building textures: HQ_Lightmap0_9 (AutoDXT)
[2016.03.16-01.39.51:424][393]LogTexture:Display: Building textures: HQ_Lightmap1_11 (AutoDXT)
[2016.03.16-01.39.51:425][393]LogTexture:Display: Building textures: HQ_Lightmap1_12 (AutoDXT)
[2016.03.16-01.39.51:425][393]LogTexture:Display: Building textures: HQ_Lightmap1_13 (AutoDXT)
[2016.03.16-01.39.51:438][393]LogTexture:Display: Building textures: HQ_Lightmap1_4 (AutoDXT)
[2016.03.16-01.39.51:694][393]LogTexture:Display: Building textures: HQ_Lightmap1_5 (AutoDXT)
[2016.03.16-01.39.51:906][393]LogTexture:Display: Building textures: HQ_Lightmap1_6 (AutoDXT)
[2016.03.16-01.39.52:114][393]LogTexture:Display: Building textures: HQ_Lightmap1_8 (AutoDXT)
[2016.03.16-01.39.52:304][393]LogTexture:Display: Building textures: LQ_Lightmap_0_1 (DXT1)
[2016.03.16-01.39.52:367][393]LogTexture:Display: Building textures: LQ_Lightmap_0_10 (DXT1)
[2016.03.16-01.39.52:384][393]LogTexture:Display: Building textures: LQ_Lightmap_0_2 (DXT1)
[2016.03.16-01.39.52:510][393]LogTexture:Display: Building textures: LQ_Lightmap_0_3 (DXT1)
[2016.03.16-01.39.52:726][393]LogTexture:Display: Building textures: LQ_Lightmap_0_7 (DXT1)
[2016.03.16-01.39.52:813][393]LogTexture:Display: Building textures: LQ_Lightmap_0_9 (DXT1)
[2016.03.16-01.39.52:820][393]LogTexture:Display: Building textures: LQ_Lightmap_1_11 (DXT1)
[2016.03.16-01.39.52:825][393]LogTexture:Display: Building textures: LQ_Lightmap_1_12 (DXT1)
[2016.03.16-01.39.52:829][393]LogTexture:Display: Building textures: LQ_Lightmap_1_13 (DXT1)
[2016.03.16-01.39.52:845][393]LogTexture:Display: Building textures: LQ_Lightmap_1_4 (DXT1)
[2016.03.16-01.39.52:940][393]LogTexture:Display: Building textures: LQ_Lightmap_1_5 (DXT1)
[2016.03.16-01.39.53:022][393]LogTexture:Display: Building textures: LQ_Lightmap_1_6 (DXT1)
[2016.03.16-01.39.53:106][393]LogTexture:Display: Building textures: LQ_Lightmap_1_8 (DXT1)
[2016.03.16-01.39.53:185][393]LogTexture:Display: Building textures: SkyOcclusion0_1 (AutoDXT)
[2016.03.16-01.39.53:254][393]LogTexture:Display: Building textures: SkyOcclusion0_10 (AutoDXT)
[2016.03.16-01.39.53:264][393]LogTexture:Display: Building textures: SkyOcclusion0_2 (AutoDXT)
[2016.03.16-01.39.53:400][393]LogTexture:Display: Building textures: SkyOcclusion0_3 (AutoDXT)
[2016.03.16-01.39.53:623][393]LogTexture:Display: Building textures: SkyOcclusion0_7 (AutoDXT)
[2016.03.16-01.39.53:750][393]LogTexture:Display: Building textures: SkyOcclusion0_8 (AutoDXT)
[2016.03.16-01.39.53:842][393]LogTexture:Display: Building textures: SkyOcclusion0_9 (AutoDXT)
[2016.03.16-01.39.53:862][393]LogTexture:Display: Building textures: SkyOcclusion1_11 (AutoDXT)
[2016.03.16-01.39.53:865][393]LogTexture:Display: Building textures: SkyOcclusion1_12 (AutoDXT)
[2016.03.16-01.39.53:868][393]LogTexture:Display: Building textures: SkyOcclusion1_13 (AutoDXT)
[2016.03.16-01.39.53:876][393]LogTexture:Display: Building textures: SkyOcclusion1_4 (AutoDXT)
[2016.03.16-01.39.53:995][393]LogTexture:Display: Building textures: SkyOcclusion1_5 (AutoDXT)
[2016.03.16-01.39.54:103][393]LogTexture:Display: Building textures: SkyOcclusion1_6 (AutoDXT)
[2016.03.16-01.39.54:207][393]LogTexture:Display: Building textures: ShadowMapTexture2D_31 (G8)
[2016.03.16-01.39.54:327][393]LogTexture:Display: Building textures: ShadowMapTexture2D_32 (G8)
[2016.03.16-01.39.54:440][393]LogTexture:Display: Building textures: ShadowMapTexture2D_33 (G8)
[2016.03.16-01.39.54:466][393]LogTexture:Display: Building textures: ShadowMapTexture2D_34 (G8)
[2016.03.16-01.39.54:494][393]LogTexture:Display: Building textures: ShadowMapTexture2D_35 (G8)
[2016.03.16-01.39.54:519][393]LogTexture:Display: Building textures: ShadowMapTexture2D_36 (G8)
[2016.03.16-01.39.54:519][393]LogTexture:Display: Building textures: ShadowMapTexture2D_37 (G8)
[2016.03.16-01.39.54:519][393]LogTexture:Display: Building textures: ShadowMapTexture2D_38 (G8)
[2016.03.16-01.39.54:520][393]LogTexture:Display: Building textures: ShadowMapTexture2D_39 (G8)
[2016.03.16-01.39.54:578][393]LogAIModule: Creating AISystem for world FirstPersonExampleMap
[2016.03.16-01.39.54:578][393]LogWorld: Game class is 'WizardsGameMode'
[2016.03.16-01.39.54:588][393]LogWorld: Bringing World /Game/FirstPerson/Maps/FirstPersonExampleMap.FirstPersonExampleMap up for play (max tick rate 0) at 2016.03.15-18.39.54
[2016.03.16-01.39.54:588][393]LogWorld: Bringing up level for play took: 0.009054
[2016.03.16-01.40.33:517][792]LogEngine: All Windows Closed
[2016.03.16-01.40.33:517][792]LogWindows: FPlatformMisc::RequestExit(0)
[2016.03.16-01.40.34:417][793]LogExit: Preparing to exit.
[2016.03.16-01.40.34:547][793]LogExit: Game engine shut down
[2016.03.16-01.40.34:549][793]LogParticles: Destroying 0 GPU particle simulations for FXSystem 0x000000001FB8A160
[2016.03.16-01.40.34:737][793]LogExit: Object subsystem successfully closed.
[2016.03.16-01.40.34:750][793]LogD3D11RHI: Shutdown
[2016.03.16-01.40.34:750][793]LogD3D11RHI: CleanupD3DDevice
[2016.03.16-01.40.34:810][793]LogD3D11RHI: ~FD3D11DynamicRHI
[2016.03.16-01.40.34:819][793]LogModuleManager: Shutting down and abandoning module AndroidDeviceDetection (118)
[2016.03.16-01.40.35:101][793]LogModuleManager: Shutting down and abandoning module AutomationController (117)
[2016.03.16-01.40.35:101][793]LogModuleManager: Shutting down and abandoning module AutomationWorker (116)
[2016.03.16-01.40.35:101][793]LogModuleManager: Shutting down and abandoning module CharacterAI (115)
[2016.03.16-01.40.35:101][793]LogModuleManager: Shutting down and abandoning module AITestSuite (114)
[2016.03.16-01.40.35:101][793]LogModuleManager: Shutting down and abandoning module GameplayDebugger (113)
[2016.03.16-01.40.35:101][793]LogModuleManager: Shutting down and abandoning module AIModule (112)
[2016.03.16-01.40.35:101][793]LogModuleManager: Shutting down and abandoning module MovieSceneCapture (111)
[2016.03.16-01.40.35:101][793]LogModuleManager: Shutting down and abandoning module GameLiveStreaming (110)
[2016.03.16-01.40.35:101][793]LogModuleManager: Shutting down and abandoning module StreamingPauseRendering (109)
[2016.03.16-01.40.35:101][793]LogModuleManager: Shutting down and abandoning module ProfilerService (108)
[2016.03.16-01.40.35:290][793]LogModuleManager: Shutting down and abandoning module TaskGraph (107)
[2016.03.16-01.40.35:290][793]LogModuleManager: Shutting down and abandoning module SlateRemote (106)
[2016.03.16-01.40.35:290][793]LogModuleManager: Shutting down and abandoning module SteamVRController (105)
[2016.03.16-01.40.35:290][793]LogModuleManager: Shutting down and abandoning module SteamVR (104)
[2016.03.16-01.40.35:290][793]LogModuleManager: Shutting down and abandoning module ProceduralMeshComponent (103)
[2016.03.16-01.40.35:290][793]LogModuleManager: Shutting down and abandoning module OculusLibrary (102)
[2016.03.16-01.40.35:290][793]LogModuleManager: Shutting down and abandoning module OculusInput (101)
[2016.03.16-01.40.35:290][793]LogModuleManager: Shutting down and abandoning module LeapMotionController (100)
[2016.03.16-01.40.35:304][793]LogModuleManager: Shutting down and abandoning module CustomMeshComponent (99)
[2016.03.16-01.40.35:304][793]LogModuleManager: Shutting down and abandoning module CableComponent (98)
[2016.03.16-01.40.35:304][793]LogModuleManager: Shutting down and abandoning module ArchVisCharacter (97)
[2016.03.16-01.40.35:304][793]LogModuleManager: Shutting down and abandoning module HTML5Networking (96)
[2016.03.16-01.40.35:304][793]LogModuleManager: Shutting down and abandoning module DesktopPlatform (95)
[2016.03.16-01.40.35:304][793]LogModuleManager: Shutting down and abandoning module DirectoryWatcher (94)
[2016.03.16-01.40.35:304][793]LogModuleManager: Shutting down and abandoning module HotReload (93)
[2016.03.16-01.40.35:304][793]LogModuleManager: Shutting down and abandoning module VisualStudioSourceCodeAccess (92)
[2016.03.16-01.40.35:304][793]LogModuleManager: Shutting down and abandoning module UObjectPlugin (91)
[2016.03.16-01.40.35:304][793]LogModuleManager: Shutting down and abandoning module SubversionSourceControl (90)
[2016.03.16-01.40.35:304][793]LogModuleManager: Shutting down and abandoning module SourceControl (89)
[2016.03.16-01.40.35:304][793]LogModuleManager: Shutting down and abandoning module PerforceSourceControl (88)
[2016.03.16-01.40.35:304][793]LogModuleManager: Shutting down and abandoning module Wizards (87)
[2016.03.16-01.40.35:304][793]LogModuleManager: Shutting down and abandoning module UdpMessaging (86)
[2016.03.16-01.40.35:304][793]LogModuleManager: Shutting down and abandoning module LightPropagationVolumeRuntime (85)
[2016.03.16-01.40.35:304][793]LogModuleManager: Shutting down and abandoning module Paper2D (84)
[2016.03.16-01.40.35:304][793]LogModuleManager: Shutting down and abandoning module WindowsMoviePlayer (83)
[2016.03.16-01.40.35:308][793]LogModuleManager: Shutting down and abandoning module Media (82)
[2016.03.16-01.40.35:308][793]LogModuleManager: Shutting down and abandoning module WmfMedia (81)
[2016.03.16-01.40.35:308][793]LogModuleManager: Shutting down and abandoning module OnlineBlueprintSupport (80)
[2016.03.16-01.40.35:308][793]LogModuleManager: Shutting down and abandoning module GameplayTasksEditor (79)
[2016.03.16-01.40.35:308][793]LogModuleManager: Shutting down and abandoning module PropertyEditor (78)
[2016.03.16-01.40.35:308][793]LogModuleManager: Shutting down and abandoning module BehaviorTreeEditor (77)
[2016.03.16-01.40.35:308][793]LogModuleManager: Shutting down and abandoning module FunctionalTesting (76)
[2016.03.16-01.40.35:308][793]LogModuleManager: Shutting down and abandoning module CollisionAnalyzer (75)
[2016.03.16-01.40.35:308][793]LogModuleManager: Shutting down and abandoning module WorkspaceMenuStructure (74)
[2016.03.16-01.40.35:308][793]LogModuleManager: Shutting down and abandoning module MessageLog (73)
[2016.03.16-01.40.35:308][793]LogModuleManager: Shutting down and abandoning module Sequencer (72)
[2016.03.16-01.40.35:309][793]LogModuleManager: Shutting down and abandoning module AssetTools (71)
[2016.03.16-01.40.35:309][793]LogModuleManager: Shutting down and abandoning module UMGEditor (70)
[2016.03.16-01.40.35:309][793]LogModuleManager: Shutting down and abandoning module UMG (69)
[2016.03.16-01.40.35:309][793]LogModuleManager: Shutting down and abandoning module Slate (68)
[2016.03.16-01.40.35:309][793]LogModuleManager: Shutting down and abandoning module EditorStyle (67)
[2016.03.16-01.40.35:310][793]LogModuleManager: Shutting down and abandoning module SessionServices (66)
[2016.03.16-01.40.35:310][793]LogModuleManager: Shutting down and abandoning module SourceCodeAccess (65)
[2016.03.16-01.40.35:310][793]LogModuleManager: Shutting down and abandoning module HeadMountedDisplay (64)
[2016.03.16-01.40.35:310][793]LogModuleManager: Shutting down and abandoning module XAudio2 (63)
[2016.03.16-01.40.35:310][793]LogModuleManager: Shutting down and abandoning module Networking (61)
[2016.03.16-01.40.35:310][793]LogModuleManager: Shutting down and abandoning module Core (60)
[2016.03.16-01.40.35:310][793]LogModuleManager: Shutting down and abandoning module KismetCompiler (59)
[2016.03.16-01.40.35:310][793]LogModuleManager: Shutting down and abandoning module PhysXFormats (58)
[2016.03.16-01.40.35:310][793]LogModuleManager: Shutting down and abandoning module MeshUtilities (57)
[2016.03.16-01.40.35:310][793]LogModuleManager: Shutting down and abandoning module DerivedDataCache (56)
[2016.03.16-01.40.35:604][793]LogDerivedDataCache: Shutdown
[2016.03.16-01.40.35:604][793]LogModuleManager: Shutting down and abandoning module ShaderFormatOpenGL (55)
[2016.03.16-01.40.35:604][793]LogModuleManager: Shutting down and abandoning module ShaderFormatD3D (54)
[2016.03.16-01.40.35:604][793]LogModuleManager: Shutting down and abandoning module MetalShaderFormat (53)
[2016.03.16-01.40.35:604][793]LogModuleManager: Shutting down and abandoning module TextureFormatUncompressed (52)
[2016.03.16-01.40.35:604][793]LogModuleManager: Shutting down and abandoning module TextureFormatPVR (51)
[2016.03.16-01.40.35:604][793]LogModuleManager: Shutting down and abandoning module TextureFormatIntelISPCTexComp (50)
[2016.03.16-01.40.35:604][793]LogModuleManager: Shutting down and abandoning module TextureFormatDXT (49)
[2016.03.16-01.40.35:604][793]LogModuleManager: Shutting down and abandoning module ImageWrapper (48)
[2016.03.16-01.40.35:604][793]LogModuleManager: Shutting down and abandoning module TextureFormatASTC (47)
[2016.03.16-01.40.35:604][793]LogModuleManager: Shutting down and abandoning module TextureFormatAndroid (46)
[2016.03.16-01.40.35:604][793]LogModuleManager: Shutting down and abandoning module AudioFormatOpus (45)
[2016.03.16-01.40.35:604][793]LogModuleManager: Shutting down and abandoning module AudioFormatOgg (44)
[2016.03.16-01.40.35:604][793]LogModuleManager: Shutting down and abandoning module AudioFormatADPCM (43)
[2016.03.16-01.40.35:604][793]LogModuleManager: Shutting down and abandoning module LinuxTargetPlatform (42)
[2016.03.16-01.40.35:604][793]LogModuleManager: Shutting down and abandoning module LinuxServerTargetPlatform (41)
[2016.03.16-01.40.35:604][793]LogModuleManager: Shutting down and abandoning module LinuxNoEditorTargetPlatform (40)
[2016.03.16-01.40.35:604][793]LogModuleManager: Shutting down and abandoning module Messaging (39)
[2016.03.16-01.40.35:604][793]LogModuleManager: Shutting down and abandoning module IOSTargetPlatform (38)
[2016.03.16-01.40.35:604][793]LogModuleManager: Shutting down and abandoning module HTML5TargetPlatform (37)
[2016.03.16-01.40.35:604][793]LogModuleManager: Shutting down and abandoning module Android_PVRTCTargetPlatform (36)
[2016.03.16-01.40.35:604][793]LogModuleManager: Shutting down and abandoning module Android_MultiTargetPlatform (35)
[2016.03.16-01.40.35:604][793]LogModuleManager: Shutting down and abandoning module Android_ETC2TargetPlatform (34)
[2016.03.16-01.40.35:604][793]LogModuleManager: Shutting down and abandoning module Android_ETC1TargetPlatform (33)
[2016.03.16-01.40.35:604][793]LogModuleManager: Shutting down and abandoning module Android_DXTTargetPlatform (32)
[2016.03.16-01.40.35:604][793]LogModuleManager: Shutting down and abandoning module Android_ATCTargetPlatform (31)
[2016.03.16-01.40.35:604][793]LogModuleManager: Shutting down and abandoning module Android_ASTCTargetPlatform (30)
[2016.03.16-01.40.35:604][793]LogModuleManager: Shutting down and abandoning module AndroidTargetPlatform (29)
[2016.03.16-01.40.35:604][793]LogModuleManager: Shutting down and abandoning module WindowsTargetPlatform (28)
[2016.03.16-01.40.35:604][793]LogModuleManager: Shutting down and abandoning module WindowsServerTargetPlatform (27)
[2016.03.16-01.40.35:604][793]LogModuleManager: Shutting down and abandoning module WindowsNoEditorTargetPlatform (26)
[2016.03.16-01.40.35:604][793]LogModuleManager: Shutting down and abandoning module WindowsClientTargetPlatform (25)
[2016.03.16-01.40.35:604][793]LogModuleManager: Shutting down and abandoning module AllDesktopTargetPlatform (24)
[2016.03.16-01.40.35:604][793]LogModuleManager: Shutting down and abandoning module TargetPlatform (23)
[2016.03.16-01.40.35:604][793]LogModuleManager: Shutting down and abandoning module InputCore (22)
[2016.03.16-01.40.35:604][793]LogModuleManager: Shutting down and abandoning module Settings (21)
[2016.03.16-01.40.35:604][793]LogModuleManager: Shutting down and abandoning module OnlineSubsystem (19)
[2016.03.16-01.40.35:604][793]LogModuleManager: Shutting down and abandoning module HTTP (18)
[2016.03.16-01.40.35:605][793]LogModuleManager: Shutting down and abandoning module XMPP (17)
[2016.03.16-01.40.35:605][793]LogModuleManager: Shutting down and abandoning module OculusRift (16)
[2016.03.16-01.40.35:605][793]LogModuleManager: Shutting down and abandoning module ExampleDeviceProfileSelector (15)
[2016.03.16-01.40.35:605][793]LogModuleManager: Shutting down and abandoning module TextureCompressor (14)
[2016.03.16-01.40.35:605][793]LogModuleManager: Shutting down and abandoning module ShaderCore (13)
[2016.03.16-01.40.35:605][793]LogModuleManager: Shutting down and abandoning module Landscape (12)
[2016.03.16-01.40.35:605][793]LogModuleManager: Shutting down and abandoning module SlateRHIRenderer (11)
[2016.03.16-01.40.35:605][793]LogModuleManager: Shutting down and abandoning module OpenGLDrv (10)
[2016.03.16-01.40.35:605][793]LogModuleManager: Shutting down and abandoning module D3D11RHI (9)
[2016.03.16-01.40.35:605][793]LogModuleManager: Shutting down and abandoning module AnimGraphRuntime (8)
[2016.03.16-01.40.35:605][793]LogModuleManager: Shutting down and abandoning module Renderer (7)
[2016.03.16-01.40.35:605][793]LogModuleManager: Shutting down and abandoning module Engine (6)
[2016.03.16-01.40.35:605][793]LogModuleManager: Shutting down and abandoning module CoreUObject (5)
[2016.03.16-01.40.35:605][793]LogModuleManager: Shutting down and abandoning module NetworkFile (4)
[2016.03.16-01.40.35:605][793]LogModuleManager: Shutting down and abandoning module StreamingFile (3)
[2016.03.16-01.40.35:605][793]LogModuleManager: Shutting down and abandoning module SandboxFile (2)
[2016.03.16-01.40.35:605][793]LogModuleManager: Shutting down and abandoning module PakFile (1)
[2016.03.16-01.40.35:606][793]LogExit: Exiting.
[2016.03.16-01.40.35:614][793]Log file closed, 03/15/16 18:40:35
